[qq-system-service] 2023-04-23 11:00:07,082 DEBUG [HikariPool-1 housekeeper][HikariPool.java:421] - HikariPool-1 - Pool stats (total=10, active=0, idle=10, waiting=0)
[qq-system-service] 2023-04-23 11:00:07,082 DEBUG [HikariPool-1 housekeeper][HikariPool.java:517] - HikariPool-1 - Fill pool skipped, pool is at sufficient level.
[qq-system-service] 2023-04-23 11:00:23,958 DEBUG [HikariPool-1 connection closer][PoolBase.java:134] - HikariPool-1 - Closing connection com.mysql.jdbc.JDBC4Connection@4eada994: (connection has passed maxLifetime)
[qq-system-service] 2023-04-23 11:00:24,872 DEBUG [HikariPool-1 connection adder][HikariPool.java:728] - HikariPool-1 - Added connection com.mysql.jdbc.JDBC4Connection@6422ed14
[qq-system-service] 2023-04-23 11:00:37,093 DEBUG [HikariPool-1 housekeeper][HikariPool.java:421] - HikariPool-1 - Pool stats (total=10, active=0, idle=10, waiting=0)
[qq-system-service] 2023-04-23 11:00:37,093 DEBUG [HikariPool-1 housekeeper][HikariPool.java:517] - HikariPool-1 - Fill pool skipped, pool is at sufficient level.
[qq-system-service] 2023-04-23 11:01:07,096 DEBUG [HikariPool-1 housekeeper][HikariPool.java:421] - HikariPool-1 - Pool stats (total=10, active=0, idle=10, waiting=0)
[qq-system-service] 2023-04-23 11:01:07,096 DEBUG [HikariPool-1 housekeeper][HikariPool.java:517] - HikariPool-1 - Fill pool skipped, pool is at sufficient level.
[qq-system-service] 2023-04-23 11:01:24,917 DEBUG [HikariPool-1 connection closer][PoolBase.java:134] - HikariPool-1 - Closing connection com.mysql.jdbc.JDBC4Connection@1bbdf2ba: (connection has passed maxLifetime)
[qq-system-service] 2023-04-23 11:01:25,861 DEBUG [HikariPool-1 connection adder][HikariPool.java:728] - HikariPool-1 - Added connection com.mysql.jdbc.JDBC4Connection@39b22e66
[qq-system-service] 2023-04-23 11:01:37,101 DEBUG [HikariPool-1 housekeeper][HikariPool.java:421] - HikariPool-1 - Pool stats (total=10, active=0, idle=10, waiting=0)
[qq-system-service] 2023-04-23 11:01:37,101 DEBUG [HikariPool-1 housekeeper][HikariPool.java:517] - HikariPool-1 - Fill pool skipped, pool is at sufficient level.
[qq-system-service] 2023-04-23 11:01:38,786 DEBUG [HikariPool-1 connection closer][PoolBase.java:134] - HikariPool-1 - Closing connection com.mysql.jdbc.JDBC4Connection@27e6ed1e: (connection has passed maxLifetime)
[qq-system-service] 2023-04-23 11:01:39,211 DEBUG [HikariPool-1 connection adder][HikariPool.java:728] - HikariPool-1 - Added connection com.mysql.jdbc.JDBC4Connection@2eac2ebc
[qq-system-service] 2023-04-23 11:01:58,896 DEBUG [HikariPool-1 connection closer][PoolBase.java:134] - HikariPool-1 - Closing connection com.mysql.jdbc.JDBC4Connection@71fe917f: (connection has passed maxLifetime)
[qq-system-service] 2023-04-23 11:02:00,502 DEBUG [HikariPool-1 connection adder][HikariPool.java:728] - HikariPool-1 - Added connection com.mysql.jdbc.JDBC4Connection@8fc5bb8
[qq-system-service] 2023-04-23 11:02:07,114 DEBUG [HikariPool-1 housekeeper][HikariPool.java:421] - HikariPool-1 - Pool stats (total=10, active=0, idle=10, waiting=0)
[qq-system-service] 2023-04-23 11:02:07,114 DEBUG [HikariPool-1 housekeeper][HikariPool.java:517] - HikariPool-1 - Fill pool skipped, pool is at sufficient level.
[qq-system-service] 2023-04-23 11:02:12,898 DEBUG [HikariPool-1 connection closer][PoolBase.java:134] - HikariPool-1 - Closing connection com.mysql.jdbc.JDBC4Connection@29d67138: (connection has passed maxLifetime)
[qq-system-service] 2023-04-23 11:02:13,640 DEBUG [HikariPool-1 housekeeper][HikariPool.java:342] - HikariPool-1 - Add connection elided, waiting 0, queue 1
[qq-system-service] 2023-04-23 11:02:13,640 DEBUG [HikariPool-1 connection closer][PoolBase.java:134] - HikariPool-1 - Closing connection com.mysql.jdbc.JDBC4Connection@1e349eb1: (connection has passed maxLifetime)
[qq-system-service] 2023-04-23 11:02:13,829 DEBUG [HikariPool-1 connection adder][HikariPool.java:728] - HikariPool-1 - Added connection com.mysql.jdbc.JDBC4Connection@1eb679a7
[qq-system-service] 2023-04-23 11:02:15,325 DEBUG [HikariPool-1 connection adder][HikariPool.java:728] - HikariPool-1 - Added connection com.mysql.jdbc.JDBC4Connection@49543698
[qq-system-service] 2023-04-23 11:02:15,325 DEBUG [HikariPool-1 connection adder][HikariPool.java:421] - HikariPool-1 - After adding stats (total=10, active=0, idle=10, waiting=0)
[qq-system-service] 2023-04-23 11:02:16,586 DEBUG [HikariPool-1 connection closer][PoolBase.java:134] - HikariPool-1 - Closing connection com.mysql.jdbc.JDBC4Connection@1a2e854: (connection has passed maxLifetime)
[qq-system-service] 2023-04-23 11:02:18,067 DEBUG [HikariPool-1 connection adder][HikariPool.java:728] - HikariPool-1 - Added connection com.mysql.jdbc.JDBC4Connection@21d02a1
[qq-system-service] 2023-04-23 11:02:37,125 DEBUG [HikariPool-1 housekeeper][HikariPool.java:421] - HikariPool-1 - Pool stats (total=10, active=0, idle=10, waiting=0)
[qq-system-service] 2023-04-23 11:02:37,125 DEBUG [HikariPool-1 housekeeper][HikariPool.java:517] - HikariPool-1 - Fill pool skipped, pool is at sufficient level.
[qq-system-service] 2023-04-23 11:03:07,137 DEBUG [HikariPool-1 housekeeper][HikariPool.java:421] - HikariPool-1 - Pool stats (total=10, active=0, idle=10, waiting=0)
[qq-system-service] 2023-04-23 11:03:07,137 DEBUG [HikariPool-1 housekeeper][HikariPool.java:517] - HikariPool-1 - Fill pool skipped, pool is at sufficient level.
[qq-system-service] 2023-04-23 11:03:21,146 DEBUG [HikariPool-1 connection closer][PoolBase.java:134] - HikariPool-1 - Closing connection com.mysql.jdbc.JDBC4Connection@3b600708: (connection has passed maxLifetime)
[qq-system-service] 2023-04-23 11:03:21,823 DEBUG [HikariPool-1 connection adder][HikariPool.java:728] - HikariPool-1 - Added connection com.mysql.jdbc.JDBC4Connection@7a516817
[qq-system-service] 2023-04-23 11:03:37,142 DEBUG [HikariPool-1 housekeeper][HikariPool.java:421] - HikariPool-1 - Pool stats (total=10, active=0, idle=10, waiting=0)
[qq-system-service] 2023-04-23 11:03:37,142 DEBUG [HikariPool-1 housekeeper][HikariPool.java:517] - HikariPool-1 - Fill pool skipped, pool is at sufficient level.
[qq-system-service] 2023-04-23 11:03:42,913 DEBUG [HikariPool-1 connection closer][PoolBase.java:134] - HikariPool-1 - Closing connection com.mysql.jdbc.JDBC4Connection@3616c727: (connection has passed maxLifetime)
[qq-system-service] 2023-04-23 11:03:43,795 DEBUG [HikariPool-1 connection adder][HikariPool.java:728] - HikariPool-1 - Added connection com.mysql.jdbc.JDBC4Connection@9cefbd1
[qq-system-service] 2023-04-23 11:04:07,153 DEBUG [HikariPool-1 housekeeper][HikariPool.java:421] - HikariPool-1 - Pool stats (total=10, active=0, idle=10, waiting=0)
[qq-system-service] 2023-04-23 11:04:07,153 DEBUG [HikariPool-1 housekeeper][HikariPool.java:517] - HikariPool-1 - Fill pool skipped, pool is at sufficient level.
[qq-system-service] 2023-04-23 11:04:37,168 DEBUG [HikariPool-1 housekeeper][HikariPool.java:421] - HikariPool-1 - Pool stats (total=10, active=0, idle=10, waiting=0)
[qq-system-service] 2023-04-23 11:04:37,168 DEBUG [HikariPool-1 housekeeper][HikariPool.java:517] - HikariPool-1 - Fill pool skipped, pool is at sufficient level.
[qq-system-service] 2023-04-23 11:05:07,174 DEBUG [HikariPool-1 housekeeper][HikariPool.java:421] - HikariPool-1 - Pool stats (total=10, active=0, idle=10, waiting=0)
[qq-system-service] 2023-04-23 11:05:07,174 DEBUG [HikariPool-1 housekeeper][HikariPool.java:517] - HikariPool-1 - Fill pool skipped, pool is at sufficient level.
[qq-system-service] 2023-04-23 11:05:37,182 DEBUG [HikariPool-1 housekeeper][HikariPool.java:421] - HikariPool-1 - Pool stats (total=10, active=0, idle=10, waiting=0)
[qq-system-service] 2023-04-23 11:05:37,182 DEBUG [HikariPool-1 housekeeper][HikariPool.java:517] - HikariPool-1 - Fill pool skipped, pool is at sufficient level.
[qq-system-service] 2023-04-23 11:06:07,191 DEBUG [HikariPool-1 housekeeper][HikariPool.java:421] - HikariPool-1 - Pool stats (total=10, active=0, idle=10, waiting=0)
[qq-system-service] 2023-04-23 11:06:07,191 DEBUG [HikariPool-1 housekeeper][HikariPool.java:517] - HikariPool-1 - Fill pool skipped, pool is at sufficient level.
[qq-system-service] 2023-04-23 11:06:37,199 DEBUG [HikariPool-1 housekeeper][HikariPool.java:421] - HikariPool-1 - Pool stats (total=10, active=0, idle=10, waiting=0)
[qq-system-service] 2023-04-23 11:06:37,199 DEBUG [HikariPool-1 housekeeper][HikariPool.java:517] - HikariPool-1 - Fill pool skipped, pool is at sufficient level.
[qq-system-service] 2023-04-23 11:07:07,205 DEBUG [HikariPool-1 housekeeper][HikariPool.java:421] - HikariPool-1 - Pool stats (total=10, active=0, idle=10, waiting=0)
[qq-system-service] 2023-04-23 11:07:07,205 DEBUG [HikariPool-1 housekeeper][HikariPool.java:517] - HikariPool-1 - Fill pool skipped, pool is at sufficient level.
[qq-system-service] 2023-04-23 11:07:37,217 DEBUG [HikariPool-1 housekeeper][HikariPool.java:421] - HikariPool-1 - Pool stats (total=10, active=0, idle=10, waiting=0)
[qq-system-service] 2023-04-23 11:07:37,217 DEBUG [HikariPool-1 housekeeper][HikariPool.java:517] - HikariPool-1 - Fill pool skipped, pool is at sufficient level.
[qq-system-service] 2023-04-23 11:08:07,221 DEBUG [HikariPool-1 housekeeper][HikariPool.java:421] - HikariPool-1 - Pool stats (total=10, active=0, idle=10, waiting=0)
[qq-system-service] 2023-04-23 11:08:07,221 DEBUG [HikariPool-1 housekeeper][HikariPool.java:517] - HikariPool-1 - Fill pool skipped, pool is at sufficient level.
[qq-system-service] 2023-04-23 11:08:37,236 DEBUG [HikariPool-1 housekeeper][HikariPool.java:421] - HikariPool-1 - Pool stats (total=10, active=0, idle=10, waiting=0)
[qq-system-service] 2023-04-23 11:08:37,236 DEBUG [HikariPool-1 housekeeper][HikariPool.java:517] - HikariPool-1 - Fill pool skipped, pool is at sufficient level.
[qq-system-service] 2023-04-23 11:09:07,241 DEBUG [HikariPool-1 housekeeper][HikariPool.java:421] - HikariPool-1 - Pool stats (total=10, active=0, idle=10, waiting=0)
[qq-system-service] 2023-04-23 11:09:07,241 DEBUG [HikariPool-1 housekeeper][HikariPool.java:517] - HikariPool-1 - Fill pool skipped, pool is at sufficient level.
[qq-system-service] 2023-04-23 11:09:37,247 DEBUG [HikariPool-1 housekeeper][HikariPool.java:421] - HikariPool-1 - Pool stats (total=10, active=0, idle=10, waiting=0)
[qq-system-service] 2023-04-23 11:09:37,247 DEBUG [HikariPool-1 housekeeper][HikariPool.java:517] - HikariPool-1 - Fill pool skipped, pool is at sufficient level.
[qq-system-service] 2023-04-23 11:10:07,251 DEBUG [HikariPool-1 housekeeper][HikariPool.java:421] - HikariPool-1 - Pool stats (total=10, active=0, idle=10, waiting=0)
[qq-system-service] 2023-04-23 11:10:07,251 DEBUG [HikariPool-1 housekeeper][HikariPool.java:517] - HikariPool-1 - Fill pool skipped, pool is at sufficient level.
[qq-system-service] 2023-04-23 11:10:37,254 DEBUG [HikariPool-1 housekeeper][HikariPool.java:421] - HikariPool-1 - Pool stats (total=10, active=0, idle=10, waiting=0)
[qq-system-service] 2023-04-23 11:10:37,254 DEBUG [HikariPool-1 housekeeper][HikariPool.java:517] - HikariPool-1 - Fill pool skipped, pool is at sufficient level.
[qq-system-service] 2023-04-23 11:11:07,263 DEBUG [HikariPool-1 housekeeper][HikariPool.java:421] - HikariPool-1 - Pool stats (total=10, active=0, idle=10, waiting=0)
[qq-system-service] 2023-04-23 11:11:07,263 DEBUG [HikariPool-1 housekeeper][HikariPool.java:517] - HikariPool-1 - Fill pool skipped, pool is at sufficient level.
[qq-system-service] 2023-04-23 11:11:37,269 DEBUG [HikariPool-1 housekeeper][HikariPool.java:421] - HikariPool-1 - Pool stats (total=10, active=0, idle=10, waiting=0)
[qq-system-service] 2023-04-23 11:11:37,269 DEBUG [HikariPool-1 housekeeper][HikariPool.java:517] - HikariPool-1 - Fill pool skipped, pool is at sufficient level.
[qq-system-service] 2023-04-23 11:12:07,271 DEBUG [HikariPool-1 housekeeper][HikariPool.java:421] - HikariPool-1 - Pool stats (total=10, active=0, idle=10, waiting=0)
[qq-system-service] 2023-04-23 11:12:07,271 DEBUG [HikariPool-1 housekeeper][HikariPool.java:517] - HikariPool-1 - Fill pool skipped, pool is at sufficient level.
[qq-system-service] 2023-04-23 11:12:37,287 DEBUG [HikariPool-1 housekeeper][HikariPool.java:421] - HikariPool-1 - Pool stats (total=10, active=0, idle=10, waiting=0)
[qq-system-service] 2023-04-23 11:12:37,287 DEBUG [HikariPool-1 housekeeper][HikariPool.java:517] - HikariPool-1 - Fill pool skipped, pool is at sufficient level.
[qq-system-service] 2023-04-23 11:13:07,297 DEBUG [HikariPool-1 housekeeper][HikariPool.java:421] - HikariPool-1 - Pool stats (total=10, active=0, idle=10, waiting=0)
[qq-system-service] 2023-04-23 11:13:07,297 DEBUG [HikariPool-1 housekeeper][HikariPool.java:517] - HikariPool-1 - Fill pool skipped, pool is at sufficient level.
[qq-system-service] 2023-04-23 11:13:37,307 DEBUG [HikariPool-1 housekeeper][HikariPool.java:421] - HikariPool-1 - Pool stats (total=10, active=0, idle=10, waiting=0)
[qq-system-service] 2023-04-23 11:13:37,307 DEBUG [HikariPool-1 housekeeper][HikariPool.java:517] - HikariPool-1 - Fill pool skipped, pool is at sufficient level.
[qq-system-service] 2023-04-23 11:14:07,314 DEBUG [HikariPool-1 housekeeper][HikariPool.java:421] - HikariPool-1 - Pool stats (total=10, active=0, idle=10, waiting=0)
[qq-system-service] 2023-04-23 11:14:07,314 DEBUG [HikariPool-1 housekeeper][HikariPool.java:517] - HikariPool-1 - Fill pool skipped, pool is at sufficient level.
[qq-system-service] 2023-04-23 11:14:37,324 DEBUG [HikariPool-1 housekeeper][HikariPool.java:421] - HikariPool-1 - Pool stats (total=10, active=0, idle=10, waiting=0)
[qq-system-service] 2023-04-23 11:14:37,324 DEBUG [HikariPool-1 housekeeper][HikariPool.java:517] - HikariPool-1 - Fill pool skipped, pool is at sufficient level.
[qq-system-service] 2023-04-23 11:15:07,337 DEBUG [HikariPool-1 housekeeper][HikariPool.java:421] - HikariPool-1 - Pool stats (total=10, active=0, idle=10, waiting=0)
[qq-system-service] 2023-04-23 11:15:07,337 DEBUG [HikariPool-1 housekeeper][HikariPool.java:517] - HikariPool-1 - Fill pool skipped, pool is at sufficient level.
[qq-system-service] 2023-04-23 11:15:37,339 DEBUG [HikariPool-1 housekeeper][HikariPool.java:421] - HikariPool-1 - Pool stats (total=10, active=0, idle=10, waiting=0)
[qq-system-service] 2023-04-23 11:15:37,339 DEBUG [HikariPool-1 housekeeper][HikariPool.java:517] - HikariPool-1 - Fill pool skipped, pool is at sufficient level.
[qq-system-service] 2023-04-23 11:16:07,341 DEBUG [HikariPool-1 housekeeper][HikariPool.java:421] - HikariPool-1 - Pool stats (total=10, active=0, idle=10, waiting=0)
[qq-system-service] 2023-04-23 11:16:07,341 DEBUG [HikariPool-1 housekeeper][HikariPool.java:517] - HikariPool-1 - Fill pool skipped, pool is at sufficient level.
[qq-system-service] 2023-04-23 11:16:37,341 DEBUG [HikariPool-1 housekeeper][HikariPool.java:421] - HikariPool-1 - Pool stats (total=10, active=0, idle=10, waiting=0)
[qq-system-service] 2023-04-23 11:16:37,341 DEBUG [HikariPool-1 housekeeper][HikariPool.java:517] - HikariPool-1 - Fill pool skipped, pool is at sufficient level.
[qq-system-service] 2023-04-23 11:17:07,352 DEBUG [HikariPool-1 housekeeper][HikariPool.java:421] - HikariPool-1 - Pool stats (total=10, active=0, idle=10, waiting=0)
[qq-system-service] 2023-04-23 11:17:07,352 DEBUG [HikariPool-1 housekeeper][HikariPool.java:517] - HikariPool-1 - Fill pool skipped, pool is at sufficient level.
[qq-system-service] 2023-04-23 11:17:37,357 DEBUG [HikariPool-1 housekeeper][HikariPool.java:421] - HikariPool-1 - Pool stats (total=10, active=0, idle=10, waiting=0)
[qq-system-service] 2023-04-23 11:17:37,357 DEBUG [HikariPool-1 housekeeper][HikariPool.java:517] - HikariPool-1 - Fill pool skipped, pool is at sufficient level.
[qq-system-service] 2023-04-23 11:18:07,358 DEBUG [HikariPool-1 housekeeper][HikariPool.java:421] - HikariPool-1 - Pool stats (total=10, active=0, idle=10, waiting=0)
[qq-system-service] 2023-04-23 11:18:07,358 DEBUG [HikariPool-1 housekeeper][HikariPool.java:517] - HikariPool-1 - Fill pool skipped, pool is at sufficient level.
[qq-system-service] 2023-04-23 11:18:37,359 DEBUG [HikariPool-1 housekeeper][HikariPool.java:421] - HikariPool-1 - Pool stats (total=10, active=0, idle=10, waiting=0)
[qq-system-service] 2023-04-23 11:18:37,359 DEBUG [HikariPool-1 housekeeper][HikariPool.java:517] - HikariPool-1 - Fill pool skipped, pool is at sufficient level.
[qq-system-service] 2023-04-23 11:19:07,369 DEBUG [HikariPool-1 housekeeper][HikariPool.java:421] - HikariPool-1 - Pool stats (total=10, active=0, idle=10, waiting=0)
[qq-system-service] 2023-04-23 11:19:07,369 DEBUG [HikariPool-1 housekeeper][HikariPool.java:517] - HikariPool-1 - Fill pool skipped, pool is at sufficient level.
[qq-system-service] 2023-04-23 11:19:37,381 DEBUG [HikariPool-1 housekeeper][HikariPool.java:421] - HikariPool-1 - Pool stats (total=10, active=0, idle=10, waiting=0)
[qq-system-service] 2023-04-23 11:19:37,381 DEBUG [HikariPool-1 housekeeper][HikariPool.java:517] - HikariPool-1 - Fill pool skipped, pool is at sufficient level.
[qq-system-service] 2023-04-23 11:20:07,382 DEBUG [HikariPool-1 housekeeper][HikariPool.java:421] - HikariPool-1 - Pool stats (total=10, active=0, idle=10, waiting=0)
[qq-system-service] 2023-04-23 11:20:07,382 DEBUG [HikariPool-1 housekeeper][HikariPool.java:517] - HikariPool-1 - Fill pool skipped, pool is at sufficient level.
[qq-system-service] 2023-04-23 11:20:37,388 DEBUG [HikariPool-1 housekeeper][HikariPool.java:421] - HikariPool-1 - Pool stats (total=10, active=0, idle=10, waiting=0)
[qq-system-service] 2023-04-23 11:20:37,388 DEBUG [HikariPool-1 housekeeper][HikariPool.java:517] - HikariPool-1 - Fill pool skipped, pool is at sufficient level.
[qq-system-service] 2023-04-23 11:21:07,399 DEBUG [HikariPool-1 housekeeper][HikariPool.java:421] - HikariPool-1 - Pool stats (total=10, active=0, idle=10, waiting=0)
[qq-system-service] 2023-04-23 11:21:07,399 DEBUG [HikariPool-1 housekeeper][HikariPool.java:517] - HikariPool-1 - Fill pool skipped, pool is at sufficient level.
[qq-system-service] 2023-04-23 11:21:37,409 DEBUG [HikariPool-1 housekeeper][HikariPool.java:421] - HikariPool-1 - Pool stats (total=10, active=0, idle=10, waiting=0)
[qq-system-service] 2023-04-23 11:21:37,409 DEBUG [HikariPool-1 housekeeper][HikariPool.java:517] - HikariPool-1 - Fill pool skipped, pool is at sufficient level.
[qq-system-service] 2023-04-23 11:22:07,415 DEBUG [HikariPool-1 housekeeper][HikariPool.java:421] - HikariPool-1 - Pool stats (total=10, active=0, idle=10, waiting=0)
[qq-system-service] 2023-04-23 11:22:07,415 DEBUG [HikariPool-1 housekeeper][HikariPool.java:517] - HikariPool-1 - Fill pool skipped, pool is at sufficient level.
[qq-system-service] 2023-04-23 11:22:37,420 DEBUG [HikariPool-1 housekeeper][HikariPool.java:421] - HikariPool-1 - Pool stats (total=10, active=0, idle=10, waiting=0)
[qq-system-service] 2023-04-23 11:22:37,420 DEBUG [HikariPool-1 housekeeper][HikariPool.java:517] - HikariPool-1 - Fill pool skipped, pool is at sufficient level.
[qq-system-service] 2023-04-23 11:23:07,436 DEBUG [HikariPool-1 housekeeper][HikariPool.java:421] - HikariPool-1 - Pool stats (total=10, active=0, idle=10, waiting=0)
[qq-system-service] 2023-04-23 11:23:07,436 DEBUG [HikariPool-1 housekeeper][HikariPool.java:517] - HikariPool-1 - Fill pool skipped, pool is at sufficient level.
[qq-system-service] 2023-04-23 11:23:37,445 DEBUG [HikariPool-1 housekeeper][HikariPool.java:421] - HikariPool-1 - Pool stats (total=10, active=0, idle=10, waiting=0)
[qq-system-service] 2023-04-23 11:23:37,445 DEBUG [HikariPool-1 housekeeper][HikariPool.java:517] - HikariPool-1 - Fill pool skipped, pool is at sufficient level.
[qq-system-service] 2023-04-23 11:24:07,447 DEBUG [HikariPool-1 housekeeper][HikariPool.java:421] - HikariPool-1 - Pool stats (total=10, active=0, idle=10, waiting=0)
[qq-system-service] 2023-04-23 11:24:07,447 DEBUG [HikariPool-1 housekeeper][HikariPool.java:517] - HikariPool-1 - Fill pool skipped, pool is at sufficient level.
[qq-system-service] 2023-04-23 11:24:37,454 DEBUG [HikariPool-1 housekeeper][HikariPool.java:421] - HikariPool-1 - Pool stats (total=10, active=0, idle=10, waiting=0)
[qq-system-service] 2023-04-23 11:24:37,454 DEBUG [HikariPool-1 housekeeper][HikariPool.java:517] - HikariPool-1 - Fill pool skipped, pool is at sufficient level.
[qq-system-service] 2023-04-23 11:25:07,470 DEBUG [HikariPool-1 housekeeper][HikariPool.java:421] - HikariPool-1 - Pool stats (total=10, active=0, idle=10, waiting=0)
[qq-system-service] 2023-04-23 11:25:07,470 DEBUG [HikariPool-1 housekeeper][HikariPool.java:517] - HikariPool-1 - Fill pool skipped, pool is at sufficient level.
[qq-system-service] 2023-04-23 11:25:37,475 DEBUG [HikariPool-1 housekeeper][HikariPool.java:421] - HikariPool-1 - Pool stats (total=10, active=0, idle=10, waiting=0)
[qq-system-service] 2023-04-23 11:25:37,475 DEBUG [HikariPool-1 housekeeper][HikariPool.java:517] - HikariPool-1 - Fill pool skipped, pool is at sufficient level.
[qq-system-service] 2023-04-23 11:26:07,491 DEBUG [HikariPool-1 housekeeper][HikariPool.java:421] - HikariPool-1 - Pool stats (total=10, active=0, idle=10, waiting=0)
[qq-system-service] 2023-04-23 11:26:07,491 DEBUG [HikariPool-1 housekeeper][HikariPool.java:517] - HikariPool-1 - Fill pool skipped, pool is at sufficient level.
[qq-system-service] 2023-04-23 11:26:37,505 DEBUG [HikariPool-1 housekeeper][HikariPool.java:421] - HikariPool-1 - Pool stats (total=10, active=0, idle=10, waiting=0)
[qq-system-service] 2023-04-23 11:26:37,505 DEBUG [HikariPool-1 housekeeper][HikariPool.java:517] - HikariPool-1 - Fill pool skipped, pool is at sufficient level.
[qq-system-service] 2023-04-23 11:27:07,513 DEBUG [HikariPool-1 housekeeper][HikariPool.java:421] - HikariPool-1 - Pool stats (total=10, active=0, idle=10, waiting=0)
[qq-system-service] 2023-04-23 11:27:07,513 DEBUG [HikariPool-1 housekeeper][HikariPool.java:517] - HikariPool-1 - Fill pool skipped, pool is at sufficient level.
[qq-system-service] 2023-04-23 11:27:37,514 DEBUG [HikariPool-1 housekeeper][HikariPool.java:421] - HikariPool-1 - Pool stats (total=10, active=0, idle=10, waiting=0)
[qq-system-service] 2023-04-23 11:27:37,514 DEBUG [HikariPool-1 housekeeper][HikariPool.java:517] - HikariPool-1 - Fill pool skipped, pool is at sufficient level.
[qq-system-service] 2023-04-23 11:28:07,526 DEBUG [HikariPool-1 housekeeper][HikariPool.java:421] - HikariPool-1 - Pool stats (total=10, active=0, idle=10, waiting=0)
[qq-system-service] 2023-04-23 11:28:07,526 DEBUG [HikariPool-1 housekeeper][HikariPool.java:517] - HikariPool-1 - Fill pool skipped, pool is at sufficient level.
[qq-system-service] 2023-04-23 11:28:32,290 DEBUG [HikariPool-1 connection closer][PoolBase.java:134] - HikariPool-1 - Closing connection com.mysql.jdbc.JDBC4Connection@23e63f09: (connection has passed maxLifetime)
[qq-system-service] 2023-04-23 11:28:33,188 DEBUG [HikariPool-1 connection adder][HikariPool.java:728] - HikariPool-1 - Added connection com.mysql.jdbc.JDBC4Connection@5295ef81
[qq-system-service] 2023-04-23 11:28:37,535 DEBUG [HikariPool-1 housekeeper][HikariPool.java:421] - HikariPool-1 - Pool stats (total=10, active=0, idle=10, waiting=0)
[qq-system-service] 2023-04-23 11:28:37,535 DEBUG [HikariPool-1 housekeeper][HikariPool.java:517] - HikariPool-1 - Fill pool skipped, pool is at sufficient level.
[qq-system-service] 2023-04-23 11:29:07,547 DEBUG [HikariPool-1 housekeeper][HikariPool.java:421] - HikariPool-1 - Pool stats (total=10, active=0, idle=10, waiting=0)
[qq-system-service] 2023-04-23 11:29:07,547 DEBUG [HikariPool-1 housekeeper][HikariPool.java:517] - HikariPool-1 - Fill pool skipped, pool is at sufficient level.
[qq-system-service] 2023-04-23 11:29:37,560 DEBUG [HikariPool-1 housekeeper][HikariPool.java:421] - HikariPool-1 - Pool stats (total=10, active=0, idle=10, waiting=0)
[qq-system-service] 2023-04-23 11:29:37,560 DEBUG [HikariPool-1 housekeeper][HikariPool.java:517] - HikariPool-1 - Fill pool skipped, pool is at sufficient level.
[qq-system-service] 2023-04-23 11:29:43,108 DEBUG [HikariPool-1 connection closer][PoolBase.java:134] - HikariPool-1 - Closing connection com.mysql.jdbc.JDBC4Connection@6422ed14: (connection has passed maxLifetime)
[qq-system-service] 2023-04-23 11:29:44,037 DEBUG [HikariPool-1 connection adder][HikariPool.java:728] - HikariPool-1 - Added connection com.mysql.jdbc.JDBC4Connection@47e817a0
[qq-system-service] 2023-04-23 11:30:07,571 DEBUG [HikariPool-1 housekeeper][HikariPool.java:421] - HikariPool-1 - Pool stats (total=10, active=0, idle=10, waiting=0)
[qq-system-service] 2023-04-23 11:30:07,571 DEBUG [HikariPool-1 housekeeper][HikariPool.java:517] - HikariPool-1 - Fill pool skipped, pool is at sufficient level.
[qq-system-service] 2023-04-23 11:30:37,585 DEBUG [HikariPool-1 housekeeper][HikariPool.java:421] - HikariPool-1 - Pool stats (total=10, active=0, idle=10, waiting=0)
[qq-system-service] 2023-04-23 11:30:37,585 DEBUG [HikariPool-1 housekeeper][HikariPool.java:517] - HikariPool-1 - Fill pool skipped, pool is at sufficient level.
[qq-system-service] 2023-04-23 11:31:07,499 DEBUG [HikariPool-1 connection closer][PoolBase.java:134] - HikariPool-1 - Closing connection com.mysql.jdbc.JDBC4Connection@39b22e66: (connection has passed maxLifetime)
[qq-system-service] 2023-04-23 11:31:07,594 DEBUG [HikariPool-1 housekeeper][HikariPool.java:421] - HikariPool-1 - Pool stats (total=9, active=0, idle=9, waiting=0)
[qq-system-service] 2023-04-23 11:31:07,594 DEBUG [HikariPool-1 housekeeper][HikariPool.java:517] - HikariPool-1 - Fill pool skipped, pool is at sufficient level.
[qq-system-service] 2023-04-23 11:31:09,719 DEBUG [HikariPool-1 connection adder][HikariPool.java:728] - HikariPool-1 - Added connection com.mysql.jdbc.JDBC4Connection@16d4acda
[qq-system-service] 2023-04-23 11:31:37,597 DEBUG [HikariPool-1 housekeeper][HikariPool.java:421] - HikariPool-1 - Pool stats (total=10, active=0, idle=10, waiting=0)
[qq-system-service] 2023-04-23 11:31:37,597 DEBUG [HikariPool-1 housekeeper][HikariPool.java:517] - HikariPool-1 - Fill pool skipped, pool is at sufficient level.
[qq-system-service] 2023-04-23 11:31:37,644 DEBUG [HikariPool-1 connection closer][PoolBase.java:134] - HikariPool-1 - Closing connection com.mysql.jdbc.JDBC4Connection@2eac2ebc: (connection has passed maxLifetime)
[qq-system-service] 2023-04-23 11:31:40,434 DEBUG [HikariPool-1 connection adder][HikariPool.java:728] - HikariPool-1 - Added connection com.mysql.jdbc.JDBC4Connection@659186ca
[qq-system-service] 2023-04-23 11:31:40,591 DEBUG [HikariPool-1 connection closer][PoolBase.java:134] - HikariPool-1 - Closing connection com.mysql.jdbc.JDBC4Connection@21d02a1: (connection has passed maxLifetime)
[qq-system-service] 2023-04-23 11:31:40,780 DEBUG [HikariPool-1 housekeeper][HikariPool.java:342] - HikariPool-1 - Add connection elided, waiting 0, queue 1
[qq-system-service] 2023-04-23 11:31:40,780 DEBUG [HikariPool-1 connection closer][PoolBase.java:134] - HikariPool-1 - Closing connection com.mysql.jdbc.JDBC4Connection@8fc5bb8: (connection has passed maxLifetime)
[qq-system-service] 2023-04-23 11:31:42,259 DEBUG [HikariPool-1 connection adder][HikariPool.java:728] - HikariPool-1 - Added connection com.mysql.jdbc.JDBC4Connection@5757fccb
[qq-system-service] 2023-04-23 11:31:42,873 DEBUG [HikariPool-1 connection adder][HikariPool.java:728] - HikariPool-1 - Added connection com.mysql.jdbc.JDBC4Connection@1d5b5d7f
[qq-system-service] 2023-04-23 11:31:42,873 DEBUG [HikariPool-1 connection adder][HikariPool.java:421] - HikariPool-1 - After adding stats (total=10, active=0, idle=10, waiting=0)
[qq-system-service] 2023-04-23 11:31:49,956 DEBUG [HikariPool-1 connection closer][PoolBase.java:134] - HikariPool-1 - Closing connection com.mysql.jdbc.JDBC4Connection@49543698: (connection has passed maxLifetime)
[qq-system-service] 2023-04-23 11:31:50,640 DEBUG [HikariPool-1 connection adder][HikariPool.java:728] - HikariPool-1 - Added connection com.mysql.jdbc.JDBC4Connection@1800706d
[qq-system-service] 2023-04-23 11:32:04,927 DEBUG [HikariPool-1 connection closer][PoolBase.java:134] - HikariPool-1 - Closing connection com.mysql.jdbc.JDBC4Connection@1eb679a7: (connection has passed maxLifetime)
[qq-system-service] 2023-04-23 11:32:05,353 DEBUG [HikariPool-1 connection adder][HikariPool.java:728] - HikariPool-1 - Added connection com.mysql.jdbc.JDBC4Connection@148d87b
[qq-system-service] 2023-04-23 11:32:07,603 DEBUG [HikariPool-1 housekeeper][HikariPool.java:421] - HikariPool-1 - Pool stats (total=10, active=0, idle=10, waiting=0)
[qq-system-service] 2023-04-23 11:32:07,603 DEBUG [HikariPool-1 housekeeper][HikariPool.java:517] - HikariPool-1 - Fill pool skipped, pool is at sufficient level.
[qq-system-service] 2023-04-23 11:32:37,616 DEBUG [HikariPool-1 housekeeper][HikariPool.java:421] - HikariPool-1 - Pool stats (total=10, active=0, idle=10, waiting=0)
[qq-system-service] 2023-04-23 11:32:37,616 DEBUG [HikariPool-1 housekeeper][HikariPool.java:517] - HikariPool-1 - Fill pool skipped, pool is at sufficient level.
[qq-system-service] 2023-04-23 11:32:49,421 DEBUG [HikariPool-1 connection closer][PoolBase.java:134] - HikariPool-1 - Closing connection com.mysql.jdbc.JDBC4Connection@7a516817: (connection has passed maxLifetime)
[qq-system-service] 2023-04-23 11:32:50,099 DEBUG [HikariPool-1 connection adder][HikariPool.java:728] - HikariPool-1 - Added connection com.mysql.jdbc.JDBC4Connection@5d2a93fa
[qq-system-service] 2023-04-23 11:33:07,622 DEBUG [HikariPool-1 housekeeper][HikariPool.java:421] - HikariPool-1 - Pool stats (total=10, active=0, idle=10, waiting=0)
[qq-system-service] 2023-04-23 11:33:07,622 DEBUG [HikariPool-1 housekeeper][HikariPool.java:517] - HikariPool-1 - Fill pool skipped, pool is at sufficient level.
[qq-system-service] 2023-04-23 11:33:20,719 DEBUG [HikariPool-1 connection closer][PoolBase.java:134] - HikariPool-1 - Closing connection com.mysql.jdbc.JDBC4Connection@9cefbd1: (connection has passed maxLifetime)
[qq-system-service] 2023-04-23 11:33:21,376 DEBUG [HikariPool-1 connection adder][HikariPool.java:728] - HikariPool-1 - Added connection com.mysql.jdbc.JDBC4Connection@3283a8e
[qq-system-service] 2023-04-23 11:33:37,630 DEBUG [HikariPool-1 housekeeper][HikariPool.java:421] - HikariPool-1 - Pool stats (total=10, active=0, idle=10, waiting=0)
[qq-system-service] 2023-04-23 11:33:37,630 DEBUG [HikariPool-1 housekeeper][HikariPool.java:517] - HikariPool-1 - Fill pool skipped, pool is at sufficient level.
[qq-system-service] 2023-04-23 11:34:07,640 DEBUG [HikariPool-1 housekeeper][HikariPool.java:421] - HikariPool-1 - Pool stats (total=10, active=0, idle=10, waiting=0)
[qq-system-service] 2023-04-23 11:34:07,640 DEBUG [HikariPool-1 housekeeper][HikariPool.java:517] - HikariPool-1 - Fill pool skipped, pool is at sufficient level.
[qq-system-service] 2023-04-23 11:34:37,653 DEBUG [HikariPool-1 housekeeper][HikariPool.java:421] - HikariPool-1 - Pool stats (total=10, active=0, idle=10, waiting=0)
[qq-system-service] 2023-04-23 11:34:37,653 DEBUG [HikariPool-1 housekeeper][HikariPool.java:517] - HikariPool-1 - Fill pool skipped, pool is at sufficient level.
[qq-system-service] 2023-04-23 11:35:07,666 DEBUG [HikariPool-1 housekeeper][HikariPool.java:421] - HikariPool-1 - Pool stats (total=10, active=0, idle=10, waiting=0)
[qq-system-service] 2023-04-23 11:35:07,666 DEBUG [HikariPool-1 housekeeper][HikariPool.java:517] - HikariPool-1 - Fill pool skipped, pool is at sufficient level.
[qq-system-service] 2023-04-23 11:35:37,682 DEBUG [HikariPool-1 housekeeper][HikariPool.java:421] - HikariPool-1 - Pool stats (total=10, active=0, idle=10, waiting=0)
[qq-system-service] 2023-04-23 11:35:37,682 DEBUG [HikariPool-1 housekeeper][HikariPool.java:517] - HikariPool-1 - Fill pool skipped, pool is at sufficient level.
[qq-system-service] 2023-04-23 11:36:07,695 DEBUG [HikariPool-1 housekeeper][HikariPool.java:421] - HikariPool-1 - Pool stats (total=10, active=0, idle=10, waiting=0)
[qq-system-service] 2023-04-23 11:36:07,695 DEBUG [HikariPool-1 housekeeper][HikariPool.java:517] - HikariPool-1 - Fill pool skipped, pool is at sufficient level.
[qq-system-service] 2023-04-23 11:36:37,697 DEBUG [HikariPool-1 housekeeper][HikariPool.java:421] - HikariPool-1 - Pool stats (total=10, active=0, idle=10, waiting=0)
[qq-system-service] 2023-04-23 11:36:37,697 DEBUG [HikariPool-1 housekeeper][HikariPool.java:517] - HikariPool-1 - Fill pool skipped, pool is at sufficient level.
[qq-system-service] 2023-04-23 11:37:07,710 DEBUG [HikariPool-1 housekeeper][HikariPool.java:421] - HikariPool-1 - Pool stats (total=10, active=0, idle=10, waiting=0)
[qq-system-service] 2023-04-23 11:37:07,710 DEBUG [HikariPool-1 housekeeper][HikariPool.java:517] - HikariPool-1 - Fill pool skipped, pool is at sufficient level.
[qq-system-service] 2023-04-23 11:37:37,713 DEBUG [HikariPool-1 housekeeper][HikariPool.java:421] - HikariPool-1 - Pool stats (total=10, active=0, idle=10, waiting=0)
[qq-system-service] 2023-04-23 11:37:37,713 DEBUG [HikariPool-1 housekeeper][HikariPool.java:517] - HikariPool-1 - Fill pool skipped, pool is at sufficient level.
[qq-system-service] 2023-04-23 11:38:07,723 DEBUG [HikariPool-1 housekeeper][HikariPool.java:421] - HikariPool-1 - Pool stats (total=10, active=0, idle=10, waiting=0)
[qq-system-service] 2023-04-23 11:38:07,723 DEBUG [HikariPool-1 housekeeper][HikariPool.java:517] - HikariPool-1 - Fill pool skipped, pool is at sufficient level.
[qq-system-service] 2023-04-23 11:38:37,725 DEBUG [HikariPool-1 housekeeper][HikariPool.java:421] - HikariPool-1 - Pool stats (total=10, active=0, idle=10, waiting=0)
[qq-system-service] 2023-04-23 11:38:37,725 DEBUG [HikariPool-1 housekeeper][HikariPool.java:517] - HikariPool-1 - Fill pool skipped, pool is at sufficient level.
[qq-system-service] 2023-04-23 11:39:07,740 DEBUG [HikariPool-1 housekeeper][HikariPool.java:421] - HikariPool-1 - Pool stats (total=10, active=0, idle=10, waiting=0)
[qq-system-service] 2023-04-23 11:39:07,740 DEBUG [HikariPool-1 housekeeper][HikariPool.java:517] - HikariPool-1 - Fill pool skipped, pool is at sufficient level.
[qq-system-service] 2023-04-23 11:39:37,745 DEBUG [HikariPool-1 housekeeper][HikariPool.java:421] - HikariPool-1 - Pool stats (total=10, active=0, idle=10, waiting=0)
[qq-system-service] 2023-04-23 11:39:37,745 DEBUG [HikariPool-1 housekeeper][HikariPool.java:517] - HikariPool-1 - Fill pool skipped, pool is at sufficient level.
[qq-system-service] 2023-04-23 11:40:07,747 DEBUG [HikariPool-1 housekeeper][HikariPool.java:421] - HikariPool-1 - Pool stats (total=10, active=0, idle=10, waiting=0)
[qq-system-service] 2023-04-23 11:40:07,747 DEBUG [HikariPool-1 housekeeper][HikariPool.java:517] - HikariPool-1 - Fill pool skipped, pool is at sufficient level.
[qq-system-service] 2023-04-23 11:40:37,756 DEBUG [HikariPool-1 housekeeper][HikariPool.java:421] - HikariPool-1 - Pool stats (total=10, active=0, idle=10, waiting=0)
[qq-system-service] 2023-04-23 11:40:37,756 DEBUG [HikariPool-1 housekeeper][HikariPool.java:517] - HikariPool-1 - Fill pool skipped, pool is at sufficient level.
[qq-system-service] 2023-04-23 11:41:07,762 DEBUG [HikariPool-1 housekeeper][HikariPool.java:421] - HikariPool-1 - Pool stats (total=10, active=0, idle=10, waiting=0)
[qq-system-service] 2023-04-23 11:41:07,762 DEBUG [HikariPool-1 housekeeper][HikariPool.java:517] - HikariPool-1 - Fill pool skipped, pool is at sufficient level.
[qq-system-service] 2023-04-23 11:41:37,768 DEBUG [HikariPool-1 housekeeper][HikariPool.java:421] - HikariPool-1 - Pool stats (total=10, active=0, idle=10, waiting=0)
[qq-system-service] 2023-04-23 11:41:37,768 DEBUG [HikariPool-1 housekeeper][HikariPool.java:517] - HikariPool-1 - Fill pool skipped, pool is at sufficient level.
[qq-system-service] 2023-04-23 11:42:07,780 DEBUG [HikariPool-1 housekeeper][HikariPool.java:421] - HikariPool-1 - Pool stats (total=10, active=0, idle=10, waiting=0)
[qq-system-service] 2023-04-23 11:42:07,780 DEBUG [HikariPool-1 housekeeper][HikariPool.java:517] - HikariPool-1 - Fill pool skipped, pool is at sufficient level.
[qq-system-service] 2023-04-23 11:42:37,793 DEBUG [HikariPool-1 housekeeper][HikariPool.java:421] - HikariPool-1 - Pool stats (total=10, active=0, idle=10, waiting=0)
[qq-system-service] 2023-04-23 11:42:37,793 DEBUG [HikariPool-1 housekeeper][HikariPool.java:517] - HikariPool-1 - Fill pool skipped, pool is at sufficient level.
[qq-system-service] 2023-04-23 11:43:07,800 DEBUG [HikariPool-1 housekeeper][HikariPool.java:421] - HikariPool-1 - Pool stats (total=10, active=0, idle=10, waiting=0)
[qq-system-service] 2023-04-23 11:43:07,800 DEBUG [HikariPool-1 housekeeper][HikariPool.java:517] - HikariPool-1 - Fill pool skipped, pool is at sufficient level.
[qq-system-service] 2023-04-23 11:43:37,801 DEBUG [HikariPool-1 housekeeper][HikariPool.java:421] - HikariPool-1 - Pool stats (total=10, active=0, idle=10, waiting=0)
[qq-system-service] 2023-04-23 11:43:37,801 DEBUG [HikariPool-1 housekeeper][HikariPool.java:517] - HikariPool-1 - Fill pool skipped, pool is at sufficient level.
[qq-system-service] 2023-04-23 11:44:07,814 DEBUG [HikariPool-1 housekeeper][HikariPool.java:421] - HikariPool-1 - Pool stats (total=10, active=0, idle=10, waiting=0)
[qq-system-service] 2023-04-23 11:44:07,814 DEBUG [HikariPool-1 housekeeper][HikariPool.java:517] - HikariPool-1 - Fill pool skipped, pool is at sufficient level.
[qq-system-service] 2023-04-23 11:44:37,820 DEBUG [HikariPool-1 housekeeper][HikariPool.java:421] - HikariPool-1 - Pool stats (total=10, active=0, idle=10, waiting=0)
[qq-system-service] 2023-04-23 11:44:37,820 DEBUG [HikariPool-1 housekeeper][HikariPool.java:517] - HikariPool-1 - Fill pool skipped, pool is at sufficient level.
[qq-system-service] 2023-04-23 11:45:07,828 DEBUG [HikariPool-1 housekeeper][HikariPool.java:421] - HikariPool-1 - Pool stats (total=10, active=0, idle=10, waiting=0)
[qq-system-service] 2023-04-23 11:45:07,828 DEBUG [HikariPool-1 housekeeper][HikariPool.java:517] - HikariPool-1 - Fill pool skipped, pool is at sufficient level.
[qq-system-service] 2023-04-23 11:45:37,832 DEBUG [HikariPool-1 housekeeper][HikariPool.java:421] - HikariPool-1 - Pool stats (total=10, active=0, idle=10, waiting=0)
[qq-system-service] 2023-04-23 11:45:37,832 DEBUG [HikariPool-1 housekeeper][HikariPool.java:517] - HikariPool-1 - Fill pool skipped, pool is at sufficient level.
[qq-system-service] 2023-04-23 11:46:07,833 DEBUG [HikariPool-1 housekeeper][HikariPool.java:421] - HikariPool-1 - Pool stats (total=10, active=0, idle=10, waiting=0)
[qq-system-service] 2023-04-23 11:46:07,833 DEBUG [HikariPool-1 housekeeper][HikariPool.java:517] - HikariPool-1 - Fill pool skipped, pool is at sufficient level.
[qq-system-service] 2023-04-23 11:46:37,839 DEBUG [HikariPool-1 housekeeper][HikariPool.java:421] - HikariPool-1 - Pool stats (total=10, active=0, idle=10, waiting=0)
[qq-system-service] 2023-04-23 11:46:37,839 DEBUG [HikariPool-1 housekeeper][HikariPool.java:517] - HikariPool-1 - Fill pool skipped, pool is at sufficient level.
[qq-system-service] 2023-04-23 11:47:07,845 DEBUG [HikariPool-1 housekeeper][HikariPool.java:421] - HikariPool-1 - Pool stats (total=10, active=0, idle=10, waiting=0)
[qq-system-service] 2023-04-23 11:47:07,845 DEBUG [HikariPool-1 housekeeper][HikariPool.java:517] - HikariPool-1 - Fill pool skipped, pool is at sufficient level.
[qq-system-service] 2023-04-23 11:47:37,847 DEBUG [HikariPool-1 housekeeper][HikariPool.java:421] - HikariPool-1 - Pool stats (total=10, active=0, idle=10, waiting=0)
[qq-system-service] 2023-04-23 11:47:37,847 DEBUG [HikariPool-1 housekeeper][HikariPool.java:517] - HikariPool-1 - Fill pool skipped, pool is at sufficient level.
[qq-system-service] 2023-04-23 11:48:07,855 DEBUG [HikariPool-1 housekeeper][HikariPool.java:421] - HikariPool-1 - Pool stats (total=10, active=0, idle=10, waiting=0)
[qq-system-service] 2023-04-23 11:48:07,855 DEBUG [HikariPool-1 housekeeper][HikariPool.java:517] - HikariPool-1 - Fill pool skipped, pool is at sufficient level.
[qq-system-service] 2023-04-23 11:48:37,872 DEBUG [HikariPool-1 housekeeper][HikariPool.java:421] - HikariPool-1 - Pool stats (total=10, active=0, idle=10, waiting=0)
[qq-system-service] 2023-04-23 11:48:37,872 DEBUG [HikariPool-1 housekeeper][HikariPool.java:517] - HikariPool-1 - Fill pool skipped, pool is at sufficient level.
[qq-system-service] 2023-04-23 11:49:07,875 DEBUG [HikariPool-1 housekeeper][HikariPool.java:421] - HikariPool-1 - Pool stats (total=10, active=0, idle=10, waiting=0)
[qq-system-service] 2023-04-23 11:49:07,875 DEBUG [HikariPool-1 housekeeper][HikariPool.java:517] - HikariPool-1 - Fill pool skipped, pool is at sufficient level.
[qq-system-service] 2023-04-23 11:49:37,880 DEBUG [HikariPool-1 housekeeper][HikariPool.java:421] - HikariPool-1 - Pool stats (total=10, active=0, idle=10, waiting=0)
[qq-system-service] 2023-04-23 11:49:37,880 DEBUG [HikariPool-1 housekeeper][HikariPool.java:517] - HikariPool-1 - Fill pool skipped, pool is at sufficient level.
[qq-system-service] 2023-04-23 11:50:07,885 DEBUG [HikariPool-1 housekeeper][HikariPool.java:421] - HikariPool-1 - Pool stats (total=10, active=0, idle=10, waiting=0)
[qq-system-service] 2023-04-23 11:50:07,885 DEBUG [HikariPool-1 housekeeper][HikariPool.java:517] - HikariPool-1 - Fill pool skipped, pool is at sufficient level.
[qq-system-service] 2023-04-23 11:50:37,886 DEBUG [HikariPool-1 housekeeper][HikariPool.java:421] - HikariPool-1 - Pool stats (total=10, active=0, idle=10, waiting=0)
[qq-system-service] 2023-04-23 11:50:37,886 DEBUG [HikariPool-1 housekeeper][HikariPool.java:517] - HikariPool-1 - Fill pool skipped, pool is at sufficient level.
[qq-system-service] 2023-04-23 11:51:07,889 DEBUG [HikariPool-1 housekeeper][HikariPool.java:421] - HikariPool-1 - Pool stats (total=10, active=0, idle=10, waiting=0)
[qq-system-service] 2023-04-23 11:51:07,889 DEBUG [HikariPool-1 housekeeper][HikariPool.java:517] - HikariPool-1 - Fill pool skipped, pool is at sufficient level.
[qq-system-service] 2023-04-23 11:51:37,894 DEBUG [HikariPool-1 housekeeper][HikariPool.java:421] - HikariPool-1 - Pool stats (total=10, active=0, idle=10, waiting=0)
[qq-system-service] 2023-04-23 11:51:37,894 DEBUG [HikariPool-1 housekeeper][HikariPool.java:517] - HikariPool-1 - Fill pool skipped, pool is at sufficient level.
[qq-system-service] 2023-04-23 11:52:07,896 DEBUG [HikariPool-1 housekeeper][HikariPool.java:421] - HikariPool-1 - Pool stats (total=10, active=0, idle=10, waiting=0)
[qq-system-service] 2023-04-23 11:52:07,896 DEBUG [HikariPool-1 housekeeper][HikariPool.java:517] - HikariPool-1 - Fill pool skipped, pool is at sufficient level.
[qq-system-service] 2023-04-23 11:52:37,901 DEBUG [HikariPool-1 housekeeper][HikariPool.java:421] - HikariPool-1 - Pool stats (total=10, active=0, idle=10, waiting=0)
[qq-system-service] 2023-04-23 11:52:37,901 DEBUG [HikariPool-1 housekeeper][HikariPool.java:517] - HikariPool-1 - Fill pool skipped, pool is at sufficient level.
[qq-system-service] 2023-04-23 11:53:07,908 DEBUG [HikariPool-1 housekeeper][HikariPool.java:421] - HikariPool-1 - Pool stats (total=10, active=0, idle=10, waiting=0)
[qq-system-service] 2023-04-23 11:53:07,908 DEBUG [HikariPool-1 housekeeper][HikariPool.java:517] - HikariPool-1 - Fill pool skipped, pool is at sufficient level.
[qq-system-service] 2023-04-23 11:53:37,919 DEBUG [HikariPool-1 housekeeper][HikariPool.java:421] - HikariPool-1 - Pool stats (total=10, active=0, idle=10, waiting=0)
[qq-system-service] 2023-04-23 11:53:37,919 DEBUG [HikariPool-1 housekeeper][HikariPool.java:517] - HikariPool-1 - Fill pool skipped, pool is at sufficient level.
[qq-system-service] 2023-04-23 11:54:07,921 DEBUG [HikariPool-1 housekeeper][HikariPool.java:421] - HikariPool-1 - Pool stats (total=10, active=0, idle=10, waiting=0)
[qq-system-service] 2023-04-23 11:54:07,921 DEBUG [HikariPool-1 housekeeper][HikariPool.java:517] - HikariPool-1 - Fill pool skipped, pool is at sufficient level.
[qq-system-service] 2023-04-23 11:54:37,934 DEBUG [HikariPool-1 housekeeper][HikariPool.java:421] - HikariPool-1 - Pool stats (total=10, active=0, idle=10, waiting=0)
[qq-system-service] 2023-04-23 11:54:37,934 DEBUG [HikariPool-1 housekeeper][HikariPool.java:517] - HikariPool-1 - Fill pool skipped, pool is at sufficient level.
[qq-system-service] 2023-04-23 11:55:07,949 DEBUG [HikariPool-1 housekeeper][HikariPool.java:421] - HikariPool-1 - Pool stats (total=10, active=0, idle=10, waiting=0)
[qq-system-service] 2023-04-23 11:55:07,949 DEBUG [HikariPool-1 housekeeper][HikariPool.java:517] - HikariPool-1 - Fill pool skipped, pool is at sufficient level.
[qq-system-service] 2023-04-23 11:55:37,963 DEBUG [HikariPool-1 housekeeper][HikariPool.java:421] - HikariPool-1 - Pool stats (total=10, active=0, idle=10, waiting=0)
[qq-system-service] 2023-04-23 11:55:37,963 DEBUG [HikariPool-1 housekeeper][HikariPool.java:517] - HikariPool-1 - Fill pool skipped, pool is at sufficient level.
[qq-system-service] 2023-04-23 11:56:07,964 DEBUG [HikariPool-1 housekeeper][HikariPool.java:421] - HikariPool-1 - Pool stats (total=10, active=0, idle=10, waiting=0)
[qq-system-service] 2023-04-23 11:56:07,964 DEBUG [HikariPool-1 housekeeper][HikariPool.java:517] - HikariPool-1 - Fill pool skipped, pool is at sufficient level.
[qq-system-service] 2023-04-23 11:56:37,968 DEBUG [HikariPool-1 housekeeper][HikariPool.java:421] - HikariPool-1 - Pool stats (total=10, active=0, idle=10, waiting=0)
[qq-system-service] 2023-04-23 11:56:37,968 DEBUG [HikariPool-1 housekeeper][HikariPool.java:517] - HikariPool-1 - Fill pool skipped, pool is at sufficient level.
[qq-system-service] 2023-04-23 11:57:07,982 DEBUG [HikariPool-1 housekeeper][HikariPool.java:421] - HikariPool-1 - Pool stats (total=10, active=0, idle=10, waiting=0)
[qq-system-service] 2023-04-23 11:57:07,982 DEBUG [HikariPool-1 housekeeper][HikariPool.java:517] - HikariPool-1 - Fill pool skipped, pool is at sufficient level.
[qq-system-service] 2023-04-23 11:57:37,997 DEBUG [HikariPool-1 housekeeper][HikariPool.java:421] - HikariPool-1 - Pool stats (total=10, active=0, idle=10, waiting=0)
[qq-system-service] 2023-04-23 11:57:37,997 DEBUG [HikariPool-1 housekeeper][HikariPool.java:517] - HikariPool-1 - Fill pool skipped, pool is at sufficient level.
[qq-system-service] 2023-04-23 11:57:49,634 DEBUG [HikariPool-1 connection closer][PoolBase.java:134] - HikariPool-1 - Closing connection com.mysql.jdbc.JDBC4Connection@5295ef81: (connection has passed maxLifetime)
[qq-system-service] 2023-04-23 11:57:51,283 DEBUG [HikariPool-1 connection adder][HikariPool.java:728] - HikariPool-1 - Added connection com.mysql.jdbc.JDBC4Connection@4765334d
[qq-system-service] 2023-04-23 11:58:08,004 DEBUG [HikariPool-1 housekeeper][HikariPool.java:421] - HikariPool-1 - Pool stats (total=10, active=0, idle=10, waiting=0)
[qq-system-service] 2023-04-23 11:58:08,004 DEBUG [HikariPool-1 housekeeper][HikariPool.java:517] - HikariPool-1 - Fill pool skipped, pool is at sufficient level.
[qq-system-service] 2023-04-23 11:58:38,012 DEBUG [HikariPool-1 housekeeper][HikariPool.java:421] - HikariPool-1 - Pool stats (total=10, active=0, idle=10, waiting=0)
[qq-system-service] 2023-04-23 11:58:38,012 DEBUG [HikariPool-1 housekeeper][HikariPool.java:517] - HikariPool-1 - Fill pool skipped, pool is at sufficient level.
[qq-system-service] 2023-04-23 11:59:08,021 DEBUG [HikariPool-1 housekeeper][HikariPool.java:421] - HikariPool-1 - Pool stats (total=10, active=0, idle=10, waiting=0)
[qq-system-service] 2023-04-23 11:59:08,021 DEBUG [HikariPool-1 housekeeper][HikariPool.java:517] - HikariPool-1 - Fill pool skipped, pool is at sufficient level.
[qq-system-service] 2023-04-23 11:59:23,653 DEBUG [HikariPool-1 connection closer][PoolBase.java:134] - HikariPool-1 - Closing connection com.mysql.jdbc.JDBC4Connection@47e817a0: (connection has passed maxLifetime)
[qq-system-service] 2023-04-23 11:59:25,259 DEBUG [HikariPool-1 connection adder][HikariPool.java:728] - HikariPool-1 - Added connection com.mysql.jdbc.JDBC4Connection@43cc68e0
[qq-system-service] 2023-04-23 11:59:38,025 DEBUG [HikariPool-1 housekeeper][HikariPool.java:421] - HikariPool-1 - Pool stats (total=10, active=0, idle=10, waiting=0)
[qq-system-service] 2023-04-23 11:59:38,025 DEBUG [HikariPool-1 housekeeper][HikariPool.java:517] - HikariPool-1 - Fill pool skipped, pool is at sufficient level.
