[qq-system-service] 2023-04-14 21:00:26,875 DEBUG [HikariPool-1 housekeeper][HikariPool.java:421] - HikariPool-1 - Pool stats (total=10, active=0, idle=10, waiting=0)
[qq-system-service] 2023-04-14 21:00:26,875 DEBUG [HikariPool-1 housekeeper][HikariPool.java:517] - HikariPool-1 - Fill pool skipped, pool is at sufficient level.
[qq-system-service] 2023-04-14 21:00:56,891 DEBUG [HikariPool-1 housekeeper][HikariPool.java:421] - HikariPool-1 - Pool stats (total=10, active=0, idle=10, waiting=0)
[qq-system-service] 2023-04-14 21:00:56,891 DEBUG [HikariPool-1 housekeeper][HikariPool.java:517] - HikariPool-1 - Fill pool skipped, pool is at sufficient level.
[qq-system-service] 2023-04-14 21:01:26,892 DEBUG [HikariPool-1 housekeeper][HikariPool.java:421] - HikariPool-1 - Pool stats (total=10, active=0, idle=10, waiting=0)
[qq-system-service] 2023-04-14 21:01:26,892 DEBUG [HikariPool-1 housekeeper][HikariPool.java:517] - HikariPool-1 - Fill pool skipped, pool is at sufficient level.
[qq-system-service] 2023-04-14 21:01:56,905 DEBUG [HikariPool-1 housekeeper][HikariPool.java:421] - HikariPool-1 - Pool stats (total=10, active=0, idle=10, waiting=0)
[qq-system-service] 2023-04-14 21:01:56,905 DEBUG [HikariPool-1 housekeeper][HikariPool.java:517] - HikariPool-1 - Fill pool skipped, pool is at sufficient level.
[qq-system-service] 2023-04-14 21:02:26,913 DEBUG [HikariPool-1 housekeeper][HikariPool.java:421] - HikariPool-1 - Pool stats (total=10, active=0, idle=10, waiting=0)
[qq-system-service] 2023-04-14 21:02:26,913 DEBUG [HikariPool-1 housekeeper][HikariPool.java:517] - HikariPool-1 - Fill pool skipped, pool is at sufficient level.
[qq-system-service] 2023-04-14 21:02:56,925 DEBUG [HikariPool-1 housekeeper][HikariPool.java:421] - HikariPool-1 - Pool stats (total=10, active=0, idle=10, waiting=0)
[qq-system-service] 2023-04-14 21:02:56,925 DEBUG [HikariPool-1 housekeeper][HikariPool.java:517] - HikariPool-1 - Fill pool skipped, pool is at sufficient level.
[qq-system-service] 2023-04-14 21:03:26,937 DEBUG [HikariPool-1 housekeeper][HikariPool.java:421] - HikariPool-1 - Pool stats (total=10, active=0, idle=10, waiting=0)
[qq-system-service] 2023-04-14 21:03:26,937 DEBUG [HikariPool-1 housekeeper][HikariPool.java:517] - HikariPool-1 - Fill pool skipped, pool is at sufficient level.
[qq-system-service] 2023-04-14 21:03:56,952 DEBUG [HikariPool-1 housekeeper][HikariPool.java:421] - HikariPool-1 - Pool stats (total=10, active=0, idle=10, waiting=0)
[qq-system-service] 2023-04-14 21:03:56,952 DEBUG [HikariPool-1 housekeeper][HikariPool.java:517] - HikariPool-1 - Fill pool skipped, pool is at sufficient level.
[qq-system-service] 2023-04-14 21:04:23,216 DEBUG [HikariPool-1 connection closer][PoolBase.java:134] - HikariPool-1 - Closing connection com.mysql.jdbc.JDBC4Connection@51c6e4f9: (connection has passed maxLifetime)
[qq-system-service] 2023-04-14 21:04:24,107 DEBUG [HikariPool-1 connection adder][HikariPool.java:728] - HikariPool-1 - Added connection com.mysql.jdbc.JDBC4Connection@31ce3793
[qq-system-service] 2023-04-14 21:04:26,955 DEBUG [HikariPool-1 housekeeper][HikariPool.java:421] - HikariPool-1 - Pool stats (total=10, active=0, idle=10, waiting=0)
[qq-system-service] 2023-04-14 21:04:26,955 DEBUG [HikariPool-1 housekeeper][HikariPool.java:517] - HikariPool-1 - Fill pool skipped, pool is at sufficient level.
[qq-system-service] 2023-04-14 21:04:56,963 DEBUG [HikariPool-1 housekeeper][HikariPool.java:421] - HikariPool-1 - Pool stats (total=10, active=0, idle=10, waiting=0)
[qq-system-service] 2023-04-14 21:04:56,963 DEBUG [HikariPool-1 housekeeper][HikariPool.java:517] - HikariPool-1 - Fill pool skipped, pool is at sufficient level.
[qq-system-service] 2023-04-14 21:05:26,977 DEBUG [HikariPool-1 housekeeper][HikariPool.java:421] - HikariPool-1 - Pool stats (total=10, active=0, idle=10, waiting=0)
[qq-system-service] 2023-04-14 21:05:26,977 DEBUG [HikariPool-1 housekeeper][HikariPool.java:517] - HikariPool-1 - Fill pool skipped, pool is at sufficient level.
[qq-system-service] 2023-04-14 21:05:43,328 DEBUG [HikariPool-1 connection closer][PoolBase.java:134] - HikariPool-1 - Closing connection com.mysql.jdbc.JDBC4Connection@2e28f6de: (connection has passed maxLifetime)
[qq-system-service] 2023-04-14 21:05:43,730 DEBUG [HikariPool-1 connection adder][HikariPool.java:728] - HikariPool-1 - Added connection com.mysql.jdbc.JDBC4Connection@60d5f826
[qq-system-service] 2023-04-14 21:05:45,476 DEBUG [HikariPool-1 connection closer][PoolBase.java:134] - HikariPool-1 - Closing connection com.mysql.jdbc.JDBC4Connection@2b76b6cb: (connection has passed maxLifetime)
[qq-system-service] 2023-04-14 21:05:46,403 DEBUG [HikariPool-1 connection adder][HikariPool.java:728] - HikariPool-1 - Added connection com.mysql.jdbc.JDBC4Connection@fa0769
[qq-system-service] 2023-04-14 21:05:56,982 DEBUG [HikariPool-1 housekeeper][HikariPool.java:421] - HikariPool-1 - Pool stats (total=10, active=0, idle=10, waiting=0)
[qq-system-service] 2023-04-14 21:05:56,982 DEBUG [HikariPool-1 housekeeper][HikariPool.java:517] - HikariPool-1 - Fill pool skipped, pool is at sufficient level.
[qq-system-service] 2023-04-14 21:06:12,532 DEBUG [HikariPool-1 connection closer][PoolBase.java:134] - HikariPool-1 - Closing connection com.mysql.jdbc.JDBC4Connection@11e902d5: (connection has passed maxLifetime)
[qq-system-service] 2023-04-14 21:06:14,549 DEBUG [HikariPool-1 connection adder][HikariPool.java:728] - HikariPool-1 - Added connection com.mysql.jdbc.JDBC4Connection@c30c47f
[qq-system-service] 2023-04-14 21:06:21,231 DEBUG [HikariPool-1 connection closer][PoolBase.java:134] - HikariPool-1 - Closing connection com.mysql.jdbc.JDBC4Connection@49dda75b: (connection has passed maxLifetime)
[qq-system-service] 2023-04-14 21:06:22,958 DEBUG [HikariPool-1 connection adder][HikariPool.java:728] - HikariPool-1 - Added connection com.mysql.jdbc.JDBC4Connection@30b9aeb8
[qq-system-service] 2023-04-14 21:06:26,986 DEBUG [HikariPool-1 housekeeper][HikariPool.java:421] - HikariPool-1 - Pool stats (total=10, active=0, idle=10, waiting=0)
[qq-system-service] 2023-04-14 21:06:26,986 DEBUG [HikariPool-1 housekeeper][HikariPool.java:517] - HikariPool-1 - Fill pool skipped, pool is at sufficient level.
[qq-system-service] 2023-04-14 21:06:53,157 DEBUG [HikariPool-1 connection closer][PoolBase.java:134] - HikariPool-1 - Closing connection com.mysql.jdbc.JDBC4Connection@38a1ac91: (connection has passed maxLifetime)
[qq-system-service] 2023-04-14 21:06:53,551 DEBUG [HikariPool-1 connection adder][HikariPool.java:728] - HikariPool-1 - Added connection com.mysql.jdbc.JDBC4Connection@7d9d3ea1
[qq-system-service] 2023-04-14 21:06:54,135 DEBUG [HikariPool-1 connection closer][PoolBase.java:134] - HikariPool-1 - Closing connection com.mysql.jdbc.JDBC4Connection@13490e5a: (connection has passed maxLifetime)
[qq-system-service] 2023-04-14 21:06:54,859 DEBUG [HikariPool-1 connection adder][HikariPool.java:728] - HikariPool-1 - Added connection com.mysql.jdbc.JDBC4Connection@1db2c1ee
[qq-system-service] 2023-04-14 21:06:56,999 DEBUG [HikariPool-1 housekeeper][HikariPool.java:421] - HikariPool-1 - Pool stats (total=10, active=0, idle=10, waiting=0)
[qq-system-service] 2023-04-14 21:06:56,999 DEBUG [HikariPool-1 housekeeper][HikariPool.java:517] - HikariPool-1 - Fill pool skipped, pool is at sufficient level.
[qq-system-service] 2023-04-14 21:07:27,012 DEBUG [HikariPool-1 housekeeper][HikariPool.java:421] - HikariPool-1 - Pool stats (total=10, active=0, idle=10, waiting=0)
[qq-system-service] 2023-04-14 21:07:27,012 DEBUG [HikariPool-1 housekeeper][HikariPool.java:517] - HikariPool-1 - Fill pool skipped, pool is at sufficient level.
[qq-system-service] 2023-04-14 21:07:27,012 DEBUG [HikariPool-1 connection closer][PoolBase.java:134] - HikariPool-1 - Closing connection com.mysql.jdbc.JDBC4Connection@a919cc9: (connection has passed maxLifetime)
[qq-system-service] 2023-04-14 21:07:28,180 DEBUG [HikariPool-1 connection adder][HikariPool.java:728] - HikariPool-1 - Added connection com.mysql.jdbc.JDBC4Connection@62b18f2a
[qq-system-service] 2023-04-14 21:07:31,705 DEBUG [HikariPool-1 connection closer][PoolBase.java:134] - HikariPool-1 - Closing connection com.mysql.jdbc.JDBC4Connection@3cf3fa8e: (connection has passed maxLifetime)
[qq-system-service] 2023-04-14 21:07:32,282 DEBUG [HikariPool-1 connection adder][HikariPool.java:728] - HikariPool-1 - Added connection com.mysql.jdbc.JDBC4Connection@29e7065
[qq-system-service] 2023-04-14 21:07:49,977 DEBUG [HikariPool-1 connection closer][PoolBase.java:134] - HikariPool-1 - Closing connection com.mysql.jdbc.JDBC4Connection@6abe6386: (connection has passed maxLifetime)
[qq-system-service] 2023-04-14 21:07:50,448 DEBUG [HikariPool-1 connection adder][HikariPool.java:728] - HikariPool-1 - Added connection com.mysql.jdbc.JDBC4Connection@50d8ad54
[qq-system-service] 2023-04-14 21:07:57,024 DEBUG [HikariPool-1 housekeeper][HikariPool.java:421] - HikariPool-1 - Pool stats (total=10, active=0, idle=10, waiting=0)
[qq-system-service] 2023-04-14 21:07:57,024 DEBUG [HikariPool-1 housekeeper][HikariPool.java:517] - HikariPool-1 - Fill pool skipped, pool is at sufficient level.
[qq-system-service] 2023-04-14 21:08:27,038 DEBUG [HikariPool-1 housekeeper][HikariPool.java:421] - HikariPool-1 - Pool stats (total=10, active=0, idle=10, waiting=0)
[qq-system-service] 2023-04-14 21:08:27,038 DEBUG [HikariPool-1 housekeeper][HikariPool.java:517] - HikariPool-1 - Fill pool skipped, pool is at sufficient level.
[qq-system-service] 2023-04-14 21:08:57,050 DEBUG [HikariPool-1 housekeeper][HikariPool.java:421] - HikariPool-1 - Pool stats (total=10, active=0, idle=10, waiting=0)
[qq-system-service] 2023-04-14 21:08:57,050 DEBUG [HikariPool-1 housekeeper][HikariPool.java:517] - HikariPool-1 - Fill pool skipped, pool is at sufficient level.
[qq-system-service] 2023-04-14 21:09:27,057 DEBUG [HikariPool-1 housekeeper][HikariPool.java:421] - HikariPool-1 - Pool stats (total=10, active=0, idle=10, waiting=0)
[qq-system-service] 2023-04-14 21:09:27,057 DEBUG [HikariPool-1 housekeeper][HikariPool.java:517] - HikariPool-1 - Fill pool skipped, pool is at sufficient level.
[qq-system-service] 2023-04-14 21:09:57,061 DEBUG [HikariPool-1 housekeeper][HikariPool.java:421] - HikariPool-1 - Pool stats (total=10, active=0, idle=10, waiting=0)
[qq-system-service] 2023-04-14 21:09:57,061 DEBUG [HikariPool-1 housekeeper][HikariPool.java:517] - HikariPool-1 - Fill pool skipped, pool is at sufficient level.
[qq-system-service] 2023-04-14 21:10:27,071 DEBUG [HikariPool-1 housekeeper][HikariPool.java:421] - HikariPool-1 - Pool stats (total=10, active=0, idle=10, waiting=0)
[qq-system-service] 2023-04-14 21:10:27,071 DEBUG [HikariPool-1 housekeeper][HikariPool.java:517] - HikariPool-1 - Fill pool skipped, pool is at sufficient level.
[qq-system-service] 2023-04-14 21:10:57,072 DEBUG [HikariPool-1 housekeeper][HikariPool.java:421] - HikariPool-1 - Pool stats (total=10, active=0, idle=10, waiting=0)
[qq-system-service] 2023-04-14 21:10:57,072 DEBUG [HikariPool-1 housekeeper][HikariPool.java:517] - HikariPool-1 - Fill pool skipped, pool is at sufficient level.
[qq-system-service] 2023-04-14 21:11:27,077 DEBUG [HikariPool-1 housekeeper][HikariPool.java:421] - HikariPool-1 - Pool stats (total=10, active=0, idle=10, waiting=0)
[qq-system-service] 2023-04-14 21:11:27,077 DEBUG [HikariPool-1 housekeeper][HikariPool.java:517] - HikariPool-1 - Fill pool skipped, pool is at sufficient level.
[qq-system-service] 2023-04-14 21:11:57,085 DEBUG [HikariPool-1 housekeeper][HikariPool.java:421] - HikariPool-1 - Pool stats (total=10, active=0, idle=10, waiting=0)
[qq-system-service] 2023-04-14 21:11:57,085 DEBUG [HikariPool-1 housekeeper][HikariPool.java:517] - HikariPool-1 - Fill pool skipped, pool is at sufficient level.
[qq-system-service] 2023-04-14 21:12:27,100 DEBUG [HikariPool-1 housekeeper][HikariPool.java:421] - HikariPool-1 - Pool stats (total=10, active=0, idle=10, waiting=0)
[qq-system-service] 2023-04-14 21:12:27,100 DEBUG [HikariPool-1 housekeeper][HikariPool.java:517] - HikariPool-1 - Fill pool skipped, pool is at sufficient level.
[qq-system-service] 2023-04-14 21:12:57,111 DEBUG [HikariPool-1 housekeeper][HikariPool.java:421] - HikariPool-1 - Pool stats (total=10, active=0, idle=10, waiting=0)
[qq-system-service] 2023-04-14 21:12:57,111 DEBUG [HikariPool-1 housekeeper][HikariPool.java:517] - HikariPool-1 - Fill pool skipped, pool is at sufficient level.
[qq-system-service] 2023-04-14 21:13:27,116 DEBUG [HikariPool-1 housekeeper][HikariPool.java:421] - HikariPool-1 - Pool stats (total=10, active=0, idle=10, waiting=0)
[qq-system-service] 2023-04-14 21:13:27,116 DEBUG [HikariPool-1 housekeeper][HikariPool.java:517] - HikariPool-1 - Fill pool skipped, pool is at sufficient level.
[qq-system-service] 2023-04-14 21:13:57,127 DEBUG [HikariPool-1 housekeeper][HikariPool.java:421] - HikariPool-1 - Pool stats (total=10, active=0, idle=10, waiting=0)
[qq-system-service] 2023-04-14 21:13:57,127 DEBUG [HikariPool-1 housekeeper][HikariPool.java:517] - HikariPool-1 - Fill pool skipped, pool is at sufficient level.
[qq-system-service] 2023-04-14 21:14:27,131 DEBUG [HikariPool-1 housekeeper][HikariPool.java:421] - HikariPool-1 - Pool stats (total=10, active=0, idle=10, waiting=0)
[qq-system-service] 2023-04-14 21:14:27,131 DEBUG [HikariPool-1 housekeeper][HikariPool.java:517] - HikariPool-1 - Fill pool skipped, pool is at sufficient level.
[qq-system-service] 2023-04-14 21:14:57,146 DEBUG [HikariPool-1 housekeeper][HikariPool.java:421] - HikariPool-1 - Pool stats (total=10, active=0, idle=10, waiting=0)
[qq-system-service] 2023-04-14 21:14:57,146 DEBUG [HikariPool-1 housekeeper][HikariPool.java:517] - HikariPool-1 - Fill pool skipped, pool is at sufficient level.
[qq-system-service] 2023-04-14 21:15:27,157 DEBUG [HikariPool-1 housekeeper][HikariPool.java:421] - HikariPool-1 - Pool stats (total=10, active=0, idle=10, waiting=0)
[qq-system-service] 2023-04-14 21:15:27,157 DEBUG [HikariPool-1 housekeeper][HikariPool.java:517] - HikariPool-1 - Fill pool skipped, pool is at sufficient level.
[qq-system-service] 2023-04-14 21:15:57,157 DEBUG [HikariPool-1 housekeeper][HikariPool.java:421] - HikariPool-1 - Pool stats (total=10, active=0, idle=10, waiting=0)
[qq-system-service] 2023-04-14 21:15:57,157 DEBUG [HikariPool-1 housekeeper][HikariPool.java:517] - HikariPool-1 - Fill pool skipped, pool is at sufficient level.
[qq-system-service] 2023-04-14 21:16:27,171 DEBUG [HikariPool-1 housekeeper][HikariPool.java:421] - HikariPool-1 - Pool stats (total=10, active=0, idle=10, waiting=0)
[qq-system-service] 2023-04-14 21:16:27,171 DEBUG [HikariPool-1 housekeeper][HikariPool.java:517] - HikariPool-1 - Fill pool skipped, pool is at sufficient level.
[qq-system-service] 2023-04-14 21:16:57,174 DEBUG [HikariPool-1 housekeeper][HikariPool.java:421] - HikariPool-1 - Pool stats (total=10, active=0, idle=10, waiting=0)
[qq-system-service] 2023-04-14 21:16:57,174 DEBUG [HikariPool-1 housekeeper][HikariPool.java:517] - HikariPool-1 - Fill pool skipped, pool is at sufficient level.
[qq-system-service] 2023-04-14 21:17:27,186 DEBUG [HikariPool-1 housekeeper][HikariPool.java:421] - HikariPool-1 - Pool stats (total=10, active=0, idle=10, waiting=0)
[qq-system-service] 2023-04-14 21:17:27,186 DEBUG [HikariPool-1 housekeeper][HikariPool.java:517] - HikariPool-1 - Fill pool skipped, pool is at sufficient level.
[qq-system-service] 2023-04-14 21:17:57,197 DEBUG [HikariPool-1 housekeeper][HikariPool.java:421] - HikariPool-1 - Pool stats (total=10, active=0, idle=10, waiting=0)
[qq-system-service] 2023-04-14 21:17:57,197 DEBUG [HikariPool-1 housekeeper][HikariPool.java:517] - HikariPool-1 - Fill pool skipped, pool is at sufficient level.
[qq-system-service] 2023-04-14 21:18:27,213 DEBUG [HikariPool-1 housekeeper][HikariPool.java:421] - HikariPool-1 - Pool stats (total=10, active=0, idle=10, waiting=0)
[qq-system-service] 2023-04-14 21:18:27,213 DEBUG [HikariPool-1 housekeeper][HikariPool.java:517] - HikariPool-1 - Fill pool skipped, pool is at sufficient level.
[qq-system-service] 2023-04-14 21:18:57,214 DEBUG [HikariPool-1 housekeeper][HikariPool.java:421] - HikariPool-1 - Pool stats (total=10, active=0, idle=10, waiting=0)
[qq-system-service] 2023-04-14 21:18:57,214 DEBUG [HikariPool-1 housekeeper][HikariPool.java:517] - HikariPool-1 - Fill pool skipped, pool is at sufficient level.
[qq-system-service] 2023-04-14 21:19:27,221 DEBUG [HikariPool-1 housekeeper][HikariPool.java:421] - HikariPool-1 - Pool stats (total=10, active=0, idle=10, waiting=0)
[qq-system-service] 2023-04-14 21:19:27,221 DEBUG [HikariPool-1 housekeeper][HikariPool.java:517] - HikariPool-1 - Fill pool skipped, pool is at sufficient level.
[qq-system-service] 2023-04-14 21:19:57,234 DEBUG [HikariPool-1 housekeeper][HikariPool.java:421] - HikariPool-1 - Pool stats (total=10, active=0, idle=10, waiting=0)
[qq-system-service] 2023-04-14 21:19:57,234 DEBUG [HikariPool-1 housekeeper][HikariPool.java:517] - HikariPool-1 - Fill pool skipped, pool is at sufficient level.
[qq-system-service] 2023-04-14 21:20:27,236 DEBUG [HikariPool-1 housekeeper][HikariPool.java:421] - HikariPool-1 - Pool stats (total=10, active=0, idle=10, waiting=0)
[qq-system-service] 2023-04-14 21:20:27,236 DEBUG [HikariPool-1 housekeeper][HikariPool.java:517] - HikariPool-1 - Fill pool skipped, pool is at sufficient level.
[qq-system-service] 2023-04-14 21:20:57,248 DEBUG [HikariPool-1 housekeeper][HikariPool.java:421] - HikariPool-1 - Pool stats (total=10, active=0, idle=10, waiting=0)
[qq-system-service] 2023-04-14 21:20:57,248 DEBUG [HikariPool-1 housekeeper][HikariPool.java:517] - HikariPool-1 - Fill pool skipped, pool is at sufficient level.
[qq-system-service] 2023-04-14 21:21:27,252 DEBUG [HikariPool-1 housekeeper][HikariPool.java:421] - HikariPool-1 - Pool stats (total=10, active=0, idle=10, waiting=0)
[qq-system-service] 2023-04-14 21:21:27,252 DEBUG [HikariPool-1 housekeeper][HikariPool.java:517] - HikariPool-1 - Fill pool skipped, pool is at sufficient level.
[qq-system-service] 2023-04-14 21:21:57,255 DEBUG [HikariPool-1 housekeeper][HikariPool.java:421] - HikariPool-1 - Pool stats (total=10, active=0, idle=10, waiting=0)
[qq-system-service] 2023-04-14 21:21:57,255 DEBUG [HikariPool-1 housekeeper][HikariPool.java:517] - HikariPool-1 - Fill pool skipped, pool is at sufficient level.
[qq-system-service] 2023-04-14 21:22:27,260 DEBUG [HikariPool-1 housekeeper][HikariPool.java:421] - HikariPool-1 - Pool stats (total=10, active=0, idle=10, waiting=0)
[qq-system-service] 2023-04-14 21:22:27,260 DEBUG [HikariPool-1 housekeeper][HikariPool.java:517] - HikariPool-1 - Fill pool skipped, pool is at sufficient level.
[qq-system-service] 2023-04-14 21:22:57,270 DEBUG [HikariPool-1 housekeeper][HikariPool.java:421] - HikariPool-1 - Pool stats (total=10, active=0, idle=10, waiting=0)
[qq-system-service] 2023-04-14 21:22:57,270 DEBUG [HikariPool-1 housekeeper][HikariPool.java:517] - HikariPool-1 - Fill pool skipped, pool is at sufficient level.
[qq-system-service] 2023-04-14 21:23:27,274 DEBUG [HikariPool-1 housekeeper][HikariPool.java:421] - HikariPool-1 - Pool stats (total=10, active=0, idle=10, waiting=0)
[qq-system-service] 2023-04-14 21:23:27,274 DEBUG [HikariPool-1 housekeeper][HikariPool.java:517] - HikariPool-1 - Fill pool skipped, pool is at sufficient level.
[qq-system-service] 2023-04-14 21:23:57,281 DEBUG [HikariPool-1 housekeeper][HikariPool.java:421] - HikariPool-1 - Pool stats (total=10, active=0, idle=10, waiting=0)
[qq-system-service] 2023-04-14 21:23:57,281 DEBUG [HikariPool-1 housekeeper][HikariPool.java:517] - HikariPool-1 - Fill pool skipped, pool is at sufficient level.
[qq-system-service] 2023-04-14 21:24:27,288 DEBUG [HikariPool-1 housekeeper][HikariPool.java:421] - HikariPool-1 - Pool stats (total=10, active=0, idle=10, waiting=0)
[qq-system-service] 2023-04-14 21:24:27,288 DEBUG [HikariPool-1 housekeeper][HikariPool.java:517] - HikariPool-1 - Fill pool skipped, pool is at sufficient level.
[qq-system-service] 2023-04-14 21:24:57,299 DEBUG [HikariPool-1 housekeeper][HikariPool.java:421] - HikariPool-1 - Pool stats (total=10, active=0, idle=10, waiting=0)
[qq-system-service] 2023-04-14 21:24:57,299 DEBUG [HikariPool-1 housekeeper][HikariPool.java:517] - HikariPool-1 - Fill pool skipped, pool is at sufficient level.
[qq-system-service] 2023-04-14 21:25:27,304 DEBUG [HikariPool-1 housekeeper][HikariPool.java:421] - HikariPool-1 - Pool stats (total=10, active=0, idle=10, waiting=0)
[qq-system-service] 2023-04-14 21:25:27,304 DEBUG [HikariPool-1 housekeeper][HikariPool.java:517] - HikariPool-1 - Fill pool skipped, pool is at sufficient level.
[qq-system-service] 2023-04-14 21:25:57,308 DEBUG [HikariPool-1 housekeeper][HikariPool.java:421] - HikariPool-1 - Pool stats (total=10, active=0, idle=10, waiting=0)
[qq-system-service] 2023-04-14 21:25:57,308 DEBUG [HikariPool-1 housekeeper][HikariPool.java:517] - HikariPool-1 - Fill pool skipped, pool is at sufficient level.
[qq-system-service] 2023-04-14 21:26:27,318 DEBUG [HikariPool-1 housekeeper][HikariPool.java:421] - HikariPool-1 - Pool stats (total=10, active=0, idle=10, waiting=0)
[qq-system-service] 2023-04-14 21:26:27,318 DEBUG [HikariPool-1 housekeeper][HikariPool.java:517] - HikariPool-1 - Fill pool skipped, pool is at sufficient level.
[qq-system-service] 2023-04-14 21:26:57,321 DEBUG [HikariPool-1 housekeeper][HikariPool.java:421] - HikariPool-1 - Pool stats (total=10, active=0, idle=10, waiting=0)
[qq-system-service] 2023-04-14 21:26:57,321 DEBUG [HikariPool-1 housekeeper][HikariPool.java:517] - HikariPool-1 - Fill pool skipped, pool is at sufficient level.
[qq-system-service] 2023-04-14 21:27:27,328 DEBUG [HikariPool-1 housekeeper][HikariPool.java:421] - HikariPool-1 - Pool stats (total=10, active=0, idle=10, waiting=0)
[qq-system-service] 2023-04-14 21:27:27,328 DEBUG [HikariPool-1 housekeeper][HikariPool.java:517] - HikariPool-1 - Fill pool skipped, pool is at sufficient level.
[qq-system-service] 2023-04-14 21:27:57,332 DEBUG [HikariPool-1 housekeeper][HikariPool.java:421] - HikariPool-1 - Pool stats (total=10, active=0, idle=10, waiting=0)
[qq-system-service] 2023-04-14 21:27:57,332 DEBUG [HikariPool-1 housekeeper][HikariPool.java:517] - HikariPool-1 - Fill pool skipped, pool is at sufficient level.
[qq-system-service] 2023-04-14 21:28:27,336 DEBUG [HikariPool-1 housekeeper][HikariPool.java:421] - HikariPool-1 - Pool stats (total=10, active=0, idle=10, waiting=0)
[qq-system-service] 2023-04-14 21:28:27,336 DEBUG [HikariPool-1 housekeeper][HikariPool.java:517] - HikariPool-1 - Fill pool skipped, pool is at sufficient level.
[qq-system-service] 2023-04-14 21:28:57,346 DEBUG [HikariPool-1 housekeeper][HikariPool.java:421] - HikariPool-1 - Pool stats (total=10, active=0, idle=10, waiting=0)
[qq-system-service] 2023-04-14 21:28:57,346 DEBUG [HikariPool-1 housekeeper][HikariPool.java:517] - HikariPool-1 - Fill pool skipped, pool is at sufficient level.
[qq-system-service] 2023-04-14 21:29:27,361 DEBUG [HikariPool-1 housekeeper][HikariPool.java:421] - HikariPool-1 - Pool stats (total=10, active=0, idle=10, waiting=0)
[qq-system-service] 2023-04-14 21:29:27,361 DEBUG [HikariPool-1 housekeeper][HikariPool.java:517] - HikariPool-1 - Fill pool skipped, pool is at sufficient level.
[qq-system-service] 2023-04-14 21:29:57,366 DEBUG [HikariPool-1 housekeeper][HikariPool.java:421] - HikariPool-1 - Pool stats (total=10, active=0, idle=10, waiting=0)
[qq-system-service] 2023-04-14 21:29:57,366 DEBUG [HikariPool-1 housekeeper][HikariPool.java:517] - HikariPool-1 - Fill pool skipped, pool is at sufficient level.
[qq-system-service] 2023-04-14 21:30:27,368 DEBUG [HikariPool-1 housekeeper][HikariPool.java:421] - HikariPool-1 - Pool stats (total=10, active=0, idle=10, waiting=0)
[qq-system-service] 2023-04-14 21:30:27,368 DEBUG [HikariPool-1 housekeeper][HikariPool.java:517] - HikariPool-1 - Fill pool skipped, pool is at sufficient level.
[qq-system-service] 2023-04-14 21:30:57,378 DEBUG [HikariPool-1 housekeeper][HikariPool.java:421] - HikariPool-1 - Pool stats (total=10, active=0, idle=10, waiting=0)
[qq-system-service] 2023-04-14 21:30:57,378 DEBUG [HikariPool-1 housekeeper][HikariPool.java:517] - HikariPool-1 - Fill pool skipped, pool is at sufficient level.
[qq-system-service] 2023-04-14 21:31:27,387 DEBUG [HikariPool-1 housekeeper][HikariPool.java:421] - HikariPool-1 - Pool stats (total=10, active=0, idle=10, waiting=0)
[qq-system-service] 2023-04-14 21:31:27,387 DEBUG [HikariPool-1 housekeeper][HikariPool.java:517] - HikariPool-1 - Fill pool skipped, pool is at sufficient level.
[qq-system-service] 2023-04-14 21:31:57,399 DEBUG [HikariPool-1 housekeeper][HikariPool.java:421] - HikariPool-1 - Pool stats (total=10, active=0, idle=10, waiting=0)
[qq-system-service] 2023-04-14 21:31:57,399 DEBUG [HikariPool-1 housekeeper][HikariPool.java:517] - HikariPool-1 - Fill pool skipped, pool is at sufficient level.
[qq-system-service] 2023-04-14 21:32:27,402 DEBUG [HikariPool-1 housekeeper][HikariPool.java:421] - HikariPool-1 - Pool stats (total=10, active=0, idle=10, waiting=0)
[qq-system-service] 2023-04-14 21:32:27,402 DEBUG [HikariPool-1 housekeeper][HikariPool.java:517] - HikariPool-1 - Fill pool skipped, pool is at sufficient level.
[qq-system-service] 2023-04-14 21:32:57,415 DEBUG [HikariPool-1 housekeeper][HikariPool.java:421] - HikariPool-1 - Pool stats (total=10, active=0, idle=10, waiting=0)
[qq-system-service] 2023-04-14 21:32:57,415 DEBUG [HikariPool-1 housekeeper][HikariPool.java:517] - HikariPool-1 - Fill pool skipped, pool is at sufficient level.
[qq-system-service] 2023-04-14 21:33:27,429 DEBUG [HikariPool-1 housekeeper][HikariPool.java:421] - HikariPool-1 - Pool stats (total=10, active=0, idle=10, waiting=0)
[qq-system-service] 2023-04-14 21:33:27,429 DEBUG [HikariPool-1 housekeeper][HikariPool.java:517] - HikariPool-1 - Fill pool skipped, pool is at sufficient level.
[qq-system-service] 2023-04-14 21:33:57,441 DEBUG [HikariPool-1 housekeeper][HikariPool.java:421] - HikariPool-1 - Pool stats (total=10, active=0, idle=10, waiting=0)
[qq-system-service] 2023-04-14 21:33:57,441 DEBUG [HikariPool-1 housekeeper][HikariPool.java:517] - HikariPool-1 - Fill pool skipped, pool is at sufficient level.
[qq-system-service] 2023-04-14 21:34:11,184 DEBUG [HikariPool-1 connection closer][PoolBase.java:134] - HikariPool-1 - Closing connection com.mysql.jdbc.JDBC4Connection@31ce3793: (connection has passed maxLifetime)
[qq-system-service] 2023-04-14 21:34:12,128 DEBUG [HikariPool-1 connection adder][HikariPool.java:728] - HikariPool-1 - Added connection com.mysql.jdbc.JDBC4Connection@2fb1a05d
[qq-system-service] 2023-04-14 21:34:27,454 DEBUG [HikariPool-1 housekeeper][HikariPool.java:421] - HikariPool-1 - Pool stats (total=10, active=0, idle=10, waiting=0)
[qq-system-service] 2023-04-14 21:34:27,454 DEBUG [HikariPool-1 housekeeper][HikariPool.java:517] - HikariPool-1 - Fill pool skipped, pool is at sufficient level.
[qq-system-service] 2023-04-14 21:34:57,466 DEBUG [HikariPool-1 housekeeper][HikariPool.java:421] - HikariPool-1 - Pool stats (total=10, active=0, idle=10, waiting=0)
[qq-system-service] 2023-04-14 21:34:57,466 DEBUG [HikariPool-1 housekeeper][HikariPool.java:517] - HikariPool-1 - Fill pool skipped, pool is at sufficient level.
[qq-system-service] 2023-04-14 21:35:02,292 DEBUG [HikariPool-1 connection closer][PoolBase.java:134] - HikariPool-1 - Closing connection com.mysql.jdbc.JDBC4Connection@60d5f826: (connection has passed maxLifetime)
[qq-system-service] 2023-04-14 21:35:03,717 DEBUG [HikariPool-1 connection adder][HikariPool.java:728] - HikariPool-1 - Added connection com.mysql.jdbc.JDBC4Connection@ca503e6
[qq-system-service] 2023-04-14 21:35:25,382 DEBUG [HikariPool-1 connection closer][PoolBase.java:134] - HikariPool-1 - Closing connection com.mysql.jdbc.JDBC4Connection@fa0769: (connection has passed maxLifetime)
[qq-system-service] 2023-04-14 21:35:26,025 DEBUG [HikariPool-1 connection adder][HikariPool.java:728] - HikariPool-1 - Added connection com.mysql.jdbc.JDBC4Connection@3b2c4298
[qq-system-service] 2023-04-14 21:35:27,477 DEBUG [HikariPool-1 housekeeper][HikariPool.java:421] - HikariPool-1 - Pool stats (total=10, active=0, idle=10, waiting=0)
[qq-system-service] 2023-04-14 21:35:27,477 DEBUG [HikariPool-1 housekeeper][HikariPool.java:517] - HikariPool-1 - Fill pool skipped, pool is at sufficient level.
[qq-system-service] 2023-04-14 21:35:34,818 DEBUG [HikariPool-1 connection closer][PoolBase.java:134] - HikariPool-1 - Closing connection com.mysql.jdbc.JDBC4Connection@c30c47f: (connection has passed maxLifetime)
[qq-system-service] 2023-04-14 21:35:35,448 DEBUG [HikariPool-1 connection adder][HikariPool.java:728] - HikariPool-1 - Added connection com.mysql.jdbc.JDBC4Connection@c2102c0
[qq-system-service] 2023-04-14 21:35:39,712 DEBUG [HikariPool-1 connection closer][PoolBase.java:134] - HikariPool-1 - Closing connection com.mysql.jdbc.JDBC4Connection@30b9aeb8: (connection has passed maxLifetime)
[qq-system-service] 2023-04-14 21:35:40,871 DEBUG [HikariPool-1 connection adder][HikariPool.java:728] - HikariPool-1 - Added connection com.mysql.jdbc.JDBC4Connection@6c0efd8f
[qq-system-service] 2023-04-14 21:35:57,488 DEBUG [HikariPool-1 housekeeper][HikariPool.java:421] - HikariPool-1 - Pool stats (total=10, active=0, idle=10, waiting=0)
[qq-system-service] 2023-04-14 21:35:57,489 DEBUG [HikariPool-1 housekeeper][HikariPool.java:517] - HikariPool-1 - Fill pool skipped, pool is at sufficient level.
[qq-system-service] 2023-04-14 21:36:25,741 DEBUG [HikariPool-1 connection closer][PoolBase.java:134] - HikariPool-1 - Closing connection com.mysql.jdbc.JDBC4Connection@1db2c1ee: (connection has passed maxLifetime)
[qq-system-service] 2023-04-14 21:36:26,735 DEBUG [HikariPool-1 connection adder][HikariPool.java:728] - HikariPool-1 - Added connection com.mysql.jdbc.JDBC4Connection@5c16de56
[qq-system-service] 2023-04-14 21:36:27,503 DEBUG [HikariPool-1 housekeeper][HikariPool.java:421] - HikariPool-1 - Pool stats (total=10, active=0, idle=10, waiting=0)
[qq-system-service] 2023-04-14 21:36:27,503 DEBUG [HikariPool-1 housekeeper][HikariPool.java:517] - HikariPool-1 - Fill pool skipped, pool is at sufficient level.
[qq-system-service] 2023-04-14 21:36:38,850 DEBUG [HikariPool-1 connection closer][PoolBase.java:134] - HikariPool-1 - Closing connection com.mysql.jdbc.JDBC4Connection@7d9d3ea1: (connection has passed maxLifetime)
[qq-system-service] 2023-04-14 21:36:39,801 DEBUG [HikariPool-1 connection adder][HikariPool.java:728] - HikariPool-1 - Added connection com.mysql.jdbc.JDBC4Connection@55204c10
[qq-system-service] 2023-04-14 21:36:57,505 DEBUG [HikariPool-1 housekeeper][HikariPool.java:421] - HikariPool-1 - Pool stats (total=10, active=0, idle=10, waiting=0)
[qq-system-service] 2023-04-14 21:36:57,505 DEBUG [HikariPool-1 housekeeper][HikariPool.java:517] - HikariPool-1 - Fill pool skipped, pool is at sufficient level.
[qq-system-service] 2023-04-14 21:37:17,835 DEBUG [HikariPool-1 connection closer][PoolBase.java:134] - HikariPool-1 - Closing connection com.mysql.jdbc.JDBC4Connection@62b18f2a: (connection has passed maxLifetime)
[qq-system-service] 2023-04-14 21:37:19,516 DEBUG [HikariPool-1 connection adder][HikariPool.java:728] - HikariPool-1 - Added connection com.mysql.jdbc.JDBC4Connection@622dc6e2
[qq-system-service] 2023-04-14 21:37:27,508 DEBUG [HikariPool-1 housekeeper][HikariPool.java:421] - HikariPool-1 - Pool stats (total=10, active=0, idle=10, waiting=0)
[qq-system-service] 2023-04-14 21:37:27,508 DEBUG [HikariPool-1 housekeeper][HikariPool.java:517] - HikariPool-1 - Fill pool skipped, pool is at sufficient level.
[qq-system-service] 2023-04-14 21:37:30,375 DEBUG [HikariPool-1 connection closer][PoolBase.java:134] - HikariPool-1 - Closing connection com.mysql.jdbc.JDBC4Connection@29e7065: (connection has passed maxLifetime)
[qq-system-service] 2023-04-14 21:37:32,574 DEBUG [HikariPool-1 connection adder][HikariPool.java:728] - HikariPool-1 - Added connection com.mysql.jdbc.JDBC4Connection@71261d9d
[qq-system-service] 2023-04-14 21:37:48,301 DEBUG [HikariPool-1 connection closer][PoolBase.java:134] - HikariPool-1 - Closing connection com.mysql.jdbc.JDBC4Connection@50d8ad54: (connection has passed maxLifetime)
[qq-system-service] 2023-04-14 21:37:49,904 DEBUG [HikariPool-1 connection adder][HikariPool.java:728] - HikariPool-1 - Added connection com.mysql.jdbc.JDBC4Connection@7ceb01d
[qq-system-service] 2023-04-14 21:37:57,522 DEBUG [HikariPool-1 housekeeper][HikariPool.java:421] - HikariPool-1 - Pool stats (total=10, active=0, idle=10, waiting=0)
[qq-system-service] 2023-04-14 21:37:57,522 DEBUG [HikariPool-1 housekeeper][HikariPool.java:517] - HikariPool-1 - Fill pool skipped, pool is at sufficient level.
[qq-system-service] 2023-04-14 21:38:27,530 DEBUG [HikariPool-1 housekeeper][HikariPool.java:421] - HikariPool-1 - Pool stats (total=10, active=0, idle=10, waiting=0)
[qq-system-service] 2023-04-14 21:38:27,531 DEBUG [HikariPool-1 housekeeper][HikariPool.java:517] - HikariPool-1 - Fill pool skipped, pool is at sufficient level.
[qq-system-service] 2023-04-14 21:38:57,536 DEBUG [HikariPool-1 housekeeper][HikariPool.java:421] - HikariPool-1 - Pool stats (total=10, active=0, idle=10, waiting=0)
[qq-system-service] 2023-04-14 21:38:57,536 DEBUG [HikariPool-1 housekeeper][HikariPool.java:517] - HikariPool-1 - Fill pool skipped, pool is at sufficient level.
[qq-system-service] 2023-04-14 21:39:27,543 DEBUG [HikariPool-1 housekeeper][HikariPool.java:421] - HikariPool-1 - Pool stats (total=10, active=0, idle=10, waiting=0)
[qq-system-service] 2023-04-14 21:39:27,543 DEBUG [HikariPool-1 housekeeper][HikariPool.java:517] - HikariPool-1 - Fill pool skipped, pool is at sufficient level.
[qq-system-service] 2023-04-14 21:39:57,552 DEBUG [HikariPool-1 housekeeper][HikariPool.java:421] - HikariPool-1 - Pool stats (total=10, active=0, idle=10, waiting=0)
[qq-system-service] 2023-04-14 21:39:57,552 DEBUG [HikariPool-1 housekeeper][HikariPool.java:517] - HikariPool-1 - Fill pool skipped, pool is at sufficient level.
[qq-system-service] 2023-04-14 21:40:27,565 DEBUG [HikariPool-1 housekeeper][HikariPool.java:421] - HikariPool-1 - Pool stats (total=10, active=0, idle=10, waiting=0)
[qq-system-service] 2023-04-14 21:40:27,565 DEBUG [HikariPool-1 housekeeper][HikariPool.java:517] - HikariPool-1 - Fill pool skipped, pool is at sufficient level.
[qq-system-service] 2023-04-14 21:40:57,568 DEBUG [HikariPool-1 housekeeper][HikariPool.java:421] - HikariPool-1 - Pool stats (total=10, active=0, idle=10, waiting=0)
[qq-system-service] 2023-04-14 21:40:57,568 DEBUG [HikariPool-1 housekeeper][HikariPool.java:517] - HikariPool-1 - Fill pool skipped, pool is at sufficient level.
[qq-system-service] 2023-04-14 21:41:05,290 WARN [Thread-20][NotifyCenter.java:145] - [NotifyCenter] Start destroying Publisher
[qq-system-service] 2023-04-14 21:41:05,290 WARN [Thread-14][HttpClientBeanHolder.java:108] - [HttpClientBeanHolder] Start destroying common HttpClient
[qq-system-service] 2023-04-14 21:41:05,291 WARN [Thread-20][NotifyCenter.java:162] - [NotifyCenter] Destruction of the end
[qq-system-service] 2023-04-14 21:41:05,296 WARN [Thread-14][HttpClientBeanHolder.java:114] - [HttpClientBeanHolder] Destruction of the end
[qq-system-service] 2023-04-14 21:41:05,483 INFO [SpringContextShutdownHook][ExecutorConfigurationSupport.java:218] - Shutting down ExecutorService 'Nacos-Watch-Task-Scheduler'
[qq-system-service] 2023-04-14 21:41:05,490 INFO [SpringContextShutdownHook][NacosServiceRegistry.java:90] - De-registering from Nacos Server now...
[qq-system-service] 2023-04-14 21:41:05,498 INFO [SpringContextShutdownHook][NacosServiceRegistry.java:110] - De-registration finished.
[qq-system-service] 2023-04-14 21:41:06,520 DEBUG [nacos.publisher-com.alibaba.nacos.client.naming.event.InstancesChangeEvent][DefaultPublisher.java:193] - [NotifyCenter] the com.alibaba.nacos.client.naming.event.InstancesChangeEvent@1f7daa2a will received by com.alibaba.nacos.client.naming.event.InstancesChangeNotifier@5353dd09
[qq-system-service] 2023-04-14 21:41:09,710 WARN [SpringContextShutdownHook][DisposableBeanAdapter.java:290] - Destroy method 'close' on bean with name 'nacosServiceRegistry' threw an exception: java.lang.NullPointerException
[qq-system-service] 2023-04-14 21:41:09,714 INFO [SpringContextShutdownHook][ExecutorConfigurationSupport.java:218] - Shutting down ExecutorService 'applicationTaskExecutor'
[qq-system-service] 2023-04-14 21:41:09,734 DEBUG [SpringContextShutdownHook][RedisChannelHandler.java:145] - closeAsync()
[qq-system-service] 2023-04-14 21:41:09,736 DEBUG [SpringContextShutdownHook][DefaultEndpoint.java:549] - [channel=0xeb3a1ac0, /192.168.1.6:6895 -> /152.32.252.204:6379, epid=0x1] closeAsync()
[qq-system-service] 2023-04-14 21:41:09,750 DEBUG [SpringContextShutdownHook][AbstractRedisClient.java:474] - Initiate shutdown (100, 100, MILLISECONDS)
[qq-system-service] 2023-04-14 21:41:09,752 DEBUG [lettuce-nioEventLoop-4-1][CommandHandler.java:332] - [channel=0xeb3a1ac0, /192.168.1.6:6895 -> /152.32.252.204:6379, chid=0x1] channelInactive()
[qq-system-service] 2023-04-14 21:41:09,753 DEBUG [lettuce-nioEventLoop-4-1][DefaultEndpoint.java:463] - [channel=0xeb3a1ac0, /192.168.1.6:6895 -> /152.32.252.204:6379, epid=0x1] deactivating endpoint handler
[qq-system-service] 2023-04-14 21:41:09,754 DEBUG [lettuce-nioEventLoop-4-1][CommandHandler.java:358] - [channel=0xeb3a1ac0, /192.168.1.6:6895 -> /152.32.252.204:6379, chid=0x1] channelInactive() done
[qq-system-service] 2023-04-14 21:41:09,755 DEBUG [lettuce-nioEventLoop-4-1][ConnectionWatchdog.java:188] - [channel=0xeb3a1ac0, /192.168.1.6:6895 -> /152.32.252.204:6379, last known addr=/152.32.252.204:6379] channelInactive()
[qq-system-service] 2023-04-14 21:41:09,756 DEBUG [lettuce-nioEventLoop-4-1][ConnectionWatchdog.java:199] - [channel=0xeb3a1ac0, /192.168.1.6:6895 -> /152.32.252.204:6379, last known addr=/152.32.252.204:6379] Reconnect scheduling disabled
[qq-system-service] 2023-04-14 21:41:09,756 DEBUG [lettuce-nioEventLoop-4-1][CommandHandler.java:198] - [channel=0xeb3a1ac0, /192.168.1.6:6895 -> /152.32.252.204:6379, chid=0x1] channelUnregistered()
[qq-system-service] 2023-04-14 21:41:09,757 DEBUG [SpringContextShutdownHook][DefaultEventLoopGroupProvider.java:226] - Release executor io.netty.channel.nio.NioEventLoopGroup@7e94cfc9
[qq-system-service] 2023-04-14 21:41:09,865 DEBUG [lettuce-nioEventLoop-4-1][PoolThreadCache.java:224] - Freed 6 thread-local buffer(s) from thread: lettuce-nioEventLoop-4-1
[qq-system-service] 2023-04-14 21:41:09,869 DEBUG [SpringContextShutdownHook][DefaultClientResources.java:631] - Initiate shutdown (0, 2, SECONDS)
[qq-system-service] 2023-04-14 21:41:09,874 DEBUG [SpringContextShutdownHook][DefaultEventLoopGroupProvider.java:263] - Initiate shutdown (0, 2, SECONDS)
[qq-system-service] 2023-04-14 21:41:09,877 INFO [SpringContextShutdownHook][HikariDataSource.java:350] - HikariPool-1 - Shutdown initiated...
[qq-system-service] 2023-04-14 21:41:09,877 DEBUG [SpringContextShutdownHook][HikariPool.java:421] - HikariPool-1 - Before shutdown stats (total=10, active=0, idle=10, waiting=0)
[qq-system-service] 2023-04-14 21:41:09,878 DEBUG [HikariPool-1 connection closer][PoolBase.java:134] - HikariPool-1 - Closing connection com.mysql.jdbc.JDBC4Connection@2fb1a05d: (connection evicted)
[qq-system-service] 2023-04-14 21:41:09,879 DEBUG [HikariPool-1 connection closer][PoolBase.java:134] - HikariPool-1 - Closing connection com.mysql.jdbc.JDBC4Connection@ca503e6: (connection evicted)
[qq-system-service] 2023-04-14 21:41:09,880 DEBUG [HikariPool-1 connection closer][PoolBase.java:134] - HikariPool-1 - Closing connection com.mysql.jdbc.JDBC4Connection@3b2c4298: (connection evicted)
[qq-system-service] 2023-04-14 21:41:09,880 DEBUG [HikariPool-1 connection closer][PoolBase.java:134] - HikariPool-1 - Closing connection com.mysql.jdbc.JDBC4Connection@c2102c0: (connection evicted)
[qq-system-service] 2023-04-14 21:41:09,880 DEBUG [HikariPool-1 connection closer][PoolBase.java:134] - HikariPool-1 - Closing connection com.mysql.jdbc.JDBC4Connection@6c0efd8f: (connection evicted)
[qq-system-service] 2023-04-14 21:41:09,880 DEBUG [HikariPool-1 connection closer][PoolBase.java:134] - HikariPool-1 - Closing connection com.mysql.jdbc.JDBC4Connection@5c16de56: (connection evicted)
[qq-system-service] 2023-04-14 21:41:09,880 DEBUG [HikariPool-1 connection closer][PoolBase.java:134] - HikariPool-1 - Closing connection com.mysql.jdbc.JDBC4Connection@55204c10: (connection evicted)
[qq-system-service] 2023-04-14 21:41:09,880 DEBUG [HikariPool-1 connection closer][PoolBase.java:134] - HikariPool-1 - Closing connection com.mysql.jdbc.JDBC4Connection@622dc6e2: (connection evicted)
[qq-system-service] 2023-04-14 21:41:09,880 DEBUG [HikariPool-1 connection closer][PoolBase.java:134] - HikariPool-1 - Closing connection com.mysql.jdbc.JDBC4Connection@71261d9d: (connection evicted)
[qq-system-service] 2023-04-14 21:41:09,880 DEBUG [HikariPool-1 connection closer][PoolBase.java:134] - HikariPool-1 - Closing connection com.mysql.jdbc.JDBC4Connection@7ceb01d: (connection evicted)
[qq-system-service] 2023-04-14 21:41:09,881 DEBUG [SpringContextShutdownHook][HikariPool.java:421] - HikariPool-1 - After shutdown stats (total=0, active=0, idle=0, waiting=0)
[qq-system-service] 2023-04-14 21:41:09,881 INFO [SpringContextShutdownHook][HikariDataSource.java:352] - HikariPool-1 - Shutdown completed.
[qq-system-service] 2023-04-14 21:41:23,582 INFO [main][SpringApplication.java:651] - No active profile set, falling back to default profiles: default
[qq-system-service] 2023-04-14 21:41:24,343 INFO [main][RepositoryConfigurationDelegate.java:249] - Multiple Spring Data modules found, entering strict repository configuration mode!
[qq-system-service] 2023-04-14 21:41:24,348 INFO [main][RepositoryConfigurationDelegate.java:127] - Bootstrapping Spring Data Redis repositories in DEFAULT mode.
[qq-system-service] 2023-04-14 21:41:24,373 INFO [main][RepositoryConfigurationDelegate.java:187] - Finished Spring Data repository scanning in 11ms. Found 0 Redis repository interfaces.
[qq-system-service] 2023-04-14 21:41:24,502 DEBUG [main][LogFactory.java:109] - Logging initialized using 'class org.apache.ibatis.logging.slf4j.Slf4jImpl' adapter.
[qq-system-service] 2023-04-14 21:41:24,564 INFO [main][GenericScope.java:295] - BeanFactory id=8f87181c-32a3-3914-a786-b306d38abe7d
[qq-system-service] 2023-04-14 21:41:24,834 INFO [main][TomcatWebServer.java:108] - Tomcat initialized with port(s): 60080 (http)
[qq-system-service] 2023-04-14 21:41:24,843 INFO [main][DirectJDKLog.java:173] - Initializing ProtocolHandler ["http-nio-60080"]
[qq-system-service] 2023-04-14 21:41:24,843 INFO [main][DirectJDKLog.java:173] - Starting service [Tomcat]
[qq-system-service] 2023-04-14 21:41:24,843 INFO [main][DirectJDKLog.java:173] - Starting Servlet engine: [Apache Tomcat/9.0.43]
[qq-system-service] 2023-04-14 21:41:24,972 INFO [main][DirectJDKLog.java:173] - Initializing Spring embedded WebApplicationContext
[qq-system-service] 2023-04-14 21:41:24,973 INFO [main][ServletWebServerApplicationContext.java:285] - Root WebApplicationContext: initialization completed in 1371 ms
[qq-system-service] 2023-04-14 21:41:25,123 DEBUG [main][HikariConfig.java:946] - Driver class com.mysql.jdbc.Driver found in Thread context class loader sun.misc.Launcher$AppClassLoader@18b4aac2
[qq-system-service] 2023-04-14 21:41:25,706 DEBUG [main][InternalLoggerFactory.java:63] - Using SLF4J as the default logging framework
[qq-system-service] 2023-04-14 21:41:25,709 DEBUG [main][DefaultClientResources.java:108] - -Dio.netty.eventLoopThreads: 8
[qq-system-service] 2023-04-14 21:41:25,717 DEBUG [main][DefaultEventLoopGroupProvider.java:196] - Creating executor io.netty.util.concurrent.DefaultEventExecutorGroup
[qq-system-service] 2023-04-14 21:41:25,733 DEBUG [main][InternalThreadLocalMap.java:83] - -Dio.netty.threadLocalMap.stringBuilder.initialSize: 1024
[qq-system-service] 2023-04-14 21:41:25,733 DEBUG [main][InternalThreadLocalMap.java:86] - -Dio.netty.threadLocalMap.stringBuilder.maxSize: 4096
[qq-system-service] 2023-04-14 21:41:25,738 DEBUG [main][ResourceLeakDetector.java:129] - -Dio.netty.leakDetection.level: simple
[qq-system-service] 2023-04-14 21:41:25,739 DEBUG [main][ResourceLeakDetector.java:130] - -Dio.netty.leakDetection.targetRecords: 4
[qq-system-service] 2023-04-14 21:41:25,742 DEBUG [main][ResourceLeakDetectorFactory.java:196] - Loaded default ResourceLeakDetector: io.netty.util.ResourceLeakDetector@23c767e6
[qq-system-service] 2023-04-14 21:41:25,745 DEBUG [main][PlatformDependent.java:1037] - Platform: Windows
[qq-system-service] 2023-04-14 21:41:25,746 DEBUG [main][PlatformDependent0.java:417] - -Dio.netty.noUnsafe: false
[qq-system-service] 2023-04-14 21:41:25,746 DEBUG [main][PlatformDependent0.java:897] - Java version: 8
[qq-system-service] 2023-04-14 21:41:25,747 DEBUG [main][PlatformDependent0.java:130] - sun.misc.Unsafe.theUnsafe: available
[qq-system-service] 2023-04-14 21:41:25,747 DEBUG [main][PlatformDependent0.java:154] - sun.misc.Unsafe.copyMemory: available
[qq-system-service] 2023-04-14 21:41:25,748 DEBUG [main][PlatformDependent0.java:192] - java.nio.Buffer.address: available
[qq-system-service] 2023-04-14 21:41:25,748 DEBUG [main][PlatformDependent0.java:257] - direct buffer constructor: available
[qq-system-service] 2023-04-14 21:41:25,749 DEBUG [main][PlatformDependent0.java:331] - java.nio.Bits.unaligned: available, true
[qq-system-service] 2023-04-14 21:41:25,749 DEBUG [main][PlatformDependent0.java:396] - jdk.internal.misc.Unsafe.allocateUninitializedArray(int): unavailable prior to Java9
[qq-system-service] 2023-04-14 21:41:25,749 DEBUG [main][PlatformDependent0.java:403] - java.nio.DirectByteBuffer.<init>(long, int): available
[qq-system-service] 2023-04-14 21:41:25,750 DEBUG [main][PlatformDependent.java:1080] - sun.misc.Unsafe: available
[qq-system-service] 2023-04-14 21:41:25,750 DEBUG [main][PlatformDependent.java:1201] - -Dio.netty.tmpdir: C:\Users\12441\AppData\Local\Temp (java.io.tmpdir)
[qq-system-service] 2023-04-14 21:41:25,750 DEBUG [main][PlatformDependent.java:1280] - -Dio.netty.bitMode: 64 (sun.arch.data.model)
[qq-system-service] 2023-04-14 21:41:25,751 DEBUG [main][PlatformDependent.java:178] - -Dio.netty.maxDirectMemory: 3752853504 bytes
[qq-system-service] 2023-04-14 21:41:25,751 DEBUG [main][PlatformDependent.java:185] - -Dio.netty.uninitializedArrayAllocationThreshold: -1
[qq-system-service] 2023-04-14 21:41:25,752 DEBUG [main][CleanerJava6.java:92] - java.nio.ByteBuffer.cleaner(): available
[qq-system-service] 2023-04-14 21:41:25,752 DEBUG [main][PlatformDependent.java:205] - -Dio.netty.noPreferDirect: false
[qq-system-service] 2023-04-14 21:41:25,753 DEBUG [main][PlatformDependent.java:941] - org.jctools-core.MpscChunkedArrayQueue: available
[qq-system-service] 2023-04-14 21:41:25,765 DEBUG [main][Loggers.java:249] - Using Slf4j logging framework
[qq-system-service] 2023-04-14 21:41:25,785 DEBUG [main][DefaultClientResources.java:204] - LatencyUtils/HdrUtils are not available, metrics are disabled
[qq-system-service] 2023-04-14 21:41:25,841 DEBUG [main][PooledByteBufAllocator.java:154] - -Dio.netty.allocator.numHeapArenas: 16
[qq-system-service] 2023-04-14 21:41:25,841 DEBUG [main][PooledByteBufAllocator.java:155] - -Dio.netty.allocator.numDirectArenas: 16
[qq-system-service] 2023-04-14 21:41:25,841 DEBUG [main][PooledByteBufAllocator.java:157] - -Dio.netty.allocator.pageSize: 8192
[qq-system-service] 2023-04-14 21:41:25,841 DEBUG [main][PooledByteBufAllocator.java:162] - -Dio.netty.allocator.maxOrder: 11
[qq-system-service] 2023-04-14 21:41:25,841 DEBUG [main][PooledByteBufAllocator.java:166] - -Dio.netty.allocator.chunkSize: 16777216
[qq-system-service] 2023-04-14 21:41:25,841 DEBUG [main][PooledByteBufAllocator.java:167] - -Dio.netty.allocator.smallCacheSize: 256
[qq-system-service] 2023-04-14 21:41:25,841 DEBUG [main][PooledByteBufAllocator.java:168] - -Dio.netty.allocator.normalCacheSize: 64
[qq-system-service] 2023-04-14 21:41:25,842 DEBUG [main][PooledByteBufAllocator.java:169] - -Dio.netty.allocator.maxCachedBufferCapacity: 32768
[qq-system-service] 2023-04-14 21:41:25,842 DEBUG [main][PooledByteBufAllocator.java:170] - -Dio.netty.allocator.cacheTrimInterval: 8192
[qq-system-service] 2023-04-14 21:41:25,842 DEBUG [main][PooledByteBufAllocator.java:171] - -Dio.netty.allocator.cacheTrimIntervalMillis: 0
[qq-system-service] 2023-04-14 21:41:25,842 DEBUG [main][PooledByteBufAllocator.java:172] - -Dio.netty.allocator.useCacheForAllThreads: true
[qq-system-service] 2023-04-14 21:41:25,842 DEBUG [main][PooledByteBufAllocator.java:173] - -Dio.netty.allocator.maxCachedByteBuffersPerChunk: 1023
[qq-system-service] 2023-04-14 21:41:26,245 WARN [main][URLConfigurationSource.java:126] - No URLs will be polled as dynamic configuration sources.
[qq-system-service] 2023-04-14 21:41:26,245 INFO [main][URLConfigurationSource.java:127] - To enable URLs as dynamic configuration sources, define System property archaius.configurationSource.additionalUrls or make config.properties available on classpath.
[qq-system-service] 2023-04-14 21:41:26,250 WARN [main][URLConfigurationSource.java:126] - No URLs will be polled as dynamic configuration sources.
[qq-system-service] 2023-04-14 21:41:26,251 INFO [main][URLConfigurationSource.java:127] - To enable URLs as dynamic configuration sources, define System property archaius.configurationSource.additionalUrls or make config.properties available on classpath.
[qq-system-service] 2023-04-14 21:41:26,335 INFO [main][ExecutorConfigurationSupport.java:181] - Initializing ExecutorService 'applicationTaskExecutor'
[qq-system-service] 2023-04-14 21:41:26,569 INFO [main][ExecutorConfigurationSupport.java:181] - Initializing ExecutorService 'Nacos-Watch-Task-Scheduler'
[qq-system-service] 2023-04-14 21:41:26,717 WARN [main][FreeMarkerAutoConfiguration.java:65] - Cannot find template location(s): [classpath:/templates/] (please add some templates, check your FreeMarker configuration, or set spring.freemarker.checkTemplateLocation=false)
[qq-system-service] 2023-04-14 21:41:27,242 INFO [main][DirectJDKLog.java:173] - Starting ProtocolHandler ["http-nio-60080"]
[qq-system-service] 2023-04-14 21:41:27,264 INFO [main][TomcatWebServer.java:220] - Tomcat started on port(s): 60080 (http) with context path ''
[qq-system-service] 2023-04-14 21:41:27,278 INFO [main][NacosServiceRegistry.java:75] - nacos registry, DEFAULT_GROUP qq-system-service 192.168.136.1:60080 register finished
[qq-system-service] 2023-04-14 21:41:27,597 DEBUG [main][NoopValidator.java:24] - ERROR [ModelSpecification.spec] At least one type of specification is required
[qq-system-service] 2023-04-14 21:41:27,644 INFO [main][StartupInfoLogger.java:61] - Started SystemApplication in 5.107 seconds (JVM running for 7.218)
[qq-system-service] 2023-04-14 21:41:28,264 DEBUG [nacos.publisher-com.alibaba.nacos.client.naming.event.InstancesChangeEvent][DefaultPublisher.java:193] - [NotifyCenter] the com.alibaba.nacos.client.naming.event.InstancesChangeEvent@3ad7d10e will received by com.alibaba.nacos.client.naming.event.InstancesChangeNotifier@395a573c
[qq-system-service] 2023-04-14 21:43:22,605 INFO [http-nio-60080-exec-1][DirectJDKLog.java:173] - Initializing Spring DispatcherServlet 'dispatcherServlet'
[qq-system-service] 2023-04-14 21:43:22,605 INFO [http-nio-60080-exec-1][FrameworkServlet.java:525] - Initializing Servlet 'dispatcherServlet'
[qq-system-service] 2023-04-14 21:43:22,611 INFO [http-nio-60080-exec-1][FrameworkServlet.java:547] - Completed initialization in 6 ms
[qq-system-service] 2023-04-14 21:45:18,184 WARN [Thread-20][NotifyCenter.java:145] - [NotifyCenter] Start destroying Publisher
[qq-system-service] 2023-04-14 21:45:18,184 WARN [Thread-14][HttpClientBeanHolder.java:108] - [HttpClientBeanHolder] Start destroying common HttpClient
[qq-system-service] 2023-04-14 21:45:18,184 WARN [Thread-20][NotifyCenter.java:162] - [NotifyCenter] Destruction of the end
[qq-system-service] 2023-04-14 21:45:18,184 WARN [Thread-14][HttpClientBeanHolder.java:114] - [HttpClientBeanHolder] Destruction of the end
[qq-system-service] 2023-04-14 21:45:18,309 INFO [SpringContextShutdownHook][ExecutorConfigurationSupport.java:218] - Shutting down ExecutorService 'Nacos-Watch-Task-Scheduler'
[qq-system-service] 2023-04-14 21:45:18,311 INFO [SpringContextShutdownHook][NacosServiceRegistry.java:90] - De-registering from Nacos Server now...
[qq-system-service] 2023-04-14 21:45:18,313 INFO [SpringContextShutdownHook][NacosServiceRegistry.java:110] - De-registration finished.
[qq-system-service] 2023-04-14 21:45:18,518 DEBUG [nacos.publisher-com.alibaba.nacos.client.naming.event.InstancesChangeEvent][DefaultPublisher.java:193] - [NotifyCenter] the com.alibaba.nacos.client.naming.event.InstancesChangeEvent@5d3fa2ee will received by com.alibaba.nacos.client.naming.event.InstancesChangeNotifier@395a573c
[qq-system-service] 2023-04-14 21:45:27,382 WARN [SpringContextShutdownHook][DisposableBeanAdapter.java:290] - Destroy method 'close' on bean with name 'nacosServiceRegistry' threw an exception: java.lang.NullPointerException
[qq-system-service] 2023-04-14 21:45:27,383 INFO [SpringContextShutdownHook][ExecutorConfigurationSupport.java:218] - Shutting down ExecutorService 'applicationTaskExecutor'
[qq-system-service] 2023-04-14 21:45:27,388 DEBUG [SpringContextShutdownHook][AbstractRedisClient.java:474] - Initiate shutdown (100, 100, MILLISECONDS)
[qq-system-service] 2023-04-14 21:45:27,394 DEBUG [SpringContextShutdownHook][DefaultClientResources.java:631] - Initiate shutdown (0, 2, SECONDS)
[qq-system-service] 2023-04-14 21:45:27,395 DEBUG [SpringContextShutdownHook][DefaultEventLoopGroupProvider.java:263] - Initiate shutdown (0, 2, SECONDS)
[qq-system-service] 2023-04-14 21:45:32,537 INFO [main][SpringApplication.java:651] - No active profile set, falling back to default profiles: default
[qq-system-service] 2023-04-14 21:45:33,099 INFO [main][RepositoryConfigurationDelegate.java:249] - Multiple Spring Data modules found, entering strict repository configuration mode!
[qq-system-service] 2023-04-14 21:45:33,101 INFO [main][RepositoryConfigurationDelegate.java:127] - Bootstrapping Spring Data Redis repositories in DEFAULT mode.
[qq-system-service] 2023-04-14 21:45:33,118 INFO [main][RepositoryConfigurationDelegate.java:187] - Finished Spring Data repository scanning in 8ms. Found 0 Redis repository interfaces.
[qq-system-service] 2023-04-14 21:45:33,224 DEBUG [main][LogFactory.java:109] - Logging initialized using 'class org.apache.ibatis.logging.slf4j.Slf4jImpl' adapter.
[qq-system-service] 2023-04-14 21:45:33,274 INFO [main][GenericScope.java:295] - BeanFactory id=8f87181c-32a3-3914-a786-b306d38abe7d
[qq-system-service] 2023-04-14 21:45:33,508 INFO [main][TomcatWebServer.java:108] - Tomcat initialized with port(s): 60080 (http)
[qq-system-service] 2023-04-14 21:45:33,514 INFO [main][DirectJDKLog.java:173] - Initializing ProtocolHandler ["http-nio-60080"]
[qq-system-service] 2023-04-14 21:45:33,514 INFO [main][DirectJDKLog.java:173] - Starting service [Tomcat]
[qq-system-service] 2023-04-14 21:45:33,515 INFO [main][DirectJDKLog.java:173] - Starting Servlet engine: [Apache Tomcat/9.0.43]
[qq-system-service] 2023-04-14 21:45:33,633 INFO [main][DirectJDKLog.java:173] - Initializing Spring embedded WebApplicationContext
[qq-system-service] 2023-04-14 21:45:33,633 INFO [main][ServletWebServerApplicationContext.java:285] - Root WebApplicationContext: initialization completed in 1079 ms
[qq-system-service] 2023-04-14 21:45:33,748 DEBUG [main][HikariConfig.java:946] - Driver class com.mysql.jdbc.Driver found in Thread context class loader sun.misc.Launcher$AppClassLoader@18b4aac2
[qq-system-service] 2023-04-14 21:45:34,277 DEBUG [main][InternalLoggerFactory.java:63] - Using SLF4J as the default logging framework
[qq-system-service] 2023-04-14 21:45:34,280 DEBUG [main][DefaultClientResources.java:108] - -Dio.netty.eventLoopThreads: 8
[qq-system-service] 2023-04-14 21:45:34,286 DEBUG [main][DefaultEventLoopGroupProvider.java:196] - Creating executor io.netty.util.concurrent.DefaultEventExecutorGroup
[qq-system-service] 2023-04-14 21:45:34,296 DEBUG [main][InternalThreadLocalMap.java:83] - -Dio.netty.threadLocalMap.stringBuilder.initialSize: 1024
[qq-system-service] 2023-04-14 21:45:34,296 DEBUG [main][InternalThreadLocalMap.java:86] - -Dio.netty.threadLocalMap.stringBuilder.maxSize: 4096
[qq-system-service] 2023-04-14 21:45:34,300 DEBUG [main][ResourceLeakDetector.java:129] - -Dio.netty.leakDetection.level: simple
[qq-system-service] 2023-04-14 21:45:34,301 DEBUG [main][ResourceLeakDetector.java:130] - -Dio.netty.leakDetection.targetRecords: 4
[qq-system-service] 2023-04-14 21:45:34,303 DEBUG [main][ResourceLeakDetectorFactory.java:196] - Loaded default ResourceLeakDetector: io.netty.util.ResourceLeakDetector@7f42e06e
[qq-system-service] 2023-04-14 21:45:34,305 DEBUG [main][PlatformDependent.java:1037] - Platform: Windows
[qq-system-service] 2023-04-14 21:45:34,306 DEBUG [main][PlatformDependent0.java:417] - -Dio.netty.noUnsafe: false
[qq-system-service] 2023-04-14 21:45:34,306 DEBUG [main][PlatformDependent0.java:897] - Java version: 8
[qq-system-service] 2023-04-14 21:45:34,307 DEBUG [main][PlatformDependent0.java:130] - sun.misc.Unsafe.theUnsafe: available
[qq-system-service] 2023-04-14 21:45:34,307 DEBUG [main][PlatformDependent0.java:154] - sun.misc.Unsafe.copyMemory: available
[qq-system-service] 2023-04-14 21:45:34,308 DEBUG [main][PlatformDependent0.java:192] - java.nio.Buffer.address: available
[qq-system-service] 2023-04-14 21:45:34,308 DEBUG [main][PlatformDependent0.java:257] - direct buffer constructor: available
[qq-system-service] 2023-04-14 21:45:34,309 DEBUG [main][PlatformDependent0.java:331] - java.nio.Bits.unaligned: available, true
[qq-system-service] 2023-04-14 21:45:34,309 DEBUG [main][PlatformDependent0.java:396] - jdk.internal.misc.Unsafe.allocateUninitializedArray(int): unavailable prior to Java9
[qq-system-service] 2023-04-14 21:45:34,309 DEBUG [main][PlatformDependent0.java:403] - java.nio.DirectByteBuffer.<init>(long, int): available
[qq-system-service] 2023-04-14 21:45:34,309 DEBUG [main][PlatformDependent.java:1080] - sun.misc.Unsafe: available
[qq-system-service] 2023-04-14 21:45:34,310 DEBUG [main][PlatformDependent.java:1201] - -Dio.netty.tmpdir: C:\Users\12441\AppData\Local\Temp (java.io.tmpdir)
[qq-system-service] 2023-04-14 21:45:34,310 DEBUG [main][PlatformDependent.java:1280] - -Dio.netty.bitMode: 64 (sun.arch.data.model)
[qq-system-service] 2023-04-14 21:45:34,311 DEBUG [main][PlatformDependent.java:178] - -Dio.netty.maxDirectMemory: 3752853504 bytes
[qq-system-service] 2023-04-14 21:45:34,311 DEBUG [main][PlatformDependent.java:185] - -Dio.netty.uninitializedArrayAllocationThreshold: -1
[qq-system-service] 2023-04-14 21:45:34,312 DEBUG [main][CleanerJava6.java:92] - java.nio.ByteBuffer.cleaner(): available
[qq-system-service] 2023-04-14 21:45:34,312 DEBUG [main][PlatformDependent.java:205] - -Dio.netty.noPreferDirect: false
[qq-system-service] 2023-04-14 21:45:34,314 DEBUG [main][PlatformDependent.java:941] - org.jctools-core.MpscChunkedArrayQueue: available
[qq-system-service] 2023-04-14 21:45:34,322 DEBUG [main][Loggers.java:249] - Using Slf4j logging framework
[qq-system-service] 2023-04-14 21:45:34,336 DEBUG [main][DefaultClientResources.java:204] - LatencyUtils/HdrUtils are not available, metrics are disabled
[qq-system-service] 2023-04-14 21:45:34,373 DEBUG [main][PooledByteBufAllocator.java:154] - -Dio.netty.allocator.numHeapArenas: 16
[qq-system-service] 2023-04-14 21:45:34,373 DEBUG [main][PooledByteBufAllocator.java:155] - -Dio.netty.allocator.numDirectArenas: 16
[qq-system-service] 2023-04-14 21:45:34,373 DEBUG [main][PooledByteBufAllocator.java:157] - -Dio.netty.allocator.pageSize: 8192
[qq-system-service] 2023-04-14 21:45:34,373 DEBUG [main][PooledByteBufAllocator.java:162] - -Dio.netty.allocator.maxOrder: 11
[qq-system-service] 2023-04-14 21:45:34,374 DEBUG [main][PooledByteBufAllocator.java:166] - -Dio.netty.allocator.chunkSize: 16777216
[qq-system-service] 2023-04-14 21:45:34,374 DEBUG [main][PooledByteBufAllocator.java:167] - -Dio.netty.allocator.smallCacheSize: 256
[qq-system-service] 2023-04-14 21:45:34,374 DEBUG [main][PooledByteBufAllocator.java:168] - -Dio.netty.allocator.normalCacheSize: 64
[qq-system-service] 2023-04-14 21:45:34,374 DEBUG [main][PooledByteBufAllocator.java:169] - -Dio.netty.allocator.maxCachedBufferCapacity: 32768
[qq-system-service] 2023-04-14 21:45:34,374 DEBUG [main][PooledByteBufAllocator.java:170] - -Dio.netty.allocator.cacheTrimInterval: 8192
[qq-system-service] 2023-04-14 21:45:34,374 DEBUG [main][PooledByteBufAllocator.java:171] - -Dio.netty.allocator.cacheTrimIntervalMillis: 0
[qq-system-service] 2023-04-14 21:45:34,374 DEBUG [main][PooledByteBufAllocator.java:172] - -Dio.netty.allocator.useCacheForAllThreads: true
[qq-system-service] 2023-04-14 21:45:34,375 DEBUG [main][PooledByteBufAllocator.java:173] - -Dio.netty.allocator.maxCachedByteBuffersPerChunk: 1023
[qq-system-service] 2023-04-14 21:45:34,741 WARN [main][URLConfigurationSource.java:126] - No URLs will be polled as dynamic configuration sources.
[qq-system-service] 2023-04-14 21:45:34,741 INFO [main][URLConfigurationSource.java:127] - To enable URLs as dynamic configuration sources, define System property archaius.configurationSource.additionalUrls or make config.properties available on classpath.
[qq-system-service] 2023-04-14 21:45:34,744 WARN [main][URLConfigurationSource.java:126] - No URLs will be polled as dynamic configuration sources.
[qq-system-service] 2023-04-14 21:45:34,744 INFO [main][URLConfigurationSource.java:127] - To enable URLs as dynamic configuration sources, define System property archaius.configurationSource.additionalUrls or make config.properties available on classpath.
[qq-system-service] 2023-04-14 21:45:34,820 INFO [main][ExecutorConfigurationSupport.java:181] - Initializing ExecutorService 'applicationTaskExecutor'
[qq-system-service] 2023-04-14 21:45:35,052 INFO [main][ExecutorConfigurationSupport.java:181] - Initializing ExecutorService 'Nacos-Watch-Task-Scheduler'
[qq-system-service] 2023-04-14 21:45:35,176 WARN [main][FreeMarkerAutoConfiguration.java:65] - Cannot find template location(s): [classpath:/templates/] (please add some templates, check your FreeMarker configuration, or set spring.freemarker.checkTemplateLocation=false)
[qq-system-service] 2023-04-14 21:45:35,564 INFO [main][DirectJDKLog.java:173] - Starting ProtocolHandler ["http-nio-60080"]
[qq-system-service] 2023-04-14 21:45:35,581 INFO [main][TomcatWebServer.java:220] - Tomcat started on port(s): 60080 (http) with context path ''
[qq-system-service] 2023-04-14 21:45:35,590 INFO [main][NacosServiceRegistry.java:75] - nacos registry, DEFAULT_GROUP qq-system-service 192.168.136.1:60080 register finished
[qq-system-service] 2023-04-14 21:45:35,840 DEBUG [main][NoopValidator.java:24] - ERROR [ModelSpecification.spec] At least one type of specification is required
[qq-system-service] 2023-04-14 21:45:35,898 INFO [main][StartupInfoLogger.java:61] - Started SystemApplication in 4.331 seconds (JVM running for 5.213)
[qq-system-service] 2023-04-14 21:45:36,589 DEBUG [nacos.publisher-com.alibaba.nacos.client.naming.event.InstancesChangeEvent][DefaultPublisher.java:193] - [NotifyCenter] the com.alibaba.nacos.client.naming.event.InstancesChangeEvent@64eaa2f8 will received by com.alibaba.nacos.client.naming.event.InstancesChangeNotifier@7dd45c93
[qq-system-service] 2023-04-14 21:46:30,163 INFO [http-nio-60080-exec-1][DirectJDKLog.java:173] - Initializing Spring DispatcherServlet 'dispatcherServlet'
[qq-system-service] 2023-04-14 21:46:30,163 INFO [http-nio-60080-exec-1][FrameworkServlet.java:525] - Initializing Servlet 'dispatcherServlet'
[qq-system-service] 2023-04-14 21:46:30,169 INFO [http-nio-60080-exec-1][FrameworkServlet.java:547] - Completed initialization in 6 ms
[qq-system-service] 2023-04-14 21:46:47,648 DEBUG [http-nio-60080-exec-4][HikariConfig.java:1066] - HikariPool-1 - configuration:
[qq-system-service] 2023-04-14 21:46:47,650 DEBUG [http-nio-60080-exec-4][HikariConfig.java:1098] - allowPoolSuspension.............false
[qq-system-service] 2023-04-14 21:46:47,651 DEBUG [http-nio-60080-exec-4][HikariConfig.java:1098] - autoCommit......................true
[qq-system-service] 2023-04-14 21:46:47,651 DEBUG [http-nio-60080-exec-4][HikariConfig.java:1098] - catalog.........................none
[qq-system-service] 2023-04-14 21:46:47,651 DEBUG [http-nio-60080-exec-4][HikariConfig.java:1098] - connectionInitSql...............none
[qq-system-service] 2023-04-14 21:46:47,651 DEBUG [http-nio-60080-exec-4][HikariConfig.java:1098] - connectionTestQuery.............none
[qq-system-service] 2023-04-14 21:46:47,652 DEBUG [http-nio-60080-exec-4][HikariConfig.java:1098] - connectionTimeout...............30000
[qq-system-service] 2023-04-14 21:46:47,652 DEBUG [http-nio-60080-exec-4][HikariConfig.java:1098] - dataSource......................none
[qq-system-service] 2023-04-14 21:46:47,652 DEBUG [http-nio-60080-exec-4][HikariConfig.java:1098] - dataSourceClassName.............none
[qq-system-service] 2023-04-14 21:46:47,652 DEBUG [http-nio-60080-exec-4][HikariConfig.java:1098] - dataSourceJNDI..................none
[qq-system-service] 2023-04-14 21:46:47,653 DEBUG [http-nio-60080-exec-4][HikariConfig.java:1098] - dataSourceProperties............{password=<masked>}
[qq-system-service] 2023-04-14 21:46:47,653 DEBUG [http-nio-60080-exec-4][HikariConfig.java:1098] - driverClassName................."com.mysql.jdbc.Driver"
[qq-system-service] 2023-04-14 21:46:47,653 DEBUG [http-nio-60080-exec-4][HikariConfig.java:1098] - exceptionOverrideClassName......none
[qq-system-service] 2023-04-14 21:46:47,653 DEBUG [http-nio-60080-exec-4][HikariConfig.java:1098] - healthCheckProperties...........{}
[qq-system-service] 2023-04-14 21:46:47,653 DEBUG [http-nio-60080-exec-4][HikariConfig.java:1098] - healthCheckRegistry.............none
[qq-system-service] 2023-04-14 21:46:47,654 DEBUG [http-nio-60080-exec-4][HikariConfig.java:1098] - idleTimeout.....................600000
[qq-system-service] 2023-04-14 21:46:47,654 DEBUG [http-nio-60080-exec-4][HikariConfig.java:1098] - initializationFailTimeout.......1
[qq-system-service] 2023-04-14 21:46:47,654 DEBUG [http-nio-60080-exec-4][HikariConfig.java:1098] - isolateInternalQueries..........false
[qq-system-service] 2023-04-14 21:46:47,654 DEBUG [http-nio-60080-exec-4][HikariConfig.java:1098] - jdbcUrl.........................jdbc:mysql://152.32.252.204:3306/qq-system?userUnicode=true&useSSL=false&characterEncoding=utf8&serverTimezone=Asia/Shanghai
[qq-system-service] 2023-04-14 21:46:47,654 DEBUG [http-nio-60080-exec-4][HikariConfig.java:1098] - leakDetectionThreshold..........0
[qq-system-service] 2023-04-14 21:46:47,654 DEBUG [http-nio-60080-exec-4][HikariConfig.java:1098] - maxLifetime.....................1800000
[qq-system-service] 2023-04-14 21:46:47,655 DEBUG [http-nio-60080-exec-4][HikariConfig.java:1098] - maximumPoolSize.................10
[qq-system-service] 2023-04-14 21:46:47,655 DEBUG [http-nio-60080-exec-4][HikariConfig.java:1098] - metricRegistry..................none
[qq-system-service] 2023-04-14 21:46:47,655 DEBUG [http-nio-60080-exec-4][HikariConfig.java:1098] - metricsTrackerFactory...........none
[qq-system-service] 2023-04-14 21:46:47,655 DEBUG [http-nio-60080-exec-4][HikariConfig.java:1098] - minimumIdle.....................10
[qq-system-service] 2023-04-14 21:46:47,655 DEBUG [http-nio-60080-exec-4][HikariConfig.java:1098] - password........................<masked>
[qq-system-service] 2023-04-14 21:46:47,655 DEBUG [http-nio-60080-exec-4][HikariConfig.java:1098] - poolName........................"HikariPool-1"
[qq-system-service] 2023-04-14 21:46:47,655 DEBUG [http-nio-60080-exec-4][HikariConfig.java:1098] - readOnly........................false
[qq-system-service] 2023-04-14 21:46:47,656 DEBUG [http-nio-60080-exec-4][HikariConfig.java:1098] - registerMbeans..................false
[qq-system-service] 2023-04-14 21:46:47,656 DEBUG [http-nio-60080-exec-4][HikariConfig.java:1098] - scheduledExecutor...............none
[qq-system-service] 2023-04-14 21:46:47,656 DEBUG [http-nio-60080-exec-4][HikariConfig.java:1098] - schema..........................none
[qq-system-service] 2023-04-14 21:46:47,656 DEBUG [http-nio-60080-exec-4][HikariConfig.java:1098] - threadFactory...................internal
[qq-system-service] 2023-04-14 21:46:47,656 DEBUG [http-nio-60080-exec-4][HikariConfig.java:1098] - transactionIsolation............default
[qq-system-service] 2023-04-14 21:46:47,656 DEBUG [http-nio-60080-exec-4][HikariConfig.java:1098] - username........................"root"
[qq-system-service] 2023-04-14 21:46:47,656 DEBUG [http-nio-60080-exec-4][HikariConfig.java:1098] - validationTimeout...............5000
[qq-system-service] 2023-04-14 21:46:47,656 INFO [http-nio-60080-exec-4][HikariDataSource.java:110] - HikariPool-1 - Starting...
[qq-system-service] 2023-04-14 21:46:48,688 DEBUG [http-nio-60080-exec-4][HikariPool.java:564] - HikariPool-1 - Added connection com.mysql.jdbc.JDBC4Connection@11cf7d52
[qq-system-service] 2023-04-14 21:46:48,690 INFO [http-nio-60080-exec-4][HikariDataSource.java:123] - HikariPool-1 - Start completed.
[qq-system-service] 2023-04-14 21:46:48,806 DEBUG [HikariPool-1 housekeeper][HikariPool.java:421] - HikariPool-1 - Pool stats (total=1, active=0, idle=1, waiting=0)
[qq-system-service] 2023-04-14 21:46:49,232 DEBUG [http-nio-60080-exec-4][RedisClient.java:263] - Trying to get a Redis connection for: RedisURI [host='152.32.252.204', port=6379]
[qq-system-service] 2023-04-14 21:46:49,301 DEBUG [http-nio-60080-exec-4][EpollProvider.java:70] - Starting without optional epoll library
[qq-system-service] 2023-04-14 21:46:49,302 DEBUG [http-nio-60080-exec-4][KqueueProvider.java:72] - Starting without optional kqueue library
[qq-system-service] 2023-04-14 21:46:49,304 DEBUG [http-nio-60080-exec-4][DefaultEventLoopGroupProvider.java:85] - Allocating executor io.netty.channel.nio.NioEventLoopGroup
[qq-system-service] 2023-04-14 21:46:49,305 DEBUG [http-nio-60080-exec-4][DefaultEventLoopGroupProvider.java:196] - Creating executor io.netty.channel.nio.NioEventLoopGroup
[qq-system-service] 2023-04-14 21:46:49,305 DEBUG [http-nio-60080-exec-4][MultithreadEventLoopGroup.java:44] - -Dio.netty.eventLoopThreads: 16
[qq-system-service] 2023-04-14 21:46:49,310 DEBUG [http-nio-60080-exec-4][NioEventLoop.java:106] - -Dio.netty.noKeySetOptimization: false
[qq-system-service] 2023-04-14 21:46:49,310 DEBUG [http-nio-60080-exec-4][NioEventLoop.java:107] - -Dio.netty.selectorAutoRebuildThreshold: 512
[qq-system-service] 2023-04-14 21:46:49,316 DEBUG [http-nio-60080-exec-4][DefaultEventLoopGroupProvider.java:98] - Adding reference to io.netty.channel.nio.NioEventLoopGroup@51455f64, existing ref count 0
[qq-system-service] 2023-04-14 21:46:49,327 DEBUG [http-nio-60080-exec-4][RedisClient.java:775] - Resolved SocketAddress 152.32.252.204:6379 using RedisURI [host='152.32.252.204', port=6379]
[qq-system-service] 2023-04-14 21:46:49,328 DEBUG [http-nio-60080-exec-4][AbstractRedisClient.java:312] - Connecting to Redis at 152.32.252.204:6379
[qq-system-service] 2023-04-14 21:46:49,334 DEBUG [http-nio-60080-exec-4][DefaultChannelId.java:79] - -Dio.netty.processId: 29744 (auto-detected)
[qq-system-service] 2023-04-14 21:46:49,337 DEBUG [http-nio-60080-exec-4][NetUtil.java:135] - -Djava.net.preferIPv4Stack: false
[qq-system-service] 2023-04-14 21:46:49,337 DEBUG [http-nio-60080-exec-4][NetUtil.java:136] - -Djava.net.preferIPv6Addresses: false
[qq-system-service] 2023-04-14 21:46:49,439 DEBUG [http-nio-60080-exec-4][NetUtilInitializations.java:129] - Loopback interface: lo (Software Loopback Interface 1, 127.0.0.1)
[qq-system-service] 2023-04-14 21:46:49,440 DEBUG [http-nio-60080-exec-4][NetUtil.java:187] - Failed to get SOMAXCONN from sysctl and file \proc\sys\net\core\somaxconn. Default: 200
[qq-system-service] 2023-04-14 21:46:49,552 DEBUG [http-nio-60080-exec-4][DefaultChannelId.java:101] - -Dio.netty.machineId: 00:50:56:ff:fe:c0:00:08 (auto-detected)
[qq-system-service] 2023-04-14 21:46:49,569 DEBUG [http-nio-60080-exec-4][ByteBufUtil.java:87] - -Dio.netty.allocator.type: pooled
[qq-system-service] 2023-04-14 21:46:49,570 DEBUG [http-nio-60080-exec-4][ByteBufUtil.java:96] - -Dio.netty.threadLocalDirectBufferSize: 0
[qq-system-service] 2023-04-14 21:46:49,570 DEBUG [http-nio-60080-exec-4][ByteBufUtil.java:99] - -Dio.netty.maxThreadLocalCharBufferSize: 16384
[qq-system-service] 2023-04-14 21:46:49,584 DEBUG [lettuce-nioEventLoop-4-1][Recycler.java:102] - -Dio.netty.recycler.maxCapacityPerThread: 4096
[qq-system-service] 2023-04-14 21:46:49,584 DEBUG [lettuce-nioEventLoop-4-1][Recycler.java:103] - -Dio.netty.recycler.maxSharedCapacityFactor: 2
[qq-system-service] 2023-04-14 21:46:49,584 DEBUG [lettuce-nioEventLoop-4-1][Recycler.java:104] - -Dio.netty.recycler.linkCapacity: 16
[qq-system-service] 2023-04-14 21:46:49,584 DEBUG [lettuce-nioEventLoop-4-1][Recycler.java:105] - -Dio.netty.recycler.ratio: 8
[qq-system-service] 2023-04-14 21:46:49,584 DEBUG [lettuce-nioEventLoop-4-1][Recycler.java:106] - -Dio.netty.recycler.delayedQueue.ratio: 8
[qq-system-service] 2023-04-14 21:46:49,591 DEBUG [lettuce-nioEventLoop-4-1][AbstractByteBuf.java:63] - -Dio.netty.buffer.checkAccessible: true
[qq-system-service] 2023-04-14 21:46:49,591 DEBUG [lettuce-nioEventLoop-4-1][AbstractByteBuf.java:64] - -Dio.netty.buffer.checkBounds: true
[qq-system-service] 2023-04-14 21:46:49,591 DEBUG [lettuce-nioEventLoop-4-1][ResourceLeakDetectorFactory.java:196] - Loaded default ResourceLeakDetector: io.netty.util.ResourceLeakDetector@7b71c728
[qq-system-service] 2023-04-14 21:46:49,609 DEBUG [lettuce-nioEventLoop-4-1][CommandHandler.java:181] - [channel=0x40a13de2, [id: 0x0de52061] (inactive), chid=0x1] channelRegistered()
[qq-system-service] 2023-04-14 21:46:49,670 DEBUG [lettuce-nioEventLoop-4-1][CommandHandler.java:294] - [channel=0x40a13de2, /192.168.1.6:13230 -> /152.32.252.204:6379, chid=0x1] channelActive()
[qq-system-service] 2023-04-14 21:46:49,671 DEBUG [lettuce-nioEventLoop-4-1][DefaultEndpoint.java:421] - [channel=0x40a13de2, /192.168.1.6:13230 -> /152.32.252.204:6379, epid=0x1] activateEndpointAndExecuteBufferedCommands 0 command(s) buffered
[qq-system-service] 2023-04-14 21:46:49,671 DEBUG [lettuce-nioEventLoop-4-1][DefaultEndpoint.java:426] - [channel=0x40a13de2, /192.168.1.6:13230 -> /152.32.252.204:6379, epid=0x1] activating endpoint
[qq-system-service] 2023-04-14 21:46:49,671 DEBUG [lettuce-nioEventLoop-4-1][DefaultEndpoint.java:508] - [channel=0x40a13de2, /192.168.1.6:13230 -> /152.32.252.204:6379, epid=0x1] flushCommands()
[qq-system-service] 2023-04-14 21:46:49,671 DEBUG [lettuce-nioEventLoop-4-1][DefaultEndpoint.java:523] - [channel=0x40a13de2, /192.168.1.6:13230 -> /152.32.252.204:6379, epid=0x1] flushCommands() Flushing 0 commands
[qq-system-service] 2023-04-14 21:46:49,672 DEBUG [lettuce-nioEventLoop-4-1][ConnectionWatchdog.java:180] - [channel=0x40a13de2, /192.168.1.6:13230 -> /152.32.252.204:6379, last known addr=/152.32.252.204:6379] channelActive()
[qq-system-service] 2023-04-14 21:46:49,672 DEBUG [lettuce-nioEventLoop-4-1][CommandHandler.java:308] - [channel=0x40a13de2, /192.168.1.6:13230 -> /152.32.252.204:6379, chid=0x1] channelActive() done
[qq-system-service] 2023-04-14 21:46:49,673 DEBUG [lettuce-nioEventLoop-4-1][AbstractRedisClient.java:359] - Connecting to Redis at 152.32.252.204:6379: Success
[qq-system-service] 2023-04-14 21:46:49,674 DEBUG [lettuce-nioEventLoop-4-1][ConnectionWatchdog.java:148] - [channel=0x40a13de2, /192.168.1.6:13230 -> /152.32.252.204:6379, last known addr=/152.32.252.204:6379] userEventTriggered(ctx, io.lettuce.core.ConnectionEvents$Activated@383d47d7)
[qq-system-service] 2023-04-14 21:46:49,677 DEBUG [http-nio-60080-exec-4][RedisChannelHandler.java:179] - dispatching command AsyncCommand [type=SETEX, output=StatusOutput [output=null, error='null'], commandType=io.lettuce.core.protocol.Command]
[qq-system-service] 2023-04-14 21:46:49,678 DEBUG [http-nio-60080-exec-4][DefaultEndpoint.java:389] - [channel=0x40a13de2, /192.168.1.6:13230 -> /152.32.252.204:6379, epid=0x1] write() writeAndFlush command AsyncCommand [type=SETEX, output=StatusOutput [output=null, error='null'], commandType=io.lettuce.core.protocol.Command]
[qq-system-service] 2023-04-14 21:46:49,680 DEBUG [lettuce-nioEventLoop-4-1][CommandHandler.java:374] - [channel=0x40a13de2, /192.168.1.6:13230 -> /152.32.252.204:6379, chid=0x1] write(ctx, AsyncCommand [type=SETEX, output=StatusOutput [output=null, error='null'], commandType=io.lettuce.core.protocol.Command], promise)
[qq-system-service] 2023-04-14 21:46:49,681 DEBUG [http-nio-60080-exec-4][DefaultEndpoint.java:173] - [channel=0x40a13de2, /192.168.1.6:13230 -> /152.32.252.204:6379, epid=0x1] write() done
[qq-system-service] 2023-04-14 21:46:49,683 DEBUG [lettuce-nioEventLoop-4-1][CommandEncoder.java:101] - [channel=0x40a13de2, /192.168.1.6:13230 -> /152.32.252.204:6379] writing command AsyncCommand [type=SETEX, output=StatusOutput [output=null, error='null'], commandType=io.lettuce.core.protocol.Command]
[qq-system-service] 2023-04-14 21:46:49,738 DEBUG [lettuce-nioEventLoop-4-1][CommandHandler.java:570] - [channel=0x40a13de2, /192.168.1.6:13230 -> /152.32.252.204:6379, chid=0x1] Received: 56 bytes, 1 commands in the stack
[qq-system-service] 2023-04-14 21:46:49,739 DEBUG [lettuce-nioEventLoop-4-1][CommandHandler.java:616] - [channel=0x40a13de2, /192.168.1.6:13230 -> /152.32.252.204:6379, chid=0x1] Stack contains: 1 commands
[qq-system-service] 2023-04-14 21:46:49,739 DEBUG [lettuce-nioEventLoop-4-1][RedisStateMachine.java:131] - Decode AsyncCommand [type=SETEX, output=StatusOutput [output=null, error='null'], commandType=io.lettuce.core.protocol.Command]
[qq-system-service] 2023-04-14 21:46:49,741 DEBUG [lettuce-nioEventLoop-4-1][RedisStateMachine.java:145] - Decoded AsyncCommand [type=SETEX, output=StatusOutput [output=null, error='READONLY You can't write against a read only replica.'], commandType=io.lettuce.core.protocol.Command], empty stack: true
[qq-system-service] 2023-04-14 21:46:51,258 DEBUG [HikariPool-1 connection adder][HikariPool.java:728] - HikariPool-1 - Added connection com.mysql.jdbc.JDBC4Connection@332a29b0
[qq-system-service] 2023-04-14 21:46:51,933 DEBUG [HikariPool-1 connection adder][HikariPool.java:728] - HikariPool-1 - Added connection com.mysql.jdbc.JDBC4Connection@5305d6ff
[qq-system-service] 2023-04-14 21:46:54,567 DEBUG [HikariPool-1 connection adder][HikariPool.java:728] - HikariPool-1 - Added connection com.mysql.jdbc.JDBC4Connection@574be94b
[qq-system-service] 2023-04-14 21:46:55,202 DEBUG [HikariPool-1 connection adder][HikariPool.java:728] - HikariPool-1 - Added connection com.mysql.jdbc.JDBC4Connection@5e7c2fbb
[qq-system-service] 2023-04-14 21:46:55,882 DEBUG [HikariPool-1 connection adder][HikariPool.java:728] - HikariPool-1 - Added connection com.mysql.jdbc.JDBC4Connection@7e91009d
[qq-system-service] 2023-04-14 21:46:56,505 DEBUG [HikariPool-1 connection adder][HikariPool.java:728] - HikariPool-1 - Added connection com.mysql.jdbc.JDBC4Connection@5a56fe91
[qq-system-service] 2023-04-14 21:46:57,167 DEBUG [HikariPool-1 connection adder][HikariPool.java:728] - HikariPool-1 - Added connection com.mysql.jdbc.JDBC4Connection@51e50993
[qq-system-service] 2023-04-14 21:46:58,068 DEBUG [HikariPool-1 connection adder][HikariPool.java:728] - HikariPool-1 - Added connection com.mysql.jdbc.JDBC4Connection@7e7e76cf
[qq-system-service] 2023-04-14 21:46:58,487 DEBUG [HikariPool-1 connection adder][HikariPool.java:728] - HikariPool-1 - Added connection com.mysql.jdbc.JDBC4Connection@5d3e5516
[qq-system-service] 2023-04-14 21:46:58,488 DEBUG [HikariPool-1 connection adder][HikariPool.java:421] - HikariPool-1 - After adding stats (total=10, active=0, idle=10, waiting=0)
[qq-system-service] 2023-04-14 21:47:18,822 DEBUG [HikariPool-1 housekeeper][HikariPool.java:421] - HikariPool-1 - Pool stats (total=10, active=0, idle=10, waiting=0)
[qq-system-service] 2023-04-14 21:47:18,822 DEBUG [HikariPool-1 housekeeper][HikariPool.java:517] - HikariPool-1 - Fill pool skipped, pool is at sufficient level.
[qq-system-service] 2023-04-14 21:47:48,837 DEBUG [HikariPool-1 housekeeper][HikariPool.java:421] - HikariPool-1 - Pool stats (total=10, active=0, idle=10, waiting=0)
[qq-system-service] 2023-04-14 21:47:48,837 DEBUG [HikariPool-1 housekeeper][HikariPool.java:517] - HikariPool-1 - Fill pool skipped, pool is at sufficient level.
[qq-system-service] 2023-04-14 21:48:18,842 DEBUG [HikariPool-1 housekeeper][HikariPool.java:421] - HikariPool-1 - Pool stats (total=10, active=0, idle=10, waiting=0)
[qq-system-service] 2023-04-14 21:48:18,842 DEBUG [HikariPool-1 housekeeper][HikariPool.java:517] - HikariPool-1 - Fill pool skipped, pool is at sufficient level.
[qq-system-service] 2023-04-14 21:48:48,851 DEBUG [HikariPool-1 housekeeper][HikariPool.java:421] - HikariPool-1 - Pool stats (total=10, active=0, idle=10, waiting=0)
[qq-system-service] 2023-04-14 21:48:48,851 DEBUG [HikariPool-1 housekeeper][HikariPool.java:517] - HikariPool-1 - Fill pool skipped, pool is at sufficient level.
[qq-system-service] 2023-04-14 21:49:18,854 DEBUG [HikariPool-1 housekeeper][HikariPool.java:421] - HikariPool-1 - Pool stats (total=10, active=0, idle=10, waiting=0)
[qq-system-service] 2023-04-14 21:49:18,854 DEBUG [HikariPool-1 housekeeper][HikariPool.java:517] - HikariPool-1 - Fill pool skipped, pool is at sufficient level.
[qq-system-service] 2023-04-14 21:49:21,287 DEBUG [http-nio-60080-exec-7][RedisChannelHandler.java:179] - dispatching command AsyncCommand [type=SETEX, output=StatusOutput [output=null, error='null'], commandType=io.lettuce.core.protocol.Command]
[qq-system-service] 2023-04-14 21:49:21,288 DEBUG [http-nio-60080-exec-7][DefaultEndpoint.java:389] - [channel=0x40a13de2, /192.168.1.6:13230 -> /152.32.252.204:6379, epid=0x1] write() writeAndFlush command AsyncCommand [type=SETEX, output=StatusOutput [output=null, error='null'], commandType=io.lettuce.core.protocol.Command]
[qq-system-service] 2023-04-14 21:49:21,288 DEBUG [http-nio-60080-exec-7][DefaultEndpoint.java:173] - [channel=0x40a13de2, /192.168.1.6:13230 -> /152.32.252.204:6379, epid=0x1] write() done
[qq-system-service] 2023-04-14 21:49:21,288 DEBUG [lettuce-nioEventLoop-4-1][CommandHandler.java:374] - [channel=0x40a13de2, /192.168.1.6:13230 -> /152.32.252.204:6379, chid=0x1] write(ctx, AsyncCommand [type=SETEX, output=StatusOutput [output=null, error='null'], commandType=io.lettuce.core.protocol.Command], promise)
[qq-system-service] 2023-04-14 21:49:21,289 DEBUG [lettuce-nioEventLoop-4-1][CommandEncoder.java:101] - [channel=0x40a13de2, /192.168.1.6:13230 -> /152.32.252.204:6379] writing command AsyncCommand [type=SETEX, output=StatusOutput [output=null, error='null'], commandType=io.lettuce.core.protocol.Command]
[qq-system-service] 2023-04-14 21:49:21,341 DEBUG [lettuce-nioEventLoop-4-1][CommandHandler.java:570] - [channel=0x40a13de2, /192.168.1.6:13230 -> /152.32.252.204:6379, chid=0x1] Received: 56 bytes, 1 commands in the stack
[qq-system-service] 2023-04-14 21:49:21,342 DEBUG [lettuce-nioEventLoop-4-1][CommandHandler.java:616] - [channel=0x40a13de2, /192.168.1.6:13230 -> /152.32.252.204:6379, chid=0x1] Stack contains: 1 commands
[qq-system-service] 2023-04-14 21:49:21,342 DEBUG [lettuce-nioEventLoop-4-1][RedisStateMachine.java:131] - Decode AsyncCommand [type=SETEX, output=StatusOutput [output=null, error='null'], commandType=io.lettuce.core.protocol.Command]
[qq-system-service] 2023-04-14 21:49:21,342 DEBUG [lettuce-nioEventLoop-4-1][RedisStateMachine.java:145] - Decoded AsyncCommand [type=SETEX, output=StatusOutput [output=null, error='READONLY You can't write against a read only replica.'], commandType=io.lettuce.core.protocol.Command], empty stack: true
[qq-system-service] 2023-04-14 21:49:48,866 DEBUG [HikariPool-1 housekeeper][HikariPool.java:421] - HikariPool-1 - Pool stats (total=10, active=0, idle=10, waiting=0)
[qq-system-service] 2023-04-14 21:49:48,866 DEBUG [HikariPool-1 housekeeper][HikariPool.java:517] - HikariPool-1 - Fill pool skipped, pool is at sufficient level.
[qq-system-service] 2023-04-14 21:50:18,878 DEBUG [HikariPool-1 housekeeper][HikariPool.java:421] - HikariPool-1 - Pool stats (total=10, active=0, idle=10, waiting=0)
[qq-system-service] 2023-04-14 21:50:18,878 DEBUG [HikariPool-1 housekeeper][HikariPool.java:517] - HikariPool-1 - Fill pool skipped, pool is at sufficient level.
[qq-system-service] 2023-04-14 21:50:48,881 DEBUG [HikariPool-1 housekeeper][HikariPool.java:421] - HikariPool-1 - Pool stats (total=10, active=0, idle=10, waiting=0)
[qq-system-service] 2023-04-14 21:50:48,881 DEBUG [HikariPool-1 housekeeper][HikariPool.java:517] - HikariPool-1 - Fill pool skipped, pool is at sufficient level.
[qq-system-service] 2023-04-14 21:51:18,884 DEBUG [HikariPool-1 housekeeper][HikariPool.java:421] - HikariPool-1 - Pool stats (total=10, active=0, idle=10, waiting=0)
[qq-system-service] 2023-04-14 21:51:18,884 DEBUG [HikariPool-1 housekeeper][HikariPool.java:517] - HikariPool-1 - Fill pool skipped, pool is at sufficient level.
[qq-system-service] 2023-04-14 21:51:48,887 DEBUG [HikariPool-1 housekeeper][HikariPool.java:421] - HikariPool-1 - Pool stats (total=10, active=0, idle=10, waiting=0)
[qq-system-service] 2023-04-14 21:51:48,887 DEBUG [HikariPool-1 housekeeper][HikariPool.java:517] - HikariPool-1 - Fill pool skipped, pool is at sufficient level.
[qq-system-service] 2023-04-14 21:52:18,890 DEBUG [HikariPool-1 housekeeper][HikariPool.java:421] - HikariPool-1 - Pool stats (total=10, active=0, idle=10, waiting=0)
[qq-system-service] 2023-04-14 21:52:18,890 DEBUG [HikariPool-1 housekeeper][HikariPool.java:517] - HikariPool-1 - Fill pool skipped, pool is at sufficient level.
[qq-system-service] 2023-04-14 21:52:48,893 DEBUG [HikariPool-1 housekeeper][HikariPool.java:421] - HikariPool-1 - Pool stats (total=10, active=0, idle=10, waiting=0)
[qq-system-service] 2023-04-14 21:52:48,893 DEBUG [HikariPool-1 housekeeper][HikariPool.java:517] - HikariPool-1 - Fill pool skipped, pool is at sufficient level.
[qq-system-service] 2023-04-14 21:53:18,901 DEBUG [HikariPool-1 housekeeper][HikariPool.java:421] - HikariPool-1 - Pool stats (total=10, active=0, idle=10, waiting=0)
[qq-system-service] 2023-04-14 21:53:18,901 DEBUG [HikariPool-1 housekeeper][HikariPool.java:517] - HikariPool-1 - Fill pool skipped, pool is at sufficient level.
[qq-system-service] 2023-04-14 21:53:48,908 DEBUG [HikariPool-1 housekeeper][HikariPool.java:421] - HikariPool-1 - Pool stats (total=10, active=0, idle=10, waiting=0)
[qq-system-service] 2023-04-14 21:53:48,908 DEBUG [HikariPool-1 housekeeper][HikariPool.java:517] - HikariPool-1 - Fill pool skipped, pool is at sufficient level.
[qq-system-service] 2023-04-14 21:54:18,914 DEBUG [HikariPool-1 housekeeper][HikariPool.java:421] - HikariPool-1 - Pool stats (total=10, active=0, idle=10, waiting=0)
[qq-system-service] 2023-04-14 21:54:18,914 DEBUG [HikariPool-1 housekeeper][HikariPool.java:517] - HikariPool-1 - Fill pool skipped, pool is at sufficient level.
[qq-system-service] 2023-04-14 21:54:48,915 DEBUG [HikariPool-1 housekeeper][HikariPool.java:421] - HikariPool-1 - Pool stats (total=10, active=0, idle=10, waiting=0)
[qq-system-service] 2023-04-14 21:54:48,915 DEBUG [HikariPool-1 housekeeper][HikariPool.java:517] - HikariPool-1 - Fill pool skipped, pool is at sufficient level.
[qq-system-service] 2023-04-14 21:55:18,922 DEBUG [HikariPool-1 housekeeper][HikariPool.java:421] - HikariPool-1 - Pool stats (total=10, active=0, idle=10, waiting=0)
[qq-system-service] 2023-04-14 21:55:18,922 DEBUG [HikariPool-1 housekeeper][HikariPool.java:517] - HikariPool-1 - Fill pool skipped, pool is at sufficient level.
[qq-system-service] 2023-04-14 21:55:48,938 DEBUG [HikariPool-1 housekeeper][HikariPool.java:421] - HikariPool-1 - Pool stats (total=10, active=0, idle=10, waiting=0)
[qq-system-service] 2023-04-14 21:55:48,938 DEBUG [HikariPool-1 housekeeper][HikariPool.java:517] - HikariPool-1 - Fill pool skipped, pool is at sufficient level.
[qq-system-service] 2023-04-14 21:56:18,938 DEBUG [HikariPool-1 housekeeper][HikariPool.java:421] - HikariPool-1 - Pool stats (total=10, active=0, idle=10, waiting=0)
[qq-system-service] 2023-04-14 21:56:18,939 DEBUG [HikariPool-1 housekeeper][HikariPool.java:517] - HikariPool-1 - Fill pool skipped, pool is at sufficient level.
[qq-system-service] 2023-04-14 21:56:48,949 DEBUG [HikariPool-1 housekeeper][HikariPool.java:421] - HikariPool-1 - Pool stats (total=10, active=0, idle=10, waiting=0)
[qq-system-service] 2023-04-14 21:56:48,949 DEBUG [HikariPool-1 housekeeper][HikariPool.java:517] - HikariPool-1 - Fill pool skipped, pool is at sufficient level.
[qq-system-service] 2023-04-14 21:57:18,965 DEBUG [HikariPool-1 housekeeper][HikariPool.java:421] - HikariPool-1 - Pool stats (total=10, active=0, idle=10, waiting=0)
[qq-system-service] 2023-04-14 21:57:18,965 DEBUG [HikariPool-1 housekeeper][HikariPool.java:517] - HikariPool-1 - Fill pool skipped, pool is at sufficient level.
[qq-system-service] 2023-04-14 21:57:48,980 DEBUG [HikariPool-1 housekeeper][HikariPool.java:421] - HikariPool-1 - Pool stats (total=10, active=0, idle=10, waiting=0)
[qq-system-service] 2023-04-14 21:57:48,980 DEBUG [HikariPool-1 housekeeper][HikariPool.java:517] - HikariPool-1 - Fill pool skipped, pool is at sufficient level.
[qq-system-service] 2023-04-14 21:58:18,987 DEBUG [HikariPool-1 housekeeper][HikariPool.java:421] - HikariPool-1 - Pool stats (total=10, active=0, idle=10, waiting=0)
[qq-system-service] 2023-04-14 21:58:18,987 DEBUG [HikariPool-1 housekeeper][HikariPool.java:517] - HikariPool-1 - Fill pool skipped, pool is at sufficient level.
[qq-system-service] 2023-04-14 21:58:48,999 DEBUG [HikariPool-1 housekeeper][HikariPool.java:421] - HikariPool-1 - Pool stats (total=10, active=0, idle=10, waiting=0)
[qq-system-service] 2023-04-14 21:58:48,999 DEBUG [HikariPool-1 housekeeper][HikariPool.java:517] - HikariPool-1 - Fill pool skipped, pool is at sufficient level.
[qq-system-service] 2023-04-14 21:59:19,003 DEBUG [HikariPool-1 housekeeper][HikariPool.java:421] - HikariPool-1 - Pool stats (total=10, active=0, idle=10, waiting=0)
[qq-system-service] 2023-04-14 21:59:19,003 DEBUG [HikariPool-1 housekeeper][HikariPool.java:517] - HikariPool-1 - Fill pool skipped, pool is at sufficient level.
[qq-system-service] 2023-04-14 21:59:49,011 DEBUG [HikariPool-1 housekeeper][HikariPool.java:421] - HikariPool-1 - Pool stats (total=10, active=0, idle=10, waiting=0)
[qq-system-service] 2023-04-14 21:59:49,011 DEBUG [HikariPool-1 housekeeper][HikariPool.java:517] - HikariPool-1 - Fill pool skipped, pool is at sufficient level.
