[qq-system-service] 2023-04-16 02:00:07,298 DEBUG [HikariPool-1 housekeeper][HikariPool.java:421] - HikariPool-1 - Pool stats (total=10, active=0, idle=10, waiting=0)
[qq-system-service] 2023-04-16 02:00:07,298 DEBUG [HikariPool-1 housekeeper][HikariPool.java:517] - HikariPool-1 - Fill pool skipped, pool is at sufficient level.
[qq-system-service] 2023-04-16 02:00:37,305 DEBUG [HikariPool-1 housekeeper][HikariPool.java:421] - HikariPool-1 - Pool stats (total=10, active=0, idle=10, waiting=0)
[qq-system-service] 2023-04-16 02:00:37,305 DEBUG [HikariPool-1 housekeeper][HikariPool.java:517] - HikariPool-1 - Fill pool skipped, pool is at sufficient level.
[qq-system-service] 2023-04-16 02:01:07,311 DEBUG [HikariPool-1 housekeeper][HikariPool.java:421] - HikariPool-1 - Pool stats (total=10, active=0, idle=10, waiting=0)
[qq-system-service] 2023-04-16 02:01:07,311 DEBUG [HikariPool-1 housekeeper][HikariPool.java:517] - HikariPool-1 - Fill pool skipped, pool is at sufficient level.
[qq-system-service] 2023-04-16 02:01:37,326 DEBUG [HikariPool-1 housekeeper][HikariPool.java:421] - HikariPool-1 - Pool stats (total=10, active=0, idle=10, waiting=0)
[qq-system-service] 2023-04-16 02:01:37,326 DEBUG [HikariPool-1 housekeeper][HikariPool.java:517] - HikariPool-1 - Fill pool skipped, pool is at sufficient level.
[qq-system-service] 2023-04-16 02:02:07,331 DEBUG [HikariPool-1 housekeeper][HikariPool.java:421] - HikariPool-1 - Pool stats (total=10, active=0, idle=10, waiting=0)
[qq-system-service] 2023-04-16 02:02:07,331 DEBUG [HikariPool-1 housekeeper][HikariPool.java:517] - HikariPool-1 - Fill pool skipped, pool is at sufficient level.
[qq-system-service] 2023-04-16 02:02:37,343 DEBUG [HikariPool-1 housekeeper][HikariPool.java:421] - HikariPool-1 - Pool stats (total=10, active=0, idle=10, waiting=0)
[qq-system-service] 2023-04-16 02:02:37,343 DEBUG [HikariPool-1 housekeeper][HikariPool.java:517] - HikariPool-1 - Fill pool skipped, pool is at sufficient level.
[qq-system-service] 2023-04-16 02:03:07,345 DEBUG [HikariPool-1 housekeeper][HikariPool.java:421] - HikariPool-1 - Pool stats (total=10, active=0, idle=10, waiting=0)
[qq-system-service] 2023-04-16 02:03:07,345 DEBUG [HikariPool-1 housekeeper][HikariPool.java:517] - HikariPool-1 - Fill pool skipped, pool is at sufficient level.
[qq-system-service] 2023-04-16 02:03:37,355 DEBUG [HikariPool-1 housekeeper][HikariPool.java:421] - HikariPool-1 - Pool stats (total=10, active=0, idle=10, waiting=0)
[qq-system-service] 2023-04-16 02:03:37,355 DEBUG [HikariPool-1 housekeeper][HikariPool.java:517] - HikariPool-1 - Fill pool skipped, pool is at sufficient level.
[qq-system-service] 2023-04-16 02:04:07,363 DEBUG [HikariPool-1 housekeeper][HikariPool.java:421] - HikariPool-1 - Pool stats (total=10, active=0, idle=10, waiting=0)
[qq-system-service] 2023-04-16 02:04:07,363 DEBUG [HikariPool-1 housekeeper][HikariPool.java:517] - HikariPool-1 - Fill pool skipped, pool is at sufficient level.
[qq-system-service] 2023-04-16 02:04:37,376 DEBUG [HikariPool-1 housekeeper][HikariPool.java:421] - HikariPool-1 - Pool stats (total=10, active=0, idle=10, waiting=0)
[qq-system-service] 2023-04-16 02:04:37,376 DEBUG [HikariPool-1 housekeeper][HikariPool.java:517] - HikariPool-1 - Fill pool skipped, pool is at sufficient level.
[qq-system-service] 2023-04-16 02:05:07,381 DEBUG [HikariPool-1 housekeeper][HikariPool.java:421] - HikariPool-1 - Pool stats (total=10, active=0, idle=10, waiting=0)
[qq-system-service] 2023-04-16 02:05:07,381 DEBUG [HikariPool-1 housekeeper][HikariPool.java:517] - HikariPool-1 - Fill pool skipped, pool is at sufficient level.
[qq-system-service] 2023-04-16 02:05:37,387 DEBUG [HikariPool-1 housekeeper][HikariPool.java:421] - HikariPool-1 - Pool stats (total=10, active=0, idle=10, waiting=0)
[qq-system-service] 2023-04-16 02:05:37,387 DEBUG [HikariPool-1 housekeeper][HikariPool.java:517] - HikariPool-1 - Fill pool skipped, pool is at sufficient level.
[qq-system-service] 2023-04-16 02:06:07,398 DEBUG [HikariPool-1 housekeeper][HikariPool.java:421] - HikariPool-1 - Pool stats (total=10, active=0, idle=10, waiting=0)
[qq-system-service] 2023-04-16 02:06:07,398 DEBUG [HikariPool-1 housekeeper][HikariPool.java:517] - HikariPool-1 - Fill pool skipped, pool is at sufficient level.
[qq-system-service] 2023-04-16 02:06:37,399 DEBUG [HikariPool-1 housekeeper][HikariPool.java:421] - HikariPool-1 - Pool stats (total=10, active=0, idle=10, waiting=0)
[qq-system-service] 2023-04-16 02:06:37,399 DEBUG [HikariPool-1 housekeeper][HikariPool.java:517] - HikariPool-1 - Fill pool skipped, pool is at sufficient level.
[qq-system-service] 2023-04-16 02:07:07,414 DEBUG [HikariPool-1 housekeeper][HikariPool.java:421] - HikariPool-1 - Pool stats (total=10, active=0, idle=10, waiting=0)
[qq-system-service] 2023-04-16 02:07:07,414 DEBUG [HikariPool-1 housekeeper][HikariPool.java:517] - HikariPool-1 - Fill pool skipped, pool is at sufficient level.
[qq-system-service] 2023-04-16 02:07:37,418 DEBUG [HikariPool-1 housekeeper][HikariPool.java:421] - HikariPool-1 - Pool stats (total=10, active=0, idle=10, waiting=0)
[qq-system-service] 2023-04-16 02:07:37,418 DEBUG [HikariPool-1 housekeeper][HikariPool.java:517] - HikariPool-1 - Fill pool skipped, pool is at sufficient level.
[qq-system-service] 2023-04-16 02:08:07,424 DEBUG [HikariPool-1 housekeeper][HikariPool.java:421] - HikariPool-1 - Pool stats (total=10, active=0, idle=10, waiting=0)
[qq-system-service] 2023-04-16 02:08:07,424 DEBUG [HikariPool-1 housekeeper][HikariPool.java:517] - HikariPool-1 - Fill pool skipped, pool is at sufficient level.
[qq-system-service] 2023-04-16 02:08:37,438 DEBUG [HikariPool-1 housekeeper][HikariPool.java:421] - HikariPool-1 - Pool stats (total=10, active=0, idle=10, waiting=0)
[qq-system-service] 2023-04-16 02:08:37,438 DEBUG [HikariPool-1 housekeeper][HikariPool.java:517] - HikariPool-1 - Fill pool skipped, pool is at sufficient level.
[qq-system-service] 2023-04-16 02:09:07,441 DEBUG [HikariPool-1 housekeeper][HikariPool.java:421] - HikariPool-1 - Pool stats (total=10, active=0, idle=10, waiting=0)
[qq-system-service] 2023-04-16 02:09:07,441 DEBUG [HikariPool-1 housekeeper][HikariPool.java:517] - HikariPool-1 - Fill pool skipped, pool is at sufficient level.
[qq-system-service] 2023-04-16 02:09:37,445 DEBUG [HikariPool-1 housekeeper][HikariPool.java:421] - HikariPool-1 - Pool stats (total=10, active=0, idle=10, waiting=0)
[qq-system-service] 2023-04-16 02:09:37,445 DEBUG [HikariPool-1 housekeeper][HikariPool.java:517] - HikariPool-1 - Fill pool skipped, pool is at sufficient level.
[qq-system-service] 2023-04-16 02:10:07,447 DEBUG [HikariPool-1 housekeeper][HikariPool.java:421] - HikariPool-1 - Pool stats (total=10, active=0, idle=10, waiting=0)
[qq-system-service] 2023-04-16 02:10:07,447 DEBUG [HikariPool-1 housekeeper][HikariPool.java:517] - HikariPool-1 - Fill pool skipped, pool is at sufficient level.
[qq-system-service] 2023-04-16 02:10:37,458 DEBUG [HikariPool-1 housekeeper][HikariPool.java:421] - HikariPool-1 - Pool stats (total=10, active=0, idle=10, waiting=0)
[qq-system-service] 2023-04-16 02:10:37,458 DEBUG [HikariPool-1 housekeeper][HikariPool.java:517] - HikariPool-1 - Fill pool skipped, pool is at sufficient level.
[qq-system-service] 2023-04-16 02:11:07,469 DEBUG [HikariPool-1 housekeeper][HikariPool.java:421] - HikariPool-1 - Pool stats (total=10, active=0, idle=10, waiting=0)
[qq-system-service] 2023-04-16 02:11:07,469 DEBUG [HikariPool-1 housekeeper][HikariPool.java:517] - HikariPool-1 - Fill pool skipped, pool is at sufficient level.
[qq-system-service] 2023-04-16 02:11:37,473 DEBUG [HikariPool-1 housekeeper][HikariPool.java:421] - HikariPool-1 - Pool stats (total=10, active=0, idle=10, waiting=0)
[qq-system-service] 2023-04-16 02:11:37,473 DEBUG [HikariPool-1 housekeeper][HikariPool.java:517] - HikariPool-1 - Fill pool skipped, pool is at sufficient level.
[qq-system-service] 2023-04-16 02:12:07,479 DEBUG [HikariPool-1 housekeeper][HikariPool.java:421] - HikariPool-1 - Pool stats (total=10, active=0, idle=10, waiting=0)
[qq-system-service] 2023-04-16 02:12:07,479 DEBUG [HikariPool-1 housekeeper][HikariPool.java:517] - HikariPool-1 - Fill pool skipped, pool is at sufficient level.
[qq-system-service] 2023-04-16 02:12:37,495 DEBUG [HikariPool-1 housekeeper][HikariPool.java:421] - HikariPool-1 - Pool stats (total=10, active=0, idle=10, waiting=0)
[qq-system-service] 2023-04-16 02:12:37,495 DEBUG [HikariPool-1 housekeeper][HikariPool.java:517] - HikariPool-1 - Fill pool skipped, pool is at sufficient level.
[qq-system-service] 2023-04-16 02:13:07,506 DEBUG [HikariPool-1 housekeeper][HikariPool.java:421] - HikariPool-1 - Pool stats (total=10, active=0, idle=10, waiting=0)
[qq-system-service] 2023-04-16 02:13:07,506 DEBUG [HikariPool-1 housekeeper][HikariPool.java:517] - HikariPool-1 - Fill pool skipped, pool is at sufficient level.
[qq-system-service] 2023-04-16 02:13:37,517 DEBUG [HikariPool-1 housekeeper][HikariPool.java:421] - HikariPool-1 - Pool stats (total=10, active=0, idle=10, waiting=0)
[qq-system-service] 2023-04-16 02:13:37,517 DEBUG [HikariPool-1 housekeeper][HikariPool.java:517] - HikariPool-1 - Fill pool skipped, pool is at sufficient level.
[qq-system-service] 2023-04-16 02:14:07,531 DEBUG [HikariPool-1 housekeeper][HikariPool.java:421] - HikariPool-1 - Pool stats (total=10, active=0, idle=10, waiting=0)
[qq-system-service] 2023-04-16 02:14:07,531 DEBUG [HikariPool-1 housekeeper][HikariPool.java:517] - HikariPool-1 - Fill pool skipped, pool is at sufficient level.
[qq-system-service] 2023-04-16 02:14:37,539 DEBUG [HikariPool-1 housekeeper][HikariPool.java:421] - HikariPool-1 - Pool stats (total=10, active=0, idle=10, waiting=0)
[qq-system-service] 2023-04-16 02:14:37,539 DEBUG [HikariPool-1 housekeeper][HikariPool.java:517] - HikariPool-1 - Fill pool skipped, pool is at sufficient level.
[qq-system-service] 2023-04-16 02:15:07,542 DEBUG [HikariPool-1 housekeeper][HikariPool.java:421] - HikariPool-1 - Pool stats (total=10, active=0, idle=10, waiting=0)
[qq-system-service] 2023-04-16 02:15:07,542 DEBUG [HikariPool-1 housekeeper][HikariPool.java:517] - HikariPool-1 - Fill pool skipped, pool is at sufficient level.
[qq-system-service] 2023-04-16 02:15:37,555 DEBUG [HikariPool-1 housekeeper][HikariPool.java:421] - HikariPool-1 - Pool stats (total=10, active=0, idle=10, waiting=0)
[qq-system-service] 2023-04-16 02:15:37,555 DEBUG [HikariPool-1 housekeeper][HikariPool.java:517] - HikariPool-1 - Fill pool skipped, pool is at sufficient level.
[qq-system-service] 2023-04-16 02:16:07,563 DEBUG [HikariPool-1 housekeeper][HikariPool.java:421] - HikariPool-1 - Pool stats (total=10, active=0, idle=10, waiting=0)
[qq-system-service] 2023-04-16 02:16:07,563 DEBUG [HikariPool-1 housekeeper][HikariPool.java:517] - HikariPool-1 - Fill pool skipped, pool is at sufficient level.
[qq-system-service] 2023-04-16 02:16:37,576 DEBUG [HikariPool-1 housekeeper][HikariPool.java:421] - HikariPool-1 - Pool stats (total=10, active=0, idle=10, waiting=0)
[qq-system-service] 2023-04-16 02:16:37,576 DEBUG [HikariPool-1 housekeeper][HikariPool.java:517] - HikariPool-1 - Fill pool skipped, pool is at sufficient level.
[qq-system-service] 2023-04-16 02:17:07,589 DEBUG [HikariPool-1 housekeeper][HikariPool.java:421] - HikariPool-1 - Pool stats (total=10, active=0, idle=10, waiting=0)
[qq-system-service] 2023-04-16 02:17:07,589 DEBUG [HikariPool-1 housekeeper][HikariPool.java:517] - HikariPool-1 - Fill pool skipped, pool is at sufficient level.
[qq-system-service] 2023-04-16 02:17:37,592 DEBUG [HikariPool-1 housekeeper][HikariPool.java:421] - HikariPool-1 - Pool stats (total=10, active=0, idle=10, waiting=0)
[qq-system-service] 2023-04-16 02:17:37,592 DEBUG [HikariPool-1 housekeeper][HikariPool.java:517] - HikariPool-1 - Fill pool skipped, pool is at sufficient level.
[qq-system-service] 2023-04-16 02:18:07,606 DEBUG [HikariPool-1 housekeeper][HikariPool.java:421] - HikariPool-1 - Pool stats (total=10, active=0, idle=10, waiting=0)
[qq-system-service] 2023-04-16 02:18:07,606 DEBUG [HikariPool-1 housekeeper][HikariPool.java:517] - HikariPool-1 - Fill pool skipped, pool is at sufficient level.
[qq-system-service] 2023-04-16 02:18:37,619 DEBUG [HikariPool-1 housekeeper][HikariPool.java:421] - HikariPool-1 - Pool stats (total=10, active=0, idle=10, waiting=0)
[qq-system-service] 2023-04-16 02:18:37,619 DEBUG [HikariPool-1 housekeeper][HikariPool.java:517] - HikariPool-1 - Fill pool skipped, pool is at sufficient level.
[qq-system-service] 2023-04-16 02:19:07,621 DEBUG [HikariPool-1 housekeeper][HikariPool.java:421] - HikariPool-1 - Pool stats (total=10, active=0, idle=10, waiting=0)
[qq-system-service] 2023-04-16 02:19:07,621 DEBUG [HikariPool-1 housekeeper][HikariPool.java:517] - HikariPool-1 - Fill pool skipped, pool is at sufficient level.
[qq-system-service] 2023-04-16 02:19:20,966 DEBUG [HikariPool-1 connection closer][PoolBase.java:134] - HikariPool-1 - Closing connection com.mysql.jdbc.JDBC4Connection@2b99c77: (connection has passed maxLifetime)
[qq-system-service] 2023-04-16 02:19:21,653 DEBUG [HikariPool-1 connection adder][HikariPool.java:728] - HikariPool-1 - Added connection com.mysql.jdbc.JDBC4Connection@1c214fdb
[qq-system-service] 2023-04-16 02:19:27,463 DEBUG [HikariPool-1 connection closer][PoolBase.java:134] - HikariPool-1 - Closing connection com.mysql.jdbc.JDBC4Connection@62966338: (connection has passed maxLifetime)
[qq-system-service] 2023-04-16 02:19:28,408 DEBUG [HikariPool-1 connection adder][HikariPool.java:728] - HikariPool-1 - Added connection com.mysql.jdbc.JDBC4Connection@5415133e
[qq-system-service] 2023-04-16 02:19:37,635 DEBUG [HikariPool-1 housekeeper][HikariPool.java:421] - HikariPool-1 - Pool stats (total=10, active=0, idle=10, waiting=0)
[qq-system-service] 2023-04-16 02:19:37,635 DEBUG [HikariPool-1 housekeeper][HikariPool.java:517] - HikariPool-1 - Fill pool skipped, pool is at sufficient level.
[qq-system-service] 2023-04-16 02:19:39,344 DEBUG [HikariPool-1 connection closer][PoolBase.java:134] - HikariPool-1 - Closing connection com.mysql.jdbc.JDBC4Connection@ff20d46: (connection has passed maxLifetime)
[qq-system-service] 2023-04-16 02:19:41,683 DEBUG [HikariPool-1 connection adder][HikariPool.java:728] - HikariPool-1 - Added connection com.mysql.jdbc.JDBC4Connection@3455562f
[qq-system-service] 2023-04-16 02:20:07,648 DEBUG [HikariPool-1 housekeeper][HikariPool.java:421] - HikariPool-1 - Pool stats (total=10, active=0, idle=10, waiting=0)
[qq-system-service] 2023-04-16 02:20:07,648 DEBUG [HikariPool-1 housekeeper][HikariPool.java:517] - HikariPool-1 - Fill pool skipped, pool is at sufficient level.
[qq-system-service] 2023-04-16 02:20:13,855 DEBUG [HikariPool-1 connection closer][PoolBase.java:134] - HikariPool-1 - Closing connection com.mysql.jdbc.JDBC4Connection@17cbc0e0: (connection has passed maxLifetime)
[qq-system-service] 2023-04-16 02:20:14,243 DEBUG [HikariPool-1 connection adder][HikariPool.java:728] - HikariPool-1 - Added connection com.mysql.jdbc.JDBC4Connection@72673af8
[qq-system-service] 2023-04-16 02:20:23,461 DEBUG [HikariPool-1 connection closer][PoolBase.java:134] - HikariPool-1 - Closing connection com.mysql.jdbc.JDBC4Connection@292fa11: (connection has passed maxLifetime)
[qq-system-service] 2023-04-16 02:20:24,151 DEBUG [HikariPool-1 connection adder][HikariPool.java:728] - HikariPool-1 - Added connection com.mysql.jdbc.JDBC4Connection@32c3679c
[qq-system-service] 2023-04-16 02:20:37,658 DEBUG [HikariPool-1 housekeeper][HikariPool.java:421] - HikariPool-1 - Pool stats (total=10, active=0, idle=10, waiting=0)
[qq-system-service] 2023-04-16 02:20:37,658 DEBUG [HikariPool-1 housekeeper][HikariPool.java:517] - HikariPool-1 - Fill pool skipped, pool is at sufficient level.
[qq-system-service] 2023-04-16 02:21:07,672 DEBUG [HikariPool-1 housekeeper][HikariPool.java:421] - HikariPool-1 - Pool stats (total=10, active=0, idle=10, waiting=0)
[qq-system-service] 2023-04-16 02:21:07,672 DEBUG [HikariPool-1 housekeeper][HikariPool.java:517] - HikariPool-1 - Fill pool skipped, pool is at sufficient level.
[qq-system-service] 2023-04-16 02:21:08,607 DEBUG [HikariPool-1 connection closer][PoolBase.java:134] - HikariPool-1 - Closing connection com.mysql.jdbc.JDBC4Connection@2c541224: (connection has passed maxLifetime)
[qq-system-service] 2023-04-16 02:21:14,765 DEBUG [HikariPool-1 connection adder][HikariPool.java:728] - HikariPool-1 - Added connection com.mysql.jdbc.JDBC4Connection@1d4fdaa6
[qq-system-service] 2023-04-16 02:21:21,573 DEBUG [HikariPool-1 connection closer][PoolBase.java:134] - HikariPool-1 - Closing connection com.mysql.jdbc.JDBC4Connection@ec7e015: (connection has passed maxLifetime)
[qq-system-service] 2023-04-16 02:21:23,585 DEBUG [HikariPool-1 connection adder][HikariPool.java:728] - HikariPool-1 - Added connection com.mysql.jdbc.JDBC4Connection@7d89d345
[qq-system-service] 2023-04-16 02:21:29,378 DEBUG [HikariPool-1 connection closer][PoolBase.java:134] - HikariPool-1 - Closing connection com.mysql.jdbc.JDBC4Connection@6ee81f5a: (connection has passed maxLifetime)
[qq-system-service] 2023-04-16 02:21:31,702 DEBUG [HikariPool-1 connection adder][HikariPool.java:728] - HikariPool-1 - Added connection com.mysql.jdbc.JDBC4Connection@2fe2aa27
[qq-system-service] 2023-04-16 02:21:37,675 DEBUG [HikariPool-1 housekeeper][HikariPool.java:421] - HikariPool-1 - Pool stats (total=10, active=0, idle=10, waiting=0)
[qq-system-service] 2023-04-16 02:21:37,675 DEBUG [HikariPool-1 housekeeper][HikariPool.java:517] - HikariPool-1 - Fill pool skipped, pool is at sufficient level.
[qq-system-service] 2023-04-16 02:22:07,680 DEBUG [HikariPool-1 housekeeper][HikariPool.java:421] - HikariPool-1 - Pool stats (total=10, active=0, idle=10, waiting=0)
[qq-system-service] 2023-04-16 02:22:07,680 DEBUG [HikariPool-1 housekeeper][HikariPool.java:517] - HikariPool-1 - Fill pool skipped, pool is at sufficient level.
[qq-system-service] 2023-04-16 02:22:37,691 DEBUG [HikariPool-1 housekeeper][HikariPool.java:421] - HikariPool-1 - Pool stats (total=10, active=0, idle=10, waiting=0)
[qq-system-service] 2023-04-16 02:22:37,691 DEBUG [HikariPool-1 housekeeper][HikariPool.java:517] - HikariPool-1 - Fill pool skipped, pool is at sufficient level.
[qq-system-service] 2023-04-16 02:23:07,703 DEBUG [HikariPool-1 housekeeper][HikariPool.java:421] - HikariPool-1 - Pool stats (total=10, active=0, idle=10, waiting=0)
[qq-system-service] 2023-04-16 02:23:07,703 DEBUG [HikariPool-1 housekeeper][HikariPool.java:517] - HikariPool-1 - Fill pool skipped, pool is at sufficient level.
[qq-system-service] 2023-04-16 02:23:08,632 DEBUG [HikariPool-1 connection closer][PoolBase.java:134] - HikariPool-1 - Closing connection com.mysql.jdbc.JDBC4Connection@7b37fcb6: (connection has passed maxLifetime)
[qq-system-service] 2023-04-16 02:23:09,003 DEBUG [HikariPool-1 connection adder][HikariPool.java:728] - HikariPool-1 - Added connection com.mysql.jdbc.JDBC4Connection@5aeb9477
[qq-system-service] 2023-04-16 02:23:37,715 DEBUG [HikariPool-1 housekeeper][HikariPool.java:421] - HikariPool-1 - Pool stats (total=10, active=0, idle=10, waiting=0)
[qq-system-service] 2023-04-16 02:23:37,715 DEBUG [HikariPool-1 housekeeper][HikariPool.java:517] - HikariPool-1 - Fill pool skipped, pool is at sufficient level.
[qq-system-service] 2023-04-16 02:23:51,071 DEBUG [HikariPool-1 connection closer][PoolBase.java:134] - HikariPool-1 - Closing connection com.mysql.jdbc.JDBC4Connection@33568da6: (connection has passed maxLifetime)
[qq-system-service] 2023-04-16 02:23:51,695 DEBUG [HikariPool-1 connection adder][HikariPool.java:728] - HikariPool-1 - Added connection com.mysql.jdbc.JDBC4Connection@77394ca
[qq-system-service] 2023-04-16 02:24:07,730 DEBUG [HikariPool-1 housekeeper][HikariPool.java:421] - HikariPool-1 - Pool stats (total=10, active=0, idle=10, waiting=0)
[qq-system-service] 2023-04-16 02:24:07,730 DEBUG [HikariPool-1 housekeeper][HikariPool.java:517] - HikariPool-1 - Fill pool skipped, pool is at sufficient level.
[qq-system-service] 2023-04-16 02:24:37,742 DEBUG [HikariPool-1 housekeeper][HikariPool.java:421] - HikariPool-1 - Pool stats (total=10, active=0, idle=10, waiting=0)
[qq-system-service] 2023-04-16 02:24:37,742 DEBUG [HikariPool-1 housekeeper][HikariPool.java:517] - HikariPool-1 - Fill pool skipped, pool is at sufficient level.
[qq-system-service] 2023-04-16 02:25:07,749 DEBUG [HikariPool-1 housekeeper][HikariPool.java:421] - HikariPool-1 - Pool stats (total=10, active=0, idle=10, waiting=0)
[qq-system-service] 2023-04-16 02:25:07,749 DEBUG [HikariPool-1 housekeeper][HikariPool.java:517] - HikariPool-1 - Fill pool skipped, pool is at sufficient level.
[qq-system-service] 2023-04-16 02:25:37,757 DEBUG [HikariPool-1 housekeeper][HikariPool.java:421] - HikariPool-1 - Pool stats (total=10, active=0, idle=10, waiting=0)
[qq-system-service] 2023-04-16 02:25:37,757 DEBUG [HikariPool-1 housekeeper][HikariPool.java:517] - HikariPool-1 - Fill pool skipped, pool is at sufficient level.
[qq-system-service] 2023-04-16 02:26:07,767 DEBUG [HikariPool-1 housekeeper][HikariPool.java:421] - HikariPool-1 - Pool stats (total=10, active=0, idle=10, waiting=0)
[qq-system-service] 2023-04-16 02:26:07,767 DEBUG [HikariPool-1 housekeeper][HikariPool.java:517] - HikariPool-1 - Fill pool skipped, pool is at sufficient level.
[qq-system-service] 2023-04-16 02:26:37,778 DEBUG [HikariPool-1 housekeeper][HikariPool.java:421] - HikariPool-1 - Pool stats (total=10, active=0, idle=10, waiting=0)
[qq-system-service] 2023-04-16 02:26:37,778 DEBUG [HikariPool-1 housekeeper][HikariPool.java:517] - HikariPool-1 - Fill pool skipped, pool is at sufficient level.
[qq-system-service] 2023-04-16 02:27:07,789 DEBUG [HikariPool-1 housekeeper][HikariPool.java:421] - HikariPool-1 - Pool stats (total=10, active=0, idle=10, waiting=0)
[qq-system-service] 2023-04-16 02:27:07,789 DEBUG [HikariPool-1 housekeeper][HikariPool.java:517] - HikariPool-1 - Fill pool skipped, pool is at sufficient level.
[qq-system-service] 2023-04-16 02:27:37,804 DEBUG [HikariPool-1 housekeeper][HikariPool.java:421] - HikariPool-1 - Pool stats (total=10, active=0, idle=10, waiting=0)
[qq-system-service] 2023-04-16 02:27:37,804 DEBUG [HikariPool-1 housekeeper][HikariPool.java:517] - HikariPool-1 - Fill pool skipped, pool is at sufficient level.
[qq-system-service] 2023-04-16 02:28:07,810 DEBUG [HikariPool-1 housekeeper][HikariPool.java:421] - HikariPool-1 - Pool stats (total=10, active=0, idle=10, waiting=0)
[qq-system-service] 2023-04-16 02:28:07,810 DEBUG [HikariPool-1 housekeeper][HikariPool.java:517] - HikariPool-1 - Fill pool skipped, pool is at sufficient level.
[qq-system-service] 2023-04-16 02:28:37,822 DEBUG [HikariPool-1 housekeeper][HikariPool.java:421] - HikariPool-1 - Pool stats (total=10, active=0, idle=10, waiting=0)
[qq-system-service] 2023-04-16 02:28:37,822 DEBUG [HikariPool-1 housekeeper][HikariPool.java:517] - HikariPool-1 - Fill pool skipped, pool is at sufficient level.
[qq-system-service] 2023-04-16 02:29:07,831 DEBUG [HikariPool-1 housekeeper][HikariPool.java:421] - HikariPool-1 - Pool stats (total=10, active=0, idle=10, waiting=0)
[qq-system-service] 2023-04-16 02:29:07,831 DEBUG [HikariPool-1 housekeeper][HikariPool.java:517] - HikariPool-1 - Fill pool skipped, pool is at sufficient level.
[qq-system-service] 2023-04-16 02:29:37,836 DEBUG [HikariPool-1 housekeeper][HikariPool.java:421] - HikariPool-1 - Pool stats (total=10, active=0, idle=10, waiting=0)
[qq-system-service] 2023-04-16 02:29:37,836 DEBUG [HikariPool-1 housekeeper][HikariPool.java:517] - HikariPool-1 - Fill pool skipped, pool is at sufficient level.
[qq-system-service] 2023-04-16 02:30:07,852 DEBUG [HikariPool-1 housekeeper][HikariPool.java:421] - HikariPool-1 - Pool stats (total=10, active=0, idle=10, waiting=0)
[qq-system-service] 2023-04-16 02:30:07,852 DEBUG [HikariPool-1 housekeeper][HikariPool.java:517] - HikariPool-1 - Fill pool skipped, pool is at sufficient level.
[qq-system-service] 2023-04-16 02:30:37,854 DEBUG [HikariPool-1 housekeeper][HikariPool.java:421] - HikariPool-1 - Pool stats (total=10, active=0, idle=10, waiting=0)
[qq-system-service] 2023-04-16 02:30:37,854 DEBUG [HikariPool-1 housekeeper][HikariPool.java:517] - HikariPool-1 - Fill pool skipped, pool is at sufficient level.
[qq-system-service] 2023-04-16 02:31:07,859 DEBUG [HikariPool-1 housekeeper][HikariPool.java:421] - HikariPool-1 - Pool stats (total=10, active=0, idle=10, waiting=0)
[qq-system-service] 2023-04-16 02:31:07,859 DEBUG [HikariPool-1 housekeeper][HikariPool.java:517] - HikariPool-1 - Fill pool skipped, pool is at sufficient level.
[qq-system-service] 2023-04-16 02:31:37,875 DEBUG [HikariPool-1 housekeeper][HikariPool.java:421] - HikariPool-1 - Pool stats (total=10, active=0, idle=10, waiting=0)
[qq-system-service] 2023-04-16 02:31:37,875 DEBUG [HikariPool-1 housekeeper][HikariPool.java:517] - HikariPool-1 - Fill pool skipped, pool is at sufficient level.
[qq-system-service] 2023-04-16 02:32:07,886 DEBUG [HikariPool-1 housekeeper][HikariPool.java:421] - HikariPool-1 - Pool stats (total=10, active=0, idle=10, waiting=0)
[qq-system-service] 2023-04-16 02:32:07,886 DEBUG [HikariPool-1 housekeeper][HikariPool.java:517] - HikariPool-1 - Fill pool skipped, pool is at sufficient level.
[qq-system-service] 2023-04-16 02:32:37,900 DEBUG [HikariPool-1 housekeeper][HikariPool.java:421] - HikariPool-1 - Pool stats (total=10, active=0, idle=10, waiting=0)
[qq-system-service] 2023-04-16 02:32:37,900 DEBUG [HikariPool-1 housekeeper][HikariPool.java:517] - HikariPool-1 - Fill pool skipped, pool is at sufficient level.
[qq-system-service] 2023-04-16 02:33:07,908 DEBUG [HikariPool-1 housekeeper][HikariPool.java:421] - HikariPool-1 - Pool stats (total=10, active=0, idle=10, waiting=0)
[qq-system-service] 2023-04-16 02:33:07,908 DEBUG [HikariPool-1 housekeeper][HikariPool.java:517] - HikariPool-1 - Fill pool skipped, pool is at sufficient level.
[qq-system-service] 2023-04-16 02:33:37,913 DEBUG [HikariPool-1 housekeeper][HikariPool.java:421] - HikariPool-1 - Pool stats (total=10, active=0, idle=10, waiting=0)
[qq-system-service] 2023-04-16 02:33:37,913 DEBUG [HikariPool-1 housekeeper][HikariPool.java:517] - HikariPool-1 - Fill pool skipped, pool is at sufficient level.
[qq-system-service] 2023-04-16 02:34:07,923 DEBUG [HikariPool-1 housekeeper][HikariPool.java:421] - HikariPool-1 - Pool stats (total=10, active=0, idle=10, waiting=0)
[qq-system-service] 2023-04-16 02:34:07,923 DEBUG [HikariPool-1 housekeeper][HikariPool.java:517] - HikariPool-1 - Fill pool skipped, pool is at sufficient level.
[qq-system-service] 2023-04-16 02:34:37,936 DEBUG [HikariPool-1 housekeeper][HikariPool.java:421] - HikariPool-1 - Pool stats (total=10, active=0, idle=10, waiting=0)
[qq-system-service] 2023-04-16 02:34:37,936 DEBUG [HikariPool-1 housekeeper][HikariPool.java:517] - HikariPool-1 - Fill pool skipped, pool is at sufficient level.
[qq-system-service] 2023-04-16 02:35:07,945 DEBUG [HikariPool-1 housekeeper][HikariPool.java:421] - HikariPool-1 - Pool stats (total=10, active=0, idle=10, waiting=0)
[qq-system-service] 2023-04-16 02:35:07,945 DEBUG [HikariPool-1 housekeeper][HikariPool.java:517] - HikariPool-1 - Fill pool skipped, pool is at sufficient level.
[qq-system-service] 2023-04-16 02:35:37,956 DEBUG [HikariPool-1 housekeeper][HikariPool.java:421] - HikariPool-1 - Pool stats (total=10, active=0, idle=10, waiting=0)
[qq-system-service] 2023-04-16 02:35:37,956 DEBUG [HikariPool-1 housekeeper][HikariPool.java:517] - HikariPool-1 - Fill pool skipped, pool is at sufficient level.
[qq-system-service] 2023-04-16 02:36:07,968 DEBUG [HikariPool-1 housekeeper][HikariPool.java:421] - HikariPool-1 - Pool stats (total=10, active=0, idle=10, waiting=0)
[qq-system-service] 2023-04-16 02:36:07,968 DEBUG [HikariPool-1 housekeeper][HikariPool.java:517] - HikariPool-1 - Fill pool skipped, pool is at sufficient level.
[qq-system-service] 2023-04-16 02:36:37,975 DEBUG [HikariPool-1 housekeeper][HikariPool.java:421] - HikariPool-1 - Pool stats (total=10, active=0, idle=10, waiting=0)
[qq-system-service] 2023-04-16 02:36:37,975 DEBUG [HikariPool-1 housekeeper][HikariPool.java:517] - HikariPool-1 - Fill pool skipped, pool is at sufficient level.
[qq-system-service] 2023-04-16 02:37:07,982 DEBUG [HikariPool-1 housekeeper][HikariPool.java:421] - HikariPool-1 - Pool stats (total=10, active=0, idle=10, waiting=0)
[qq-system-service] 2023-04-16 02:37:07,982 DEBUG [HikariPool-1 housekeeper][HikariPool.java:517] - HikariPool-1 - Fill pool skipped, pool is at sufficient level.
[qq-system-service] 2023-04-16 02:37:37,996 DEBUG [HikariPool-1 housekeeper][HikariPool.java:421] - HikariPool-1 - Pool stats (total=10, active=0, idle=10, waiting=0)
[qq-system-service] 2023-04-16 02:37:37,996 DEBUG [HikariPool-1 housekeeper][HikariPool.java:517] - HikariPool-1 - Fill pool skipped, pool is at sufficient level.
[qq-system-service] 2023-04-16 02:38:08,007 DEBUG [HikariPool-1 housekeeper][HikariPool.java:421] - HikariPool-1 - Pool stats (total=10, active=0, idle=10, waiting=0)
[qq-system-service] 2023-04-16 02:38:08,007 DEBUG [HikariPool-1 housekeeper][HikariPool.java:517] - HikariPool-1 - Fill pool skipped, pool is at sufficient level.
[qq-system-service] 2023-04-16 02:38:38,017 DEBUG [HikariPool-1 housekeeper][HikariPool.java:421] - HikariPool-1 - Pool stats (total=10, active=0, idle=10, waiting=0)
[qq-system-service] 2023-04-16 02:38:38,017 DEBUG [HikariPool-1 housekeeper][HikariPool.java:517] - HikariPool-1 - Fill pool skipped, pool is at sufficient level.
[qq-system-service] 2023-04-16 02:39:08,028 DEBUG [HikariPool-1 housekeeper][HikariPool.java:421] - HikariPool-1 - Pool stats (total=10, active=0, idle=10, waiting=0)
[qq-system-service] 2023-04-16 02:39:08,028 DEBUG [HikariPool-1 housekeeper][HikariPool.java:517] - HikariPool-1 - Fill pool skipped, pool is at sufficient level.
[qq-system-service] 2023-04-16 02:39:38,032 DEBUG [HikariPool-1 housekeeper][HikariPool.java:421] - HikariPool-1 - Pool stats (total=10, active=0, idle=10, waiting=0)
[qq-system-service] 2023-04-16 02:39:38,032 DEBUG [HikariPool-1 housekeeper][HikariPool.java:517] - HikariPool-1 - Fill pool skipped, pool is at sufficient level.
[qq-system-service] 2023-04-16 02:40:08,034 DEBUG [HikariPool-1 housekeeper][HikariPool.java:421] - HikariPool-1 - Pool stats (total=10, active=0, idle=10, waiting=0)
[qq-system-service] 2023-04-16 02:40:08,034 DEBUG [HikariPool-1 housekeeper][HikariPool.java:517] - HikariPool-1 - Fill pool skipped, pool is at sufficient level.
[qq-system-service] 2023-04-16 02:40:38,050 DEBUG [HikariPool-1 housekeeper][HikariPool.java:421] - HikariPool-1 - Pool stats (total=10, active=0, idle=10, waiting=0)
[qq-system-service] 2023-04-16 02:40:38,050 DEBUG [HikariPool-1 housekeeper][HikariPool.java:517] - HikariPool-1 - Fill pool skipped, pool is at sufficient level.
[qq-system-service] 2023-04-16 02:41:08,065 DEBUG [HikariPool-1 housekeeper][HikariPool.java:421] - HikariPool-1 - Pool stats (total=10, active=0, idle=10, waiting=0)
[qq-system-service] 2023-04-16 02:41:08,065 DEBUG [HikariPool-1 housekeeper][HikariPool.java:517] - HikariPool-1 - Fill pool skipped, pool is at sufficient level.
[qq-system-service] 2023-04-16 02:41:38,075 DEBUG [HikariPool-1 housekeeper][HikariPool.java:421] - HikariPool-1 - Pool stats (total=10, active=0, idle=10, waiting=0)
[qq-system-service] 2023-04-16 02:41:38,075 DEBUG [HikariPool-1 housekeeper][HikariPool.java:517] - HikariPool-1 - Fill pool skipped, pool is at sufficient level.
[qq-system-service] 2023-04-16 02:42:08,079 DEBUG [HikariPool-1 housekeeper][HikariPool.java:421] - HikariPool-1 - Pool stats (total=10, active=0, idle=10, waiting=0)
[qq-system-service] 2023-04-16 02:42:08,079 DEBUG [HikariPool-1 housekeeper][HikariPool.java:517] - HikariPool-1 - Fill pool skipped, pool is at sufficient level.
[qq-system-service] 2023-04-16 02:42:38,093 DEBUG [HikariPool-1 housekeeper][HikariPool.java:421] - HikariPool-1 - Pool stats (total=10, active=0, idle=10, waiting=0)
[qq-system-service] 2023-04-16 02:42:38,093 DEBUG [HikariPool-1 housekeeper][HikariPool.java:517] - HikariPool-1 - Fill pool skipped, pool is at sufficient level.
[qq-system-service] 2023-04-16 02:43:08,097 DEBUG [HikariPool-1 housekeeper][HikariPool.java:421] - HikariPool-1 - Pool stats (total=10, active=0, idle=10, waiting=0)
[qq-system-service] 2023-04-16 02:43:08,097 DEBUG [HikariPool-1 housekeeper][HikariPool.java:517] - HikariPool-1 - Fill pool skipped, pool is at sufficient level.
[qq-system-service] 2023-04-16 02:43:38,097 DEBUG [HikariPool-1 housekeeper][HikariPool.java:421] - HikariPool-1 - Pool stats (total=10, active=0, idle=10, waiting=0)
[qq-system-service] 2023-04-16 02:43:38,097 DEBUG [HikariPool-1 housekeeper][HikariPool.java:517] - HikariPool-1 - Fill pool skipped, pool is at sufficient level.
[qq-system-service] 2023-04-16 02:44:08,110 DEBUG [HikariPool-1 housekeeper][HikariPool.java:421] - HikariPool-1 - Pool stats (total=10, active=0, idle=10, waiting=0)
[qq-system-service] 2023-04-16 02:44:08,110 DEBUG [HikariPool-1 housekeeper][HikariPool.java:517] - HikariPool-1 - Fill pool skipped, pool is at sufficient level.
[qq-system-service] 2023-04-16 02:44:38,124 DEBUG [HikariPool-1 housekeeper][HikariPool.java:421] - HikariPool-1 - Pool stats (total=10, active=0, idle=10, waiting=0)
[qq-system-service] 2023-04-16 02:44:38,124 DEBUG [HikariPool-1 housekeeper][HikariPool.java:517] - HikariPool-1 - Fill pool skipped, pool is at sufficient level.
[qq-system-service] 2023-04-16 02:45:08,131 DEBUG [HikariPool-1 housekeeper][HikariPool.java:421] - HikariPool-1 - Pool stats (total=10, active=0, idle=10, waiting=0)
[qq-system-service] 2023-04-16 02:45:08,131 DEBUG [HikariPool-1 housekeeper][HikariPool.java:517] - HikariPool-1 - Fill pool skipped, pool is at sufficient level.
[qq-system-service] 2023-04-16 02:45:38,144 DEBUG [HikariPool-1 housekeeper][HikariPool.java:421] - HikariPool-1 - Pool stats (total=10, active=0, idle=10, waiting=0)
[qq-system-service] 2023-04-16 02:45:38,144 DEBUG [HikariPool-1 housekeeper][HikariPool.java:517] - HikariPool-1 - Fill pool skipped, pool is at sufficient level.
[qq-system-service] 2023-04-16 02:46:08,151 DEBUG [HikariPool-1 housekeeper][HikariPool.java:421] - HikariPool-1 - Pool stats (total=10, active=0, idle=10, waiting=0)
[qq-system-service] 2023-04-16 02:46:08,151 DEBUG [HikariPool-1 housekeeper][HikariPool.java:517] - HikariPool-1 - Fill pool skipped, pool is at sufficient level.
[qq-system-service] 2023-04-16 02:46:38,163 DEBUG [HikariPool-1 housekeeper][HikariPool.java:421] - HikariPool-1 - Pool stats (total=10, active=0, idle=10, waiting=0)
[qq-system-service] 2023-04-16 02:46:38,163 DEBUG [HikariPool-1 housekeeper][HikariPool.java:517] - HikariPool-1 - Fill pool skipped, pool is at sufficient level.
[qq-system-service] 2023-04-16 02:47:08,177 DEBUG [HikariPool-1 housekeeper][HikariPool.java:421] - HikariPool-1 - Pool stats (total=10, active=0, idle=10, waiting=0)
[qq-system-service] 2023-04-16 02:47:08,177 DEBUG [HikariPool-1 housekeeper][HikariPool.java:517] - HikariPool-1 - Fill pool skipped, pool is at sufficient level.
[qq-system-service] 2023-04-16 02:47:38,186 DEBUG [HikariPool-1 housekeeper][HikariPool.java:421] - HikariPool-1 - Pool stats (total=10, active=0, idle=10, waiting=0)
[qq-system-service] 2023-04-16 02:47:38,186 DEBUG [HikariPool-1 housekeeper][HikariPool.java:517] - HikariPool-1 - Fill pool skipped, pool is at sufficient level.
[qq-system-service] 2023-04-16 02:48:08,190 DEBUG [HikariPool-1 housekeeper][HikariPool.java:421] - HikariPool-1 - Pool stats (total=10, active=0, idle=10, waiting=0)
[qq-system-service] 2023-04-16 02:48:08,190 DEBUG [HikariPool-1 housekeeper][HikariPool.java:517] - HikariPool-1 - Fill pool skipped, pool is at sufficient level.
[qq-system-service] 2023-04-16 02:48:38,191 DEBUG [HikariPool-1 housekeeper][HikariPool.java:421] - HikariPool-1 - Pool stats (total=10, active=0, idle=10, waiting=0)
[qq-system-service] 2023-04-16 02:48:38,191 DEBUG [HikariPool-1 housekeeper][HikariPool.java:517] - HikariPool-1 - Fill pool skipped, pool is at sufficient level.
[qq-system-service] 2023-04-16 02:49:05,095 DEBUG [HikariPool-1 connection closer][PoolBase.java:134] - HikariPool-1 - Closing connection com.mysql.jdbc.JDBC4Connection@5415133e: (connection has passed maxLifetime)
[qq-system-service] 2023-04-16 02:49:08,192 DEBUG [HikariPool-1 housekeeper][HikariPool.java:421] - HikariPool-1 - Pool stats (total=9, active=0, idle=9, waiting=0)
[qq-system-service] 2023-04-16 02:49:08,192 DEBUG [HikariPool-1 housekeeper][HikariPool.java:517] - HikariPool-1 - Fill pool skipped, pool is at sufficient level.
[qq-system-service] 2023-04-16 02:49:15,616 DEBUG [HikariPool-1 housekeeper][HikariPool.java:342] - HikariPool-1 - Add connection elided, waiting 0, queue 1
[qq-system-service] 2023-04-16 02:49:15,616 DEBUG [HikariPool-1 connection closer][PoolBase.java:134] - HikariPool-1 - Closing connection com.mysql.jdbc.JDBC4Connection@1c214fdb: (connection has passed maxLifetime)
[qq-system-service] 2023-04-16 02:49:16,538 DEBUG [HikariPool-1 connection adder][HikariPool.java:728] - HikariPool-1 - Added connection com.mysql.jdbc.JDBC4Connection@7563ac02
[qq-system-service] 2023-04-16 02:49:20,846 DEBUG [HikariPool-1 connection adder][HikariPool.java:728] - HikariPool-1 - Added connection com.mysql.jdbc.JDBC4Connection@154c534d
[qq-system-service] 2023-04-16 02:49:20,846 DEBUG [HikariPool-1 connection adder][HikariPool.java:421] - HikariPool-1 - After adding stats (total=10, active=0, idle=10, waiting=0)
[qq-system-service] 2023-04-16 02:49:28,721 DEBUG [HikariPool-1 connection closer][PoolBase.java:134] - HikariPool-1 - Closing connection com.mysql.jdbc.JDBC4Connection@3455562f: (connection has passed maxLifetime)
[qq-system-service] 2023-04-16 02:49:29,375 DEBUG [HikariPool-1 connection adder][HikariPool.java:728] - HikariPool-1 - Added connection com.mysql.jdbc.JDBC4Connection@4dd36cfd
[qq-system-service] 2023-04-16 02:49:36,048 DEBUG [HikariPool-1 connection closer][PoolBase.java:134] - HikariPool-1 - Closing connection com.mysql.jdbc.JDBC4Connection@72673af8: (connection has passed maxLifetime)
[qq-system-service] 2023-04-16 02:49:36,506 DEBUG [HikariPool-1 connection adder][HikariPool.java:728] - HikariPool-1 - Added connection com.mysql.jdbc.JDBC4Connection@3bfdedb3
[qq-system-service] 2023-04-16 02:49:38,204 DEBUG [HikariPool-1 housekeeper][HikariPool.java:421] - HikariPool-1 - Pool stats (total=10, active=0, idle=10, waiting=0)
[qq-system-service] 2023-04-16 02:49:38,204 DEBUG [HikariPool-1 housekeeper][HikariPool.java:517] - HikariPool-1 - Fill pool skipped, pool is at sufficient level.
[qq-system-service] 2023-04-16 02:50:08,214 DEBUG [HikariPool-1 housekeeper][HikariPool.java:421] - HikariPool-1 - Pool stats (total=10, active=0, idle=10, waiting=0)
[qq-system-service] 2023-04-16 02:50:08,214 DEBUG [HikariPool-1 housekeeper][HikariPool.java:517] - HikariPool-1 - Fill pool skipped, pool is at sufficient level.
[qq-system-service] 2023-04-16 02:50:23,080 DEBUG [HikariPool-1 connection closer][PoolBase.java:134] - HikariPool-1 - Closing connection com.mysql.jdbc.JDBC4Connection@32c3679c: (connection has passed maxLifetime)
[qq-system-service] 2023-04-16 02:50:24,021 DEBUG [HikariPool-1 connection adder][HikariPool.java:728] - HikariPool-1 - Added connection com.mysql.jdbc.JDBC4Connection@33626bb1
[qq-system-service] 2023-04-16 02:50:38,228 DEBUG [HikariPool-1 housekeeper][HikariPool.java:421] - HikariPool-1 - Pool stats (total=10, active=0, idle=10, waiting=0)
[qq-system-service] 2023-04-16 02:50:38,228 DEBUG [HikariPool-1 housekeeper][HikariPool.java:517] - HikariPool-1 - Fill pool skipped, pool is at sufficient level.
[qq-system-service] 2023-04-16 02:50:38,260 DEBUG [HikariPool-1 connection closer][PoolBase.java:134] - HikariPool-1 - Closing connection com.mysql.jdbc.JDBC4Connection@1d4fdaa6: (connection has passed maxLifetime)
[qq-system-service] 2023-04-16 02:50:38,753 DEBUG [HikariPool-1 connection adder][HikariPool.java:728] - HikariPool-1 - Added connection com.mysql.jdbc.JDBC4Connection@11582e78
[qq-system-service] 2023-04-16 02:50:44,605 DEBUG [HikariPool-1 connection closer][PoolBase.java:134] - HikariPool-1 - Closing connection com.mysql.jdbc.JDBC4Connection@7d89d345: (connection has passed maxLifetime)
[qq-system-service] 2023-04-16 02:50:45,073 DEBUG [HikariPool-1 connection adder][HikariPool.java:728] - HikariPool-1 - Added connection com.mysql.jdbc.JDBC4Connection@7d8c5c63
[qq-system-service] 2023-04-16 02:51:08,242 DEBUG [HikariPool-1 housekeeper][HikariPool.java:421] - HikariPool-1 - Pool stats (total=10, active=0, idle=10, waiting=0)
[qq-system-service] 2023-04-16 02:51:08,242 DEBUG [HikariPool-1 housekeeper][HikariPool.java:517] - HikariPool-1 - Fill pool skipped, pool is at sufficient level.
[qq-system-service] 2023-04-16 02:51:14,383 DEBUG [HikariPool-1 connection closer][PoolBase.java:134] - HikariPool-1 - Closing connection com.mysql.jdbc.JDBC4Connection@2fe2aa27: (connection has passed maxLifetime)
[qq-system-service] 2023-04-16 02:51:15,110 DEBUG [HikariPool-1 connection adder][HikariPool.java:728] - HikariPool-1 - Added connection com.mysql.jdbc.JDBC4Connection@5667689f
[qq-system-service] 2023-04-16 02:51:38,252 DEBUG [HikariPool-1 housekeeper][HikariPool.java:421] - HikariPool-1 - Pool stats (total=10, active=0, idle=10, waiting=0)
[qq-system-service] 2023-04-16 02:51:38,252 DEBUG [HikariPool-1 housekeeper][HikariPool.java:517] - HikariPool-1 - Fill pool skipped, pool is at sufficient level.
[qq-system-service] 2023-04-16 02:52:08,264 DEBUG [HikariPool-1 housekeeper][HikariPool.java:421] - HikariPool-1 - Pool stats (total=10, active=0, idle=10, waiting=0)
[qq-system-service] 2023-04-16 02:52:08,264 DEBUG [HikariPool-1 housekeeper][HikariPool.java:517] - HikariPool-1 - Fill pool skipped, pool is at sufficient level.
[qq-system-service] 2023-04-16 02:52:38,278 DEBUG [HikariPool-1 housekeeper][HikariPool.java:421] - HikariPool-1 - Pool stats (total=10, active=0, idle=10, waiting=0)
[qq-system-service] 2023-04-16 02:52:38,278 DEBUG [HikariPool-1 housekeeper][HikariPool.java:517] - HikariPool-1 - Fill pool skipped, pool is at sufficient level.
[qq-system-service] 2023-04-16 02:52:42,612 DEBUG [HikariPool-1 connection closer][PoolBase.java:134] - HikariPool-1 - Closing connection com.mysql.jdbc.JDBC4Connection@5aeb9477: (connection has passed maxLifetime)
[qq-system-service] 2023-04-16 02:52:43,028 DEBUG [HikariPool-1 connection adder][HikariPool.java:728] - HikariPool-1 - Added connection com.mysql.jdbc.JDBC4Connection@7d759653
[qq-system-service] 2023-04-16 02:53:08,290 DEBUG [HikariPool-1 housekeeper][HikariPool.java:421] - HikariPool-1 - Pool stats (total=10, active=0, idle=10, waiting=0)
[qq-system-service] 2023-04-16 02:53:08,290 DEBUG [HikariPool-1 housekeeper][HikariPool.java:517] - HikariPool-1 - Fill pool skipped, pool is at sufficient level.
[qq-system-service] 2023-04-16 02:53:38,297 DEBUG [HikariPool-1 housekeeper][HikariPool.java:421] - HikariPool-1 - Pool stats (total=10, active=0, idle=10, waiting=0)
[qq-system-service] 2023-04-16 02:53:38,297 DEBUG [HikariPool-1 housekeeper][HikariPool.java:517] - HikariPool-1 - Fill pool skipped, pool is at sufficient level.
[qq-system-service] 2023-04-16 02:53:50,710 DEBUG [HikariPool-1 connection closer][PoolBase.java:134] - HikariPool-1 - Closing connection com.mysql.jdbc.JDBC4Connection@77394ca: (connection has passed maxLifetime)
[qq-system-service] 2023-04-16 02:53:51,916 DEBUG [HikariPool-1 connection adder][HikariPool.java:728] - HikariPool-1 - Added connection com.mysql.jdbc.JDBC4Connection@504d8d8c
[qq-system-service] 2023-04-16 02:54:08,309 DEBUG [HikariPool-1 housekeeper][HikariPool.java:421] - HikariPool-1 - Pool stats (total=10, active=0, idle=10, waiting=0)
[qq-system-service] 2023-04-16 02:54:08,309 DEBUG [HikariPool-1 housekeeper][HikariPool.java:517] - HikariPool-1 - Fill pool skipped, pool is at sufficient level.
[qq-system-service] 2023-04-16 02:54:38,320 DEBUG [HikariPool-1 housekeeper][HikariPool.java:421] - HikariPool-1 - Pool stats (total=10, active=0, idle=10, waiting=0)
[qq-system-service] 2023-04-16 02:54:38,320 DEBUG [HikariPool-1 housekeeper][HikariPool.java:517] - HikariPool-1 - Fill pool skipped, pool is at sufficient level.
[qq-system-service] 2023-04-16 02:55:08,335 DEBUG [HikariPool-1 housekeeper][HikariPool.java:421] - HikariPool-1 - Pool stats (total=10, active=0, idle=10, waiting=0)
[qq-system-service] 2023-04-16 02:55:08,335 DEBUG [HikariPool-1 housekeeper][HikariPool.java:517] - HikariPool-1 - Fill pool skipped, pool is at sufficient level.
[qq-system-service] 2023-04-16 02:55:38,340 DEBUG [HikariPool-1 housekeeper][HikariPool.java:421] - HikariPool-1 - Pool stats (total=10, active=0, idle=10, waiting=0)
[qq-system-service] 2023-04-16 02:55:38,340 DEBUG [HikariPool-1 housekeeper][HikariPool.java:517] - HikariPool-1 - Fill pool skipped, pool is at sufficient level.
[qq-system-service] 2023-04-16 02:56:08,343 DEBUG [HikariPool-1 housekeeper][HikariPool.java:421] - HikariPool-1 - Pool stats (total=10, active=0, idle=10, waiting=0)
[qq-system-service] 2023-04-16 02:56:08,343 DEBUG [HikariPool-1 housekeeper][HikariPool.java:517] - HikariPool-1 - Fill pool skipped, pool is at sufficient level.
[qq-system-service] 2023-04-16 02:56:38,348 DEBUG [HikariPool-1 housekeeper][HikariPool.java:421] - HikariPool-1 - Pool stats (total=10, active=0, idle=10, waiting=0)
[qq-system-service] 2023-04-16 02:56:38,348 DEBUG [HikariPool-1 housekeeper][HikariPool.java:517] - HikariPool-1 - Fill pool skipped, pool is at sufficient level.
[qq-system-service] 2023-04-16 02:57:08,363 DEBUG [HikariPool-1 housekeeper][HikariPool.java:421] - HikariPool-1 - Pool stats (total=10, active=0, idle=10, waiting=0)
[qq-system-service] 2023-04-16 02:57:08,363 DEBUG [HikariPool-1 housekeeper][HikariPool.java:517] - HikariPool-1 - Fill pool skipped, pool is at sufficient level.
[qq-system-service] 2023-04-16 02:57:38,377 DEBUG [HikariPool-1 housekeeper][HikariPool.java:421] - HikariPool-1 - Pool stats (total=10, active=0, idle=10, waiting=0)
[qq-system-service] 2023-04-16 02:57:38,377 DEBUG [HikariPool-1 housekeeper][HikariPool.java:517] - HikariPool-1 - Fill pool skipped, pool is at sufficient level.
[qq-system-service] 2023-04-16 02:58:08,386 DEBUG [HikariPool-1 housekeeper][HikariPool.java:421] - HikariPool-1 - Pool stats (total=10, active=0, idle=10, waiting=0)
[qq-system-service] 2023-04-16 02:58:08,386 DEBUG [HikariPool-1 housekeeper][HikariPool.java:517] - HikariPool-1 - Fill pool skipped, pool is at sufficient level.
[qq-system-service] 2023-04-16 02:58:38,393 DEBUG [HikariPool-1 housekeeper][HikariPool.java:421] - HikariPool-1 - Pool stats (total=10, active=0, idle=10, waiting=0)
[qq-system-service] 2023-04-16 02:58:38,393 DEBUG [HikariPool-1 housekeeper][HikariPool.java:517] - HikariPool-1 - Fill pool skipped, pool is at sufficient level.
[qq-system-service] 2023-04-16 02:59:08,404 DEBUG [HikariPool-1 housekeeper][HikariPool.java:421] - HikariPool-1 - Pool stats (total=10, active=0, idle=10, waiting=0)
[qq-system-service] 2023-04-16 02:59:08,404 DEBUG [HikariPool-1 housekeeper][HikariPool.java:517] - HikariPool-1 - Fill pool skipped, pool is at sufficient level.
[qq-system-service] 2023-04-16 02:59:38,417 DEBUG [HikariPool-1 housekeeper][HikariPool.java:421] - HikariPool-1 - Pool stats (total=10, active=0, idle=10, waiting=0)
[qq-system-service] 2023-04-16 02:59:38,417 DEBUG [HikariPool-1 housekeeper][HikariPool.java:517] - HikariPool-1 - Fill pool skipped, pool is at sufficient level.
