[qq-system-service] 2023-04-15 04:09:54,854 INFO [main][SpringApplication.java:651] - No active profile set, falling back to default profiles: default
[qq-system-service] 2023-04-15 04:09:55,593 INFO [main][RepositoryConfigurationDelegate.java:249] - Multiple Spring Data modules found, entering strict repository configuration mode!
[qq-system-service] 2023-04-15 04:09:55,598 INFO [main][RepositoryConfigurationDelegate.java:127] - Bootstrapping Spring Data Redis repositories in DEFAULT mode.
[qq-system-service] 2023-04-15 04:09:55,655 INFO [main][RepositoryConfigurationDelegate.java:187] - Finished Spring Data repository scanning in 14ms. Found 0 Redis repository interfaces.
[qq-system-service] 2023-04-15 04:09:55,826 DEBUG [main][LogFactory.java:109] - Logging initialized using 'class org.apache.ibatis.logging.slf4j.Slf4jImpl' adapter.
[qq-system-service] 2023-04-15 04:09:55,899 INFO [main][GenericScope.java:295] - BeanFactory id=8f87181c-32a3-3914-a786-b306d38abe7d
[qq-system-service] 2023-04-15 04:09:56,318 INFO [main][TomcatWebServer.java:108] - Tomcat initialized with port(s): 60080 (http)
[qq-system-service] 2023-04-15 04:09:56,332 INFO [main][DirectJDKLog.java:173] - Initializing ProtocolHandler ["http-nio-60080"]
[qq-system-service] 2023-04-15 04:09:56,333 INFO [main][DirectJDKLog.java:173] - Starting service [Tomcat]
[qq-system-service] 2023-04-15 04:09:56,334 INFO [main][DirectJDKLog.java:173] - Starting Servlet engine: [Apache Tomcat/9.0.43]
[qq-system-service] 2023-04-15 04:09:56,529 INFO [main][DirectJDKLog.java:173] - Initializing Spring embedded WebApplicationContext
[qq-system-service] 2023-04-15 04:09:56,529 INFO [main][ServletWebServerApplicationContext.java:285] - Root WebApplicationContext: initialization completed in 1656 ms
[qq-system-service] 2023-04-15 04:09:56,699 DEBUG [main][HikariConfig.java:946] - Driver class com.mysql.jdbc.Driver found in Thread context class loader sun.misc.Launcher$AppClassLoader@18b4aac2
[qq-system-service] 2023-04-15 04:09:57,334 DEBUG [main][InternalLoggerFactory.java:63] - Using SLF4J as the default logging framework
[qq-system-service] 2023-04-15 04:09:57,337 DEBUG [main][DefaultClientResources.java:108] - -Dio.netty.eventLoopThreads: 8
[qq-system-service] 2023-04-15 04:09:57,343 DEBUG [main][DefaultEventLoopGroupProvider.java:196] - Creating executor io.netty.util.concurrent.DefaultEventExecutorGroup
[qq-system-service] 2023-04-15 04:09:57,358 DEBUG [main][InternalThreadLocalMap.java:83] - -Dio.netty.threadLocalMap.stringBuilder.initialSize: 1024
[qq-system-service] 2023-04-15 04:09:57,358 DEBUG [main][InternalThreadLocalMap.java:86] - -Dio.netty.threadLocalMap.stringBuilder.maxSize: 4096
[qq-system-service] 2023-04-15 04:09:57,362 DEBUG [main][ResourceLeakDetector.java:129] - -Dio.netty.leakDetection.level: simple
[qq-system-service] 2023-04-15 04:09:57,362 DEBUG [main][ResourceLeakDetector.java:130] - -Dio.netty.leakDetection.targetRecords: 4
[qq-system-service] 2023-04-15 04:09:57,365 DEBUG [main][ResourceLeakDetectorFactory.java:196] - Loaded default ResourceLeakDetector: io.netty.util.ResourceLeakDetector@776015fc
[qq-system-service] 2023-04-15 04:09:57,368 DEBUG [main][PlatformDependent.java:1037] - Platform: Windows
[qq-system-service] 2023-04-15 04:09:57,370 DEBUG [main][PlatformDependent0.java:417] - -Dio.netty.noUnsafe: false
[qq-system-service] 2023-04-15 04:09:57,370 DEBUG [main][PlatformDependent0.java:897] - Java version: 8
[qq-system-service] 2023-04-15 04:09:57,371 DEBUG [main][PlatformDependent0.java:130] - sun.misc.Unsafe.theUnsafe: available
[qq-system-service] 2023-04-15 04:09:57,372 DEBUG [main][PlatformDependent0.java:154] - sun.misc.Unsafe.copyMemory: available
[qq-system-service] 2023-04-15 04:09:57,372 DEBUG [main][PlatformDependent0.java:192] - java.nio.Buffer.address: available
[qq-system-service] 2023-04-15 04:09:57,373 DEBUG [main][PlatformDependent0.java:257] - direct buffer constructor: available
[qq-system-service] 2023-04-15 04:09:57,373 DEBUG [main][PlatformDependent0.java:331] - java.nio.Bits.unaligned: available, true
[qq-system-service] 2023-04-15 04:09:57,373 DEBUG [main][PlatformDependent0.java:396] - jdk.internal.misc.Unsafe.allocateUninitializedArray(int): unavailable prior to Java9
[qq-system-service] 2023-04-15 04:09:57,374 DEBUG [main][PlatformDependent0.java:403] - java.nio.DirectByteBuffer.<init>(long, int): available
[qq-system-service] 2023-04-15 04:09:57,374 DEBUG [main][PlatformDependent.java:1080] - sun.misc.Unsafe: available
[qq-system-service] 2023-04-15 04:09:57,374 DEBUG [main][PlatformDependent.java:1201] - -Dio.netty.tmpdir: C:\Users\12441\AppData\Local\Temp (java.io.tmpdir)
[qq-system-service] 2023-04-15 04:09:57,375 DEBUG [main][PlatformDependent.java:1280] - -Dio.netty.bitMode: 64 (sun.arch.data.model)
[qq-system-service] 2023-04-15 04:09:57,375 DEBUG [main][PlatformDependent.java:178] - -Dio.netty.maxDirectMemory: 3752853504 bytes
[qq-system-service] 2023-04-15 04:09:57,376 DEBUG [main][PlatformDependent.java:185] - -Dio.netty.uninitializedArrayAllocationThreshold: -1
[qq-system-service] 2023-04-15 04:09:57,376 DEBUG [main][CleanerJava6.java:92] - java.nio.ByteBuffer.cleaner(): available
[qq-system-service] 2023-04-15 04:09:57,377 DEBUG [main][PlatformDependent.java:205] - -Dio.netty.noPreferDirect: false
[qq-system-service] 2023-04-15 04:09:57,378 DEBUG [main][PlatformDependent.java:941] - org.jctools-core.MpscChunkedArrayQueue: available
[qq-system-service] 2023-04-15 04:09:57,391 DEBUG [main][Loggers.java:249] - Using Slf4j logging framework
[qq-system-service] 2023-04-15 04:09:57,413 DEBUG [main][DefaultClientResources.java:204] - LatencyUtils/HdrUtils are not available, metrics are disabled
[qq-system-service] 2023-04-15 04:09:57,473 DEBUG [main][PooledByteBufAllocator.java:154] - -Dio.netty.allocator.numHeapArenas: 16
[qq-system-service] 2023-04-15 04:09:57,473 DEBUG [main][PooledByteBufAllocator.java:155] - -Dio.netty.allocator.numDirectArenas: 16
[qq-system-service] 2023-04-15 04:09:57,473 DEBUG [main][PooledByteBufAllocator.java:157] - -Dio.netty.allocator.pageSize: 8192
[qq-system-service] 2023-04-15 04:09:57,474 DEBUG [main][PooledByteBufAllocator.java:162] - -Dio.netty.allocator.maxOrder: 11
[qq-system-service] 2023-04-15 04:09:57,474 DEBUG [main][PooledByteBufAllocator.java:166] - -Dio.netty.allocator.chunkSize: 16777216
[qq-system-service] 2023-04-15 04:09:57,474 DEBUG [main][PooledByteBufAllocator.java:167] - -Dio.netty.allocator.smallCacheSize: 256
[qq-system-service] 2023-04-15 04:09:57,474 DEBUG [main][PooledByteBufAllocator.java:168] - -Dio.netty.allocator.normalCacheSize: 64
[qq-system-service] 2023-04-15 04:09:57,474 DEBUG [main][PooledByteBufAllocator.java:169] - -Dio.netty.allocator.maxCachedBufferCapacity: 32768
[qq-system-service] 2023-04-15 04:09:57,475 DEBUG [main][PooledByteBufAllocator.java:170] - -Dio.netty.allocator.cacheTrimInterval: 8192
[qq-system-service] 2023-04-15 04:09:57,475 DEBUG [main][PooledByteBufAllocator.java:171] - -Dio.netty.allocator.cacheTrimIntervalMillis: 0
[qq-system-service] 2023-04-15 04:09:57,475 DEBUG [main][PooledByteBufAllocator.java:172] - -Dio.netty.allocator.useCacheForAllThreads: true
[qq-system-service] 2023-04-15 04:09:57,475 DEBUG [main][PooledByteBufAllocator.java:173] - -Dio.netty.allocator.maxCachedByteBuffersPerChunk: 1023
[qq-system-service] 2023-04-15 04:09:57,999 WARN [main][URLConfigurationSource.java:126] - No URLs will be polled as dynamic configuration sources.
[qq-system-service] 2023-04-15 04:09:57,999 INFO [main][URLConfigurationSource.java:127] - To enable URLs as dynamic configuration sources, define System property archaius.configurationSource.additionalUrls or make config.properties available on classpath.
[qq-system-service] 2023-04-15 04:09:58,004 WARN [main][URLConfigurationSource.java:126] - No URLs will be polled as dynamic configuration sources.
[qq-system-service] 2023-04-15 04:09:58,005 INFO [main][URLConfigurationSource.java:127] - To enable URLs as dynamic configuration sources, define System property archaius.configurationSource.additionalUrls or make config.properties available on classpath.
[qq-system-service] 2023-04-15 04:09:58,095 INFO [main][ExecutorConfigurationSupport.java:181] - Initializing ExecutorService 'applicationTaskExecutor'
[qq-system-service] 2023-04-15 04:09:58,343 INFO [main][ExecutorConfigurationSupport.java:181] - Initializing ExecutorService 'Nacos-Watch-Task-Scheduler'
[qq-system-service] 2023-04-15 04:09:58,506 WARN [main][FreeMarkerAutoConfiguration.java:65] - Cannot find template location(s): [classpath:/templates/] (please add some templates, check your FreeMarker configuration, or set spring.freemarker.checkTemplateLocation=false)
[qq-system-service] 2023-04-15 04:09:59,062 INFO [main][DirectJDKLog.java:173] - Starting ProtocolHandler ["http-nio-60080"]
[qq-system-service] 2023-04-15 04:09:59,082 INFO [main][TomcatWebServer.java:220] - Tomcat started on port(s): 60080 (http) with context path ''
[qq-system-service] 2023-04-15 04:09:59,136 INFO [main][NacosServiceRegistry.java:75] - nacos registry, DEFAULT_GROUP qq-system-service 192.168.136.1:60080 register finished
[qq-system-service] 2023-04-15 04:09:59,378 DEBUG [main][NoopValidator.java:24] - ERROR [ModelSpecification.spec] At least one type of specification is required
[qq-system-service] 2023-04-15 04:09:59,418 INFO [main][StartupInfoLogger.java:61] - Started SystemApplication in 5.646 seconds (JVM running for 6.775)
[qq-system-service] 2023-04-15 04:10:00,091 DEBUG [nacos.publisher-com.alibaba.nacos.client.naming.event.InstancesChangeEvent][DefaultPublisher.java:193] - [NotifyCenter] the com.alibaba.nacos.client.naming.event.InstancesChangeEvent@151e0242 will received by com.alibaba.nacos.client.naming.event.InstancesChangeNotifier@cdbe995
[qq-system-service] 2023-04-15 04:12:41,649 INFO [http-nio-60080-exec-1][DirectJDKLog.java:173] - Initializing Spring DispatcherServlet 'dispatcherServlet'
[qq-system-service] 2023-04-15 04:12:41,650 INFO [http-nio-60080-exec-1][FrameworkServlet.java:525] - Initializing Servlet 'dispatcherServlet'
[qq-system-service] 2023-04-15 04:12:41,657 INFO [http-nio-60080-exec-1][FrameworkServlet.java:547] - Completed initialization in 7 ms
[qq-system-service] 2023-04-15 04:12:41,772 DEBUG [http-nio-60080-exec-1][HikariConfig.java:1066] - HikariPool-1 - configuration:
[qq-system-service] 2023-04-15 04:12:41,774 DEBUG [http-nio-60080-exec-1][HikariConfig.java:1098] - allowPoolSuspension.............false
[qq-system-service] 2023-04-15 04:12:41,774 DEBUG [http-nio-60080-exec-1][HikariConfig.java:1098] - autoCommit......................true
[qq-system-service] 2023-04-15 04:12:41,774 DEBUG [http-nio-60080-exec-1][HikariConfig.java:1098] - catalog.........................none
[qq-system-service] 2023-04-15 04:12:41,775 DEBUG [http-nio-60080-exec-1][HikariConfig.java:1098] - connectionInitSql...............none
[qq-system-service] 2023-04-15 04:12:41,775 DEBUG [http-nio-60080-exec-1][HikariConfig.java:1098] - connectionTestQuery.............none
[qq-system-service] 2023-04-15 04:12:41,775 DEBUG [http-nio-60080-exec-1][HikariConfig.java:1098] - connectionTimeout...............30000
[qq-system-service] 2023-04-15 04:12:41,775 DEBUG [http-nio-60080-exec-1][HikariConfig.java:1098] - dataSource......................none
[qq-system-service] 2023-04-15 04:12:41,775 DEBUG [http-nio-60080-exec-1][HikariConfig.java:1098] - dataSourceClassName.............none
[qq-system-service] 2023-04-15 04:12:41,775 DEBUG [http-nio-60080-exec-1][HikariConfig.java:1098] - dataSourceJNDI..................none
[qq-system-service] 2023-04-15 04:12:41,775 DEBUG [http-nio-60080-exec-1][HikariConfig.java:1098] - dataSourceProperties............{password=<masked>}
[qq-system-service] 2023-04-15 04:12:41,775 DEBUG [http-nio-60080-exec-1][HikariConfig.java:1098] - driverClassName................."com.mysql.jdbc.Driver"
[qq-system-service] 2023-04-15 04:12:41,775 DEBUG [http-nio-60080-exec-1][HikariConfig.java:1098] - exceptionOverrideClassName......none
[qq-system-service] 2023-04-15 04:12:41,775 DEBUG [http-nio-60080-exec-1][HikariConfig.java:1098] - healthCheckProperties...........{}
[qq-system-service] 2023-04-15 04:12:41,775 DEBUG [http-nio-60080-exec-1][HikariConfig.java:1098] - healthCheckRegistry.............none
[qq-system-service] 2023-04-15 04:12:41,776 DEBUG [http-nio-60080-exec-1][HikariConfig.java:1098] - idleTimeout.....................600000
[qq-system-service] 2023-04-15 04:12:41,776 DEBUG [http-nio-60080-exec-1][HikariConfig.java:1098] - initializationFailTimeout.......1
[qq-system-service] 2023-04-15 04:12:41,776 DEBUG [http-nio-60080-exec-1][HikariConfig.java:1098] - isolateInternalQueries..........false
[qq-system-service] 2023-04-15 04:12:41,776 DEBUG [http-nio-60080-exec-1][HikariConfig.java:1098] - jdbcUrl.........................jdbc:mysql://152.32.252.204:3306/qq-system?userUnicode=true&useSSL=false&characterEncoding=utf8&serverTimezone=Asia/Shanghai
[qq-system-service] 2023-04-15 04:12:41,776 DEBUG [http-nio-60080-exec-1][HikariConfig.java:1098] - leakDetectionThreshold..........0
[qq-system-service] 2023-04-15 04:12:41,776 DEBUG [http-nio-60080-exec-1][HikariConfig.java:1098] - maxLifetime.....................1800000
[qq-system-service] 2023-04-15 04:12:41,777 DEBUG [http-nio-60080-exec-1][HikariConfig.java:1098] - maximumPoolSize.................10
[qq-system-service] 2023-04-15 04:12:41,777 DEBUG [http-nio-60080-exec-1][HikariConfig.java:1098] - metricRegistry..................none
[qq-system-service] 2023-04-15 04:12:41,777 DEBUG [http-nio-60080-exec-1][HikariConfig.java:1098] - metricsTrackerFactory...........none
[qq-system-service] 2023-04-15 04:12:41,777 DEBUG [http-nio-60080-exec-1][HikariConfig.java:1098] - minimumIdle.....................10
[qq-system-service] 2023-04-15 04:12:41,777 DEBUG [http-nio-60080-exec-1][HikariConfig.java:1098] - password........................<masked>
[qq-system-service] 2023-04-15 04:12:41,777 DEBUG [http-nio-60080-exec-1][HikariConfig.java:1098] - poolName........................"HikariPool-1"
[qq-system-service] 2023-04-15 04:12:41,778 DEBUG [http-nio-60080-exec-1][HikariConfig.java:1098] - readOnly........................false
[qq-system-service] 2023-04-15 04:12:41,778 DEBUG [http-nio-60080-exec-1][HikariConfig.java:1098] - registerMbeans..................false
[qq-system-service] 2023-04-15 04:12:41,778 DEBUG [http-nio-60080-exec-1][HikariConfig.java:1098] - scheduledExecutor...............none
[qq-system-service] 2023-04-15 04:12:41,779 DEBUG [http-nio-60080-exec-1][HikariConfig.java:1098] - schema..........................none
[qq-system-service] 2023-04-15 04:12:41,779 DEBUG [http-nio-60080-exec-1][HikariConfig.java:1098] - threadFactory...................internal
[qq-system-service] 2023-04-15 04:12:41,779 DEBUG [http-nio-60080-exec-1][HikariConfig.java:1098] - transactionIsolation............default
[qq-system-service] 2023-04-15 04:12:41,779 DEBUG [http-nio-60080-exec-1][HikariConfig.java:1098] - username........................"root"
[qq-system-service] 2023-04-15 04:12:41,780 DEBUG [http-nio-60080-exec-1][HikariConfig.java:1098] - validationTimeout...............5000
[qq-system-service] 2023-04-15 04:12:41,780 INFO [http-nio-60080-exec-1][HikariDataSource.java:110] - HikariPool-1 - Starting...
[qq-system-service] 2023-04-15 04:12:42,539 DEBUG [http-nio-60080-exec-1][HikariPool.java:564] - HikariPool-1 - Added connection com.mysql.jdbc.JDBC4Connection@7bd4451f
[qq-system-service] 2023-04-15 04:12:42,541 INFO [http-nio-60080-exec-1][HikariDataSource.java:123] - HikariPool-1 - Start completed.
[qq-system-service] 2023-04-15 04:12:42,699 DEBUG [HikariPool-1 housekeeper][HikariPool.java:421] - HikariPool-1 - Pool stats (total=1, active=1, idle=0, waiting=0)
[qq-system-service] 2023-04-15 04:12:43,215 DEBUG [HikariPool-1 connection adder][HikariPool.java:728] - HikariPool-1 - Added connection com.mysql.jdbc.JDBC4Connection@2c7f0534
[qq-system-service] 2023-04-15 04:12:43,301 DEBUG [http-nio-60080-exec-1][RedisClient.java:263] - Trying to get a Redis connection for: RedisURI [host='152.32.252.204', port=6379]
[qq-system-service] 2023-04-15 04:12:43,391 DEBUG [http-nio-60080-exec-1][EpollProvider.java:70] - Starting without optional epoll library
[qq-system-service] 2023-04-15 04:12:43,392 DEBUG [http-nio-60080-exec-1][KqueueProvider.java:72] - Starting without optional kqueue library
[qq-system-service] 2023-04-15 04:12:43,396 DEBUG [http-nio-60080-exec-1][DefaultEventLoopGroupProvider.java:85] - Allocating executor io.netty.channel.nio.NioEventLoopGroup
[qq-system-service] 2023-04-15 04:12:43,397 DEBUG [http-nio-60080-exec-1][DefaultEventLoopGroupProvider.java:196] - Creating executor io.netty.channel.nio.NioEventLoopGroup
[qq-system-service] 2023-04-15 04:12:43,397 DEBUG [http-nio-60080-exec-1][MultithreadEventLoopGroup.java:44] - -Dio.netty.eventLoopThreads: 16
[qq-system-service] 2023-04-15 04:12:43,402 DEBUG [http-nio-60080-exec-1][NioEventLoop.java:106] - -Dio.netty.noKeySetOptimization: false
[qq-system-service] 2023-04-15 04:12:43,402 DEBUG [http-nio-60080-exec-1][NioEventLoop.java:107] - -Dio.netty.selectorAutoRebuildThreshold: 512
[qq-system-service] 2023-04-15 04:12:43,407 DEBUG [http-nio-60080-exec-1][DefaultEventLoopGroupProvider.java:98] - Adding reference to io.netty.channel.nio.NioEventLoopGroup@6901ef50, existing ref count 0
[qq-system-service] 2023-04-15 04:12:43,419 DEBUG [http-nio-60080-exec-1][RedisClient.java:775] - Resolved SocketAddress 152.32.252.204:6379 using RedisURI [host='152.32.252.204', port=6379]
[qq-system-service] 2023-04-15 04:12:43,419 DEBUG [http-nio-60080-exec-1][AbstractRedisClient.java:312] - Connecting to Redis at 152.32.252.204:6379
[qq-system-service] 2023-04-15 04:12:43,425 DEBUG [http-nio-60080-exec-1][DefaultChannelId.java:79] - -Dio.netty.processId: 19148 (auto-detected)
[qq-system-service] 2023-04-15 04:12:43,428 DEBUG [http-nio-60080-exec-1][NetUtil.java:135] - -Djava.net.preferIPv4Stack: false
[qq-system-service] 2023-04-15 04:12:43,429 DEBUG [http-nio-60080-exec-1][NetUtil.java:136] - -Djava.net.preferIPv6Addresses: false
[qq-system-service] 2023-04-15 04:12:43,569 DEBUG [http-nio-60080-exec-1][NetUtilInitializations.java:129] - Loopback interface: lo (Software Loopback Interface 1, 127.0.0.1)
[qq-system-service] 2023-04-15 04:12:43,570 DEBUG [http-nio-60080-exec-1][NetUtil.java:187] - Failed to get SOMAXCONN from sysctl and file \proc\sys\net\core\somaxconn. Default: 200
[qq-system-service] 2023-04-15 04:12:43,716 DEBUG [http-nio-60080-exec-1][DefaultChannelId.java:101] - -Dio.netty.machineId: 00:50:56:ff:fe:c0:00:08 (auto-detected)
[qq-system-service] 2023-04-15 04:12:43,734 DEBUG [http-nio-60080-exec-1][ByteBufUtil.java:87] - -Dio.netty.allocator.type: pooled
[qq-system-service] 2023-04-15 04:12:43,734 DEBUG [http-nio-60080-exec-1][ByteBufUtil.java:96] - -Dio.netty.threadLocalDirectBufferSize: 0
[qq-system-service] 2023-04-15 04:12:43,735 DEBUG [http-nio-60080-exec-1][ByteBufUtil.java:99] - -Dio.netty.maxThreadLocalCharBufferSize: 16384
[qq-system-service] 2023-04-15 04:12:43,750 DEBUG [HikariPool-1 connection adder][HikariPool.java:728] - HikariPool-1 - Added connection com.mysql.jdbc.JDBC4Connection@4c50fa7b
[qq-system-service] 2023-04-15 04:12:43,750 DEBUG [lettuce-nioEventLoop-4-1][Recycler.java:102] - -Dio.netty.recycler.maxCapacityPerThread: 4096
[qq-system-service] 2023-04-15 04:12:43,751 DEBUG [lettuce-nioEventLoop-4-1][Recycler.java:103] - -Dio.netty.recycler.maxSharedCapacityFactor: 2
[qq-system-service] 2023-04-15 04:12:43,751 DEBUG [lettuce-nioEventLoop-4-1][Recycler.java:104] - -Dio.netty.recycler.linkCapacity: 16
[qq-system-service] 2023-04-15 04:12:43,751 DEBUG [lettuce-nioEventLoop-4-1][Recycler.java:105] - -Dio.netty.recycler.ratio: 8
[qq-system-service] 2023-04-15 04:12:43,751 DEBUG [lettuce-nioEventLoop-4-1][Recycler.java:106] - -Dio.netty.recycler.delayedQueue.ratio: 8
[qq-system-service] 2023-04-15 04:12:43,756 DEBUG [lettuce-nioEventLoop-4-1][AbstractByteBuf.java:63] - -Dio.netty.buffer.checkAccessible: true
[qq-system-service] 2023-04-15 04:12:43,757 DEBUG [lettuce-nioEventLoop-4-1][AbstractByteBuf.java:64] - -Dio.netty.buffer.checkBounds: true
[qq-system-service] 2023-04-15 04:12:43,757 DEBUG [lettuce-nioEventLoop-4-1][ResourceLeakDetectorFactory.java:196] - Loaded default ResourceLeakDetector: io.netty.util.ResourceLeakDetector@b101f1d
[qq-system-service] 2023-04-15 04:12:43,776 DEBUG [lettuce-nioEventLoop-4-1][CommandHandler.java:181] - [channel=0xdd18d70d, [id: 0x32d6e77c] (inactive), chid=0x1] channelRegistered()
[qq-system-service] 2023-04-15 04:12:43,829 DEBUG [lettuce-nioEventLoop-4-1][CommandHandler.java:294] - [channel=0xdd18d70d, /192.168.1.6:9281 -> /152.32.252.204:6379, chid=0x1] channelActive()
[qq-system-service] 2023-04-15 04:12:43,830 DEBUG [lettuce-nioEventLoop-4-1][DefaultEndpoint.java:421] - [channel=0xdd18d70d, /192.168.1.6:9281 -> /152.32.252.204:6379, epid=0x1] activateEndpointAndExecuteBufferedCommands 0 command(s) buffered
[qq-system-service] 2023-04-15 04:12:43,830 DEBUG [lettuce-nioEventLoop-4-1][DefaultEndpoint.java:426] - [channel=0xdd18d70d, /192.168.1.6:9281 -> /152.32.252.204:6379, epid=0x1] activating endpoint
[qq-system-service] 2023-04-15 04:12:43,830 DEBUG [lettuce-nioEventLoop-4-1][DefaultEndpoint.java:508] - [channel=0xdd18d70d, /192.168.1.6:9281 -> /152.32.252.204:6379, epid=0x1] flushCommands()
[qq-system-service] 2023-04-15 04:12:43,830 DEBUG [lettuce-nioEventLoop-4-1][DefaultEndpoint.java:523] - [channel=0xdd18d70d, /192.168.1.6:9281 -> /152.32.252.204:6379, epid=0x1] flushCommands() Flushing 0 commands
[qq-system-service] 2023-04-15 04:12:43,830 DEBUG [lettuce-nioEventLoop-4-1][ConnectionWatchdog.java:180] - [channel=0xdd18d70d, /192.168.1.6:9281 -> /152.32.252.204:6379, last known addr=/152.32.252.204:6379] channelActive()
[qq-system-service] 2023-04-15 04:12:43,831 DEBUG [lettuce-nioEventLoop-4-1][CommandHandler.java:308] - [channel=0xdd18d70d, /192.168.1.6:9281 -> /152.32.252.204:6379, chid=0x1] channelActive() done
[qq-system-service] 2023-04-15 04:12:43,832 DEBUG [lettuce-nioEventLoop-4-1][AbstractRedisClient.java:359] - Connecting to Redis at 152.32.252.204:6379: Success
[qq-system-service] 2023-04-15 04:12:43,833 DEBUG [lettuce-nioEventLoop-4-1][ConnectionWatchdog.java:148] - [channel=0xdd18d70d, /192.168.1.6:9281 -> /152.32.252.204:6379, last known addr=/152.32.252.204:6379] userEventTriggered(ctx, io.lettuce.core.ConnectionEvents$Activated@37851292)
[qq-system-service] 2023-04-15 04:12:43,836 DEBUG [http-nio-60080-exec-1][RedisChannelHandler.java:179] - dispatching command AsyncCommand [type=SETEX, output=StatusOutput [output=null, error='null'], commandType=io.lettuce.core.protocol.Command]
[qq-system-service] 2023-04-15 04:12:43,838 DEBUG [http-nio-60080-exec-1][DefaultEndpoint.java:389] - [channel=0xdd18d70d, /192.168.1.6:9281 -> /152.32.252.204:6379, epid=0x1] write() writeAndFlush command AsyncCommand [type=SETEX, output=StatusOutput [output=null, error='null'], commandType=io.lettuce.core.protocol.Command]
[qq-system-service] 2023-04-15 04:12:43,839 DEBUG [lettuce-nioEventLoop-4-1][CommandHandler.java:374] - [channel=0xdd18d70d, /192.168.1.6:9281 -> /152.32.252.204:6379, chid=0x1] write(ctx, AsyncCommand [type=SETEX, output=StatusOutput [output=null, error='null'], commandType=io.lettuce.core.protocol.Command], promise)
[qq-system-service] 2023-04-15 04:12:43,840 DEBUG [http-nio-60080-exec-1][DefaultEndpoint.java:173] - [channel=0xdd18d70d, /192.168.1.6:9281 -> /152.32.252.204:6379, epid=0x1] write() done
[qq-system-service] 2023-04-15 04:12:43,843 DEBUG [lettuce-nioEventLoop-4-1][CommandEncoder.java:101] - [channel=0xdd18d70d, /192.168.1.6:9281 -> /152.32.252.204:6379] writing command AsyncCommand [type=SETEX, output=StatusOutput [output=null, error='null'], commandType=io.lettuce.core.protocol.Command]
[qq-system-service] 2023-04-15 04:12:43,894 DEBUG [lettuce-nioEventLoop-4-1][CommandHandler.java:570] - [channel=0xdd18d70d, /192.168.1.6:9281 -> /152.32.252.204:6379, chid=0x1] Received: 5 bytes, 1 commands in the stack
[qq-system-service] 2023-04-15 04:12:43,894 DEBUG [lettuce-nioEventLoop-4-1][CommandHandler.java:616] - [channel=0xdd18d70d, /192.168.1.6:9281 -> /152.32.252.204:6379, chid=0x1] Stack contains: 1 commands
[qq-system-service] 2023-04-15 04:12:43,894 DEBUG [lettuce-nioEventLoop-4-1][RedisStateMachine.java:131] - Decode AsyncCommand [type=SETEX, output=StatusOutput [output=null, error='null'], commandType=io.lettuce.core.protocol.Command]
[qq-system-service] 2023-04-15 04:12:43,897 DEBUG [lettuce-nioEventLoop-4-1][RedisStateMachine.java:145] - Decoded AsyncCommand [type=SETEX, output=StatusOutput [output=OK, error='null'], commandType=io.lettuce.core.protocol.Command], empty stack: true
[qq-system-service] 2023-04-15 04:12:44,261 DEBUG [HikariPool-1 connection adder][HikariPool.java:728] - HikariPool-1 - Added connection com.mysql.jdbc.JDBC4Connection@481ec292
[qq-system-service] 2023-04-15 04:12:44,864 DEBUG [HikariPool-1 connection adder][HikariPool.java:728] - HikariPool-1 - Added connection com.mysql.jdbc.JDBC4Connection@d15d112
[qq-system-service] 2023-04-15 04:12:45,483 DEBUG [HikariPool-1 connection adder][HikariPool.java:728] - HikariPool-1 - Added connection com.mysql.jdbc.JDBC4Connection@b897824
[qq-system-service] 2023-04-15 04:12:46,018 DEBUG [HikariPool-1 connection adder][HikariPool.java:728] - HikariPool-1 - Added connection com.mysql.jdbc.JDBC4Connection@2c639faf
[qq-system-service] 2023-04-15 04:12:46,526 DEBUG [HikariPool-1 connection adder][HikariPool.java:728] - HikariPool-1 - Added connection com.mysql.jdbc.JDBC4Connection@529ed55
[qq-system-service] 2023-04-15 04:12:47,036 DEBUG [HikariPool-1 connection adder][HikariPool.java:728] - HikariPool-1 - Added connection com.mysql.jdbc.JDBC4Connection@3d90b8c0
[qq-system-service] 2023-04-15 04:12:47,473 DEBUG [HikariPool-1 connection adder][HikariPool.java:728] - HikariPool-1 - Added connection com.mysql.jdbc.JDBC4Connection@37bdfff6
[qq-system-service] 2023-04-15 04:12:47,473 DEBUG [HikariPool-1 connection adder][HikariPool.java:421] - HikariPool-1 - After adding stats (total=10, active=0, idle=10, waiting=0)
[qq-system-service] 2023-04-15 04:13:12,715 DEBUG [HikariPool-1 housekeeper][HikariPool.java:421] - HikariPool-1 - Pool stats (total=10, active=0, idle=10, waiting=0)
[qq-system-service] 2023-04-15 04:13:12,715 DEBUG [HikariPool-1 housekeeper][HikariPool.java:517] - HikariPool-1 - Fill pool skipped, pool is at sufficient level.
[qq-system-service] 2023-04-15 04:13:42,725 DEBUG [HikariPool-1 housekeeper][HikariPool.java:421] - HikariPool-1 - Pool stats (total=10, active=0, idle=10, waiting=0)
[qq-system-service] 2023-04-15 04:13:42,725 DEBUG [HikariPool-1 housekeeper][HikariPool.java:517] - HikariPool-1 - Fill pool skipped, pool is at sufficient level.
[qq-system-service] 2023-04-15 04:14:12,738 DEBUG [HikariPool-1 housekeeper][HikariPool.java:421] - HikariPool-1 - Pool stats (total=10, active=0, idle=10, waiting=0)
[qq-system-service] 2023-04-15 04:14:12,738 DEBUG [HikariPool-1 housekeeper][HikariPool.java:517] - HikariPool-1 - Fill pool skipped, pool is at sufficient level.
[qq-system-service] 2023-04-15 04:14:42,749 DEBUG [HikariPool-1 housekeeper][HikariPool.java:421] - HikariPool-1 - Pool stats (total=10, active=0, idle=10, waiting=0)
[qq-system-service] 2023-04-15 04:14:42,749 DEBUG [HikariPool-1 housekeeper][HikariPool.java:517] - HikariPool-1 - Fill pool skipped, pool is at sufficient level.
[qq-system-service] 2023-04-15 04:15:12,755 DEBUG [HikariPool-1 housekeeper][HikariPool.java:421] - HikariPool-1 - Pool stats (total=10, active=0, idle=10, waiting=0)
[qq-system-service] 2023-04-15 04:15:12,755 DEBUG [HikariPool-1 housekeeper][HikariPool.java:517] - HikariPool-1 - Fill pool skipped, pool is at sufficient level.
[qq-system-service] 2023-04-15 04:15:42,765 DEBUG [HikariPool-1 housekeeper][HikariPool.java:421] - HikariPool-1 - Pool stats (total=10, active=0, idle=10, waiting=0)
[qq-system-service] 2023-04-15 04:15:42,765 DEBUG [HikariPool-1 housekeeper][HikariPool.java:517] - HikariPool-1 - Fill pool skipped, pool is at sufficient level.
[qq-system-service] 2023-04-15 04:16:12,765 DEBUG [HikariPool-1 housekeeper][HikariPool.java:421] - HikariPool-1 - Pool stats (total=10, active=0, idle=10, waiting=0)
[qq-system-service] 2023-04-15 04:16:12,765 DEBUG [HikariPool-1 housekeeper][HikariPool.java:517] - HikariPool-1 - Fill pool skipped, pool is at sufficient level.
[qq-system-service] 2023-04-15 04:16:42,778 DEBUG [HikariPool-1 housekeeper][HikariPool.java:421] - HikariPool-1 - Pool stats (total=10, active=0, idle=10, waiting=0)
[qq-system-service] 2023-04-15 04:16:42,778 DEBUG [HikariPool-1 housekeeper][HikariPool.java:517] - HikariPool-1 - Fill pool skipped, pool is at sufficient level.
[qq-system-service] 2023-04-15 04:17:12,788 DEBUG [HikariPool-1 housekeeper][HikariPool.java:421] - HikariPool-1 - Pool stats (total=10, active=0, idle=10, waiting=0)
[qq-system-service] 2023-04-15 04:17:12,788 DEBUG [HikariPool-1 housekeeper][HikariPool.java:517] - HikariPool-1 - Fill pool skipped, pool is at sufficient level.
[qq-system-service] 2023-04-15 04:17:42,794 DEBUG [HikariPool-1 housekeeper][HikariPool.java:421] - HikariPool-1 - Pool stats (total=10, active=0, idle=10, waiting=0)
[qq-system-service] 2023-04-15 04:17:42,794 DEBUG [HikariPool-1 housekeeper][HikariPool.java:517] - HikariPool-1 - Fill pool skipped, pool is at sufficient level.
[qq-system-service] 2023-04-15 04:18:12,810 DEBUG [HikariPool-1 housekeeper][HikariPool.java:421] - HikariPool-1 - Pool stats (total=10, active=0, idle=10, waiting=0)
[qq-system-service] 2023-04-15 04:18:12,810 DEBUG [HikariPool-1 housekeeper][HikariPool.java:517] - HikariPool-1 - Fill pool skipped, pool is at sufficient level.
[qq-system-service] 2023-04-15 04:18:42,822 DEBUG [HikariPool-1 housekeeper][HikariPool.java:421] - HikariPool-1 - Pool stats (total=10, active=0, idle=10, waiting=0)
[qq-system-service] 2023-04-15 04:18:42,822 DEBUG [HikariPool-1 housekeeper][HikariPool.java:517] - HikariPool-1 - Fill pool skipped, pool is at sufficient level.
[qq-system-service] 2023-04-15 04:19:12,833 DEBUG [HikariPool-1 housekeeper][HikariPool.java:421] - HikariPool-1 - Pool stats (total=10, active=0, idle=10, waiting=0)
[qq-system-service] 2023-04-15 04:19:12,833 DEBUG [HikariPool-1 housekeeper][HikariPool.java:517] - HikariPool-1 - Fill pool skipped, pool is at sufficient level.
[qq-system-service] 2023-04-15 04:19:42,837 DEBUG [HikariPool-1 housekeeper][HikariPool.java:421] - HikariPool-1 - Pool stats (total=10, active=0, idle=10, waiting=0)
[qq-system-service] 2023-04-15 04:19:42,837 DEBUG [HikariPool-1 housekeeper][HikariPool.java:517] - HikariPool-1 - Fill pool skipped, pool is at sufficient level.
[qq-system-service] 2023-04-15 04:20:12,845 DEBUG [HikariPool-1 housekeeper][HikariPool.java:421] - HikariPool-1 - Pool stats (total=10, active=0, idle=10, waiting=0)
[qq-system-service] 2023-04-15 04:20:12,845 DEBUG [HikariPool-1 housekeeper][HikariPool.java:517] - HikariPool-1 - Fill pool skipped, pool is at sufficient level.
[qq-system-service] 2023-04-15 04:20:42,854 DEBUG [HikariPool-1 housekeeper][HikariPool.java:421] - HikariPool-1 - Pool stats (total=10, active=0, idle=10, waiting=0)
[qq-system-service] 2023-04-15 04:20:42,854 DEBUG [HikariPool-1 housekeeper][HikariPool.java:517] - HikariPool-1 - Fill pool skipped, pool is at sufficient level.
[qq-system-service] 2023-04-15 04:21:12,860 DEBUG [HikariPool-1 housekeeper][HikariPool.java:421] - HikariPool-1 - Pool stats (total=10, active=0, idle=10, waiting=0)
[qq-system-service] 2023-04-15 04:21:12,860 DEBUG [HikariPool-1 housekeeper][HikariPool.java:517] - HikariPool-1 - Fill pool skipped, pool is at sufficient level.
[qq-system-service] 2023-04-15 04:21:42,869 DEBUG [HikariPool-1 housekeeper][HikariPool.java:421] - HikariPool-1 - Pool stats (total=10, active=0, idle=10, waiting=0)
[qq-system-service] 2023-04-15 04:21:42,869 DEBUG [HikariPool-1 housekeeper][HikariPool.java:517] - HikariPool-1 - Fill pool skipped, pool is at sufficient level.
[qq-system-service] 2023-04-15 04:22:12,871 DEBUG [HikariPool-1 housekeeper][HikariPool.java:421] - HikariPool-1 - Pool stats (total=10, active=0, idle=10, waiting=0)
[qq-system-service] 2023-04-15 04:22:12,871 DEBUG [HikariPool-1 housekeeper][HikariPool.java:517] - HikariPool-1 - Fill pool skipped, pool is at sufficient level.
[qq-system-service] 2023-04-15 04:22:42,873 DEBUG [HikariPool-1 housekeeper][HikariPool.java:421] - HikariPool-1 - Pool stats (total=10, active=0, idle=10, waiting=0)
[qq-system-service] 2023-04-15 04:22:42,873 DEBUG [HikariPool-1 housekeeper][HikariPool.java:517] - HikariPool-1 - Fill pool skipped, pool is at sufficient level.
[qq-system-service] 2023-04-15 04:23:12,876 DEBUG [HikariPool-1 housekeeper][HikariPool.java:421] - HikariPool-1 - Pool stats (total=10, active=0, idle=10, waiting=0)
[qq-system-service] 2023-04-15 04:23:12,876 DEBUG [HikariPool-1 housekeeper][HikariPool.java:517] - HikariPool-1 - Fill pool skipped, pool is at sufficient level.
[qq-system-service] 2023-04-15 04:23:42,889 DEBUG [HikariPool-1 housekeeper][HikariPool.java:421] - HikariPool-1 - Pool stats (total=10, active=0, idle=10, waiting=0)
[qq-system-service] 2023-04-15 04:23:42,889 DEBUG [HikariPool-1 housekeeper][HikariPool.java:517] - HikariPool-1 - Fill pool skipped, pool is at sufficient level.
[qq-system-service] 2023-04-15 04:24:12,892 DEBUG [HikariPool-1 housekeeper][HikariPool.java:421] - HikariPool-1 - Pool stats (total=10, active=0, idle=10, waiting=0)
[qq-system-service] 2023-04-15 04:24:12,892 DEBUG [HikariPool-1 housekeeper][HikariPool.java:517] - HikariPool-1 - Fill pool skipped, pool is at sufficient level.
[qq-system-service] 2023-04-15 04:24:42,892 DEBUG [HikariPool-1 housekeeper][HikariPool.java:421] - HikariPool-1 - Pool stats (total=10, active=0, idle=10, waiting=0)
[qq-system-service] 2023-04-15 04:24:42,892 DEBUG [HikariPool-1 housekeeper][HikariPool.java:517] - HikariPool-1 - Fill pool skipped, pool is at sufficient level.
[qq-system-service] 2023-04-15 04:25:12,894 DEBUG [HikariPool-1 housekeeper][HikariPool.java:421] - HikariPool-1 - Pool stats (total=10, active=0, idle=10, waiting=0)
[qq-system-service] 2023-04-15 04:25:12,894 DEBUG [HikariPool-1 housekeeper][HikariPool.java:517] - HikariPool-1 - Fill pool skipped, pool is at sufficient level.
[qq-system-service] 2023-04-15 04:25:42,899 DEBUG [HikariPool-1 housekeeper][HikariPool.java:421] - HikariPool-1 - Pool stats (total=10, active=0, idle=10, waiting=0)
[qq-system-service] 2023-04-15 04:25:42,899 DEBUG [HikariPool-1 housekeeper][HikariPool.java:517] - HikariPool-1 - Fill pool skipped, pool is at sufficient level.
[qq-system-service] 2023-04-15 04:26:12,907 DEBUG [HikariPool-1 housekeeper][HikariPool.java:421] - HikariPool-1 - Pool stats (total=10, active=0, idle=10, waiting=0)
[qq-system-service] 2023-04-15 04:26:12,907 DEBUG [HikariPool-1 housekeeper][HikariPool.java:517] - HikariPool-1 - Fill pool skipped, pool is at sufficient level.
[qq-system-service] 2023-04-15 04:26:42,912 DEBUG [HikariPool-1 housekeeper][HikariPool.java:421] - HikariPool-1 - Pool stats (total=10, active=0, idle=10, waiting=0)
[qq-system-service] 2023-04-15 04:26:42,912 DEBUG [HikariPool-1 housekeeper][HikariPool.java:517] - HikariPool-1 - Fill pool skipped, pool is at sufficient level.
[qq-system-service] 2023-04-15 04:27:12,913 DEBUG [HikariPool-1 housekeeper][HikariPool.java:421] - HikariPool-1 - Pool stats (total=10, active=0, idle=10, waiting=0)
[qq-system-service] 2023-04-15 04:27:12,913 DEBUG [HikariPool-1 housekeeper][HikariPool.java:517] - HikariPool-1 - Fill pool skipped, pool is at sufficient level.
[qq-system-service] 2023-04-15 04:27:42,927 DEBUG [HikariPool-1 housekeeper][HikariPool.java:421] - HikariPool-1 - Pool stats (total=10, active=0, idle=10, waiting=0)
[qq-system-service] 2023-04-15 04:27:42,927 DEBUG [HikariPool-1 housekeeper][HikariPool.java:517] - HikariPool-1 - Fill pool skipped, pool is at sufficient level.
[qq-system-service] 2023-04-15 04:28:12,931 DEBUG [HikariPool-1 housekeeper][HikariPool.java:421] - HikariPool-1 - Pool stats (total=10, active=0, idle=10, waiting=0)
[qq-system-service] 2023-04-15 04:28:12,931 DEBUG [HikariPool-1 housekeeper][HikariPool.java:517] - HikariPool-1 - Fill pool skipped, pool is at sufficient level.
[qq-system-service] 2023-04-15 04:28:42,939 DEBUG [HikariPool-1 housekeeper][HikariPool.java:421] - HikariPool-1 - Pool stats (total=10, active=0, idle=10, waiting=0)
[qq-system-service] 2023-04-15 04:28:42,939 DEBUG [HikariPool-1 housekeeper][HikariPool.java:517] - HikariPool-1 - Fill pool skipped, pool is at sufficient level.
[qq-system-service] 2023-04-15 04:29:12,944 DEBUG [HikariPool-1 housekeeper][HikariPool.java:421] - HikariPool-1 - Pool stats (total=10, active=0, idle=10, waiting=0)
[qq-system-service] 2023-04-15 04:29:12,944 DEBUG [HikariPool-1 housekeeper][HikariPool.java:517] - HikariPool-1 - Fill pool skipped, pool is at sufficient level.
[qq-system-service] 2023-04-15 04:29:42,947 DEBUG [HikariPool-1 housekeeper][HikariPool.java:421] - HikariPool-1 - Pool stats (total=10, active=0, idle=10, waiting=0)
[qq-system-service] 2023-04-15 04:29:42,947 DEBUG [HikariPool-1 housekeeper][HikariPool.java:517] - HikariPool-1 - Fill pool skipped, pool is at sufficient level.
[qq-system-service] 2023-04-15 04:30:12,953 DEBUG [HikariPool-1 housekeeper][HikariPool.java:421] - HikariPool-1 - Pool stats (total=10, active=0, idle=10, waiting=0)
[qq-system-service] 2023-04-15 04:30:12,953 DEBUG [HikariPool-1 housekeeper][HikariPool.java:517] - HikariPool-1 - Fill pool skipped, pool is at sufficient level.
[qq-system-service] 2023-04-15 04:30:42,955 DEBUG [HikariPool-1 housekeeper][HikariPool.java:421] - HikariPool-1 - Pool stats (total=10, active=0, idle=10, waiting=0)
[qq-system-service] 2023-04-15 04:30:42,955 DEBUG [HikariPool-1 housekeeper][HikariPool.java:517] - HikariPool-1 - Fill pool skipped, pool is at sufficient level.
[qq-system-service] 2023-04-15 04:31:12,970 DEBUG [HikariPool-1 housekeeper][HikariPool.java:421] - HikariPool-1 - Pool stats (total=10, active=0, idle=10, waiting=0)
[qq-system-service] 2023-04-15 04:31:12,970 DEBUG [HikariPool-1 housekeeper][HikariPool.java:517] - HikariPool-1 - Fill pool skipped, pool is at sufficient level.
[qq-system-service] 2023-04-15 04:31:42,973 DEBUG [HikariPool-1 housekeeper][HikariPool.java:421] - HikariPool-1 - Pool stats (total=10, active=0, idle=10, waiting=0)
[qq-system-service] 2023-04-15 04:31:42,973 DEBUG [HikariPool-1 housekeeper][HikariPool.java:517] - HikariPool-1 - Fill pool skipped, pool is at sufficient level.
[qq-system-service] 2023-04-15 04:32:12,979 DEBUG [HikariPool-1 housekeeper][HikariPool.java:421] - HikariPool-1 - Pool stats (total=10, active=0, idle=10, waiting=0)
[qq-system-service] 2023-04-15 04:32:12,979 DEBUG [HikariPool-1 housekeeper][HikariPool.java:517] - HikariPool-1 - Fill pool skipped, pool is at sufficient level.
[qq-system-service] 2023-04-15 04:32:42,987 DEBUG [HikariPool-1 housekeeper][HikariPool.java:421] - HikariPool-1 - Pool stats (total=10, active=0, idle=10, waiting=0)
[qq-system-service] 2023-04-15 04:32:42,987 DEBUG [HikariPool-1 housekeeper][HikariPool.java:517] - HikariPool-1 - Fill pool skipped, pool is at sufficient level.
[qq-system-service] 2023-04-15 04:33:12,998 DEBUG [HikariPool-1 housekeeper][HikariPool.java:421] - HikariPool-1 - Pool stats (total=10, active=0, idle=10, waiting=0)
[qq-system-service] 2023-04-15 04:33:12,998 DEBUG [HikariPool-1 housekeeper][HikariPool.java:517] - HikariPool-1 - Fill pool skipped, pool is at sufficient level.
[qq-system-service] 2023-04-15 04:33:43,012 DEBUG [HikariPool-1 housekeeper][HikariPool.java:421] - HikariPool-1 - Pool stats (total=10, active=0, idle=10, waiting=0)
[qq-system-service] 2023-04-15 04:33:43,012 DEBUG [HikariPool-1 housekeeper][HikariPool.java:517] - HikariPool-1 - Fill pool skipped, pool is at sufficient level.
[qq-system-service] 2023-04-15 04:34:13,016 DEBUG [HikariPool-1 housekeeper][HikariPool.java:421] - HikariPool-1 - Pool stats (total=10, active=0, idle=10, waiting=0)
[qq-system-service] 2023-04-15 04:34:13,016 DEBUG [HikariPool-1 housekeeper][HikariPool.java:517] - HikariPool-1 - Fill pool skipped, pool is at sufficient level.
[qq-system-service] 2023-04-15 04:34:43,023 DEBUG [HikariPool-1 housekeeper][HikariPool.java:421] - HikariPool-1 - Pool stats (total=10, active=0, idle=10, waiting=0)
[qq-system-service] 2023-04-15 04:34:43,023 DEBUG [HikariPool-1 housekeeper][HikariPool.java:517] - HikariPool-1 - Fill pool skipped, pool is at sufficient level.
[qq-system-service] 2023-04-15 04:35:13,024 DEBUG [HikariPool-1 housekeeper][HikariPool.java:421] - HikariPool-1 - Pool stats (total=10, active=0, idle=10, waiting=0)
[qq-system-service] 2023-04-15 04:35:13,024 DEBUG [HikariPool-1 housekeeper][HikariPool.java:517] - HikariPool-1 - Fill pool skipped, pool is at sufficient level.
[qq-system-service] 2023-04-15 04:35:43,025 DEBUG [HikariPool-1 housekeeper][HikariPool.java:421] - HikariPool-1 - Pool stats (total=10, active=0, idle=10, waiting=0)
[qq-system-service] 2023-04-15 04:35:43,025 DEBUG [HikariPool-1 housekeeper][HikariPool.java:517] - HikariPool-1 - Fill pool skipped, pool is at sufficient level.
[qq-system-service] 2023-04-15 04:36:13,033 DEBUG [HikariPool-1 housekeeper][HikariPool.java:421] - HikariPool-1 - Pool stats (total=10, active=0, idle=10, waiting=0)
[qq-system-service] 2023-04-15 04:36:13,033 DEBUG [HikariPool-1 housekeeper][HikariPool.java:517] - HikariPool-1 - Fill pool skipped, pool is at sufficient level.
[qq-system-service] 2023-04-15 04:36:43,046 DEBUG [HikariPool-1 housekeeper][HikariPool.java:421] - HikariPool-1 - Pool stats (total=10, active=0, idle=10, waiting=0)
[qq-system-service] 2023-04-15 04:36:43,046 DEBUG [HikariPool-1 housekeeper][HikariPool.java:517] - HikariPool-1 - Fill pool skipped, pool is at sufficient level.
[qq-system-service] 2023-04-15 04:37:13,054 DEBUG [HikariPool-1 housekeeper][HikariPool.java:421] - HikariPool-1 - Pool stats (total=10, active=0, idle=10, waiting=0)
[qq-system-service] 2023-04-15 04:37:13,054 DEBUG [HikariPool-1 housekeeper][HikariPool.java:517] - HikariPool-1 - Fill pool skipped, pool is at sufficient level.
[qq-system-service] 2023-04-15 04:37:43,055 DEBUG [HikariPool-1 housekeeper][HikariPool.java:421] - HikariPool-1 - Pool stats (total=10, active=0, idle=10, waiting=0)
[qq-system-service] 2023-04-15 04:37:43,055 DEBUG [HikariPool-1 housekeeper][HikariPool.java:517] - HikariPool-1 - Fill pool skipped, pool is at sufficient level.
[qq-system-service] 2023-04-15 04:38:13,056 DEBUG [HikariPool-1 housekeeper][HikariPool.java:421] - HikariPool-1 - Pool stats (total=10, active=0, idle=10, waiting=0)
[qq-system-service] 2023-04-15 04:38:13,056 DEBUG [HikariPool-1 housekeeper][HikariPool.java:517] - HikariPool-1 - Fill pool skipped, pool is at sufficient level.
[qq-system-service] 2023-04-15 04:38:43,057 DEBUG [HikariPool-1 housekeeper][HikariPool.java:421] - HikariPool-1 - Pool stats (total=10, active=0, idle=10, waiting=0)
[qq-system-service] 2023-04-15 04:38:43,057 DEBUG [HikariPool-1 housekeeper][HikariPool.java:517] - HikariPool-1 - Fill pool skipped, pool is at sufficient level.
[qq-system-service] 2023-04-15 04:39:13,060 DEBUG [HikariPool-1 housekeeper][HikariPool.java:421] - HikariPool-1 - Pool stats (total=10, active=0, idle=10, waiting=0)
[qq-system-service] 2023-04-15 04:39:13,060 DEBUG [HikariPool-1 housekeeper][HikariPool.java:517] - HikariPool-1 - Fill pool skipped, pool is at sufficient level.
[qq-system-service] 2023-04-15 04:39:43,076 DEBUG [HikariPool-1 housekeeper][HikariPool.java:421] - HikariPool-1 - Pool stats (total=10, active=0, idle=10, waiting=0)
[qq-system-service] 2023-04-15 04:39:43,076 DEBUG [HikariPool-1 housekeeper][HikariPool.java:517] - HikariPool-1 - Fill pool skipped, pool is at sufficient level.
[qq-system-service] 2023-04-15 04:40:13,080 DEBUG [HikariPool-1 housekeeper][HikariPool.java:421] - HikariPool-1 - Pool stats (total=10, active=0, idle=10, waiting=0)
[qq-system-service] 2023-04-15 04:40:13,080 DEBUG [HikariPool-1 housekeeper][HikariPool.java:517] - HikariPool-1 - Fill pool skipped, pool is at sufficient level.
[qq-system-service] 2023-04-15 04:40:43,082 DEBUG [HikariPool-1 housekeeper][HikariPool.java:421] - HikariPool-1 - Pool stats (total=10, active=0, idle=10, waiting=0)
[qq-system-service] 2023-04-15 04:40:43,082 DEBUG [HikariPool-1 housekeeper][HikariPool.java:517] - HikariPool-1 - Fill pool skipped, pool is at sufficient level.
[qq-system-service] 2023-04-15 04:41:13,087 DEBUG [HikariPool-1 housekeeper][HikariPool.java:421] - HikariPool-1 - Pool stats (total=10, active=0, idle=10, waiting=0)
[qq-system-service] 2023-04-15 04:41:13,087 DEBUG [HikariPool-1 housekeeper][HikariPool.java:517] - HikariPool-1 - Fill pool skipped, pool is at sufficient level.
[qq-system-service] 2023-04-15 04:41:43,099 DEBUG [HikariPool-1 housekeeper][HikariPool.java:421] - HikariPool-1 - Pool stats (total=10, active=0, idle=10, waiting=0)
[qq-system-service] 2023-04-15 04:41:43,099 DEBUG [HikariPool-1 housekeeper][HikariPool.java:517] - HikariPool-1 - Fill pool skipped, pool is at sufficient level.
[qq-system-service] 2023-04-15 04:42:05,099 DEBUG [HikariPool-1 connection closer][PoolBase.java:134] - HikariPool-1 - Closing connection com.mysql.jdbc.JDBC4Connection@7bd4451f: (connection has passed maxLifetime)
[qq-system-service] 2023-04-15 04:42:05,504 DEBUG [HikariPool-1 connection adder][HikariPool.java:728] - HikariPool-1 - Added connection com.mysql.jdbc.JDBC4Connection@715c346e
[qq-system-service] 2023-04-15 04:42:10,131 DEBUG [HikariPool-1 connection closer][PoolBase.java:134] - HikariPool-1 - Closing connection com.mysql.jdbc.JDBC4Connection@2c639faf: (connection has passed maxLifetime)
[qq-system-service] 2023-04-15 04:42:10,330 DEBUG [HikariPool-1 housekeeper][HikariPool.java:342] - HikariPool-1 - Add connection elided, waiting 0, queue 1
[qq-system-service] 2023-04-15 04:42:10,330 DEBUG [HikariPool-1 connection closer][PoolBase.java:134] - HikariPool-1 - Closing connection com.mysql.jdbc.JDBC4Connection@d15d112: (connection has passed maxLifetime)
[qq-system-service] 2023-04-15 04:42:10,524 DEBUG [HikariPool-1 connection adder][HikariPool.java:728] - HikariPool-1 - Added connection com.mysql.jdbc.JDBC4Connection@1173cb21
[qq-system-service] 2023-04-15 04:42:10,943 DEBUG [HikariPool-1 connection adder][HikariPool.java:728] - HikariPool-1 - Added connection com.mysql.jdbc.JDBC4Connection@153d36f3
[qq-system-service] 2023-04-15 04:42:10,943 DEBUG [HikariPool-1 connection adder][HikariPool.java:421] - HikariPool-1 - After adding stats (total=10, active=0, idle=10, waiting=0)
[qq-system-service] 2023-04-15 04:42:13,110 DEBUG [HikariPool-1 housekeeper][HikariPool.java:421] - HikariPool-1 - Pool stats (total=10, active=0, idle=10, waiting=0)
[qq-system-service] 2023-04-15 04:42:13,110 DEBUG [HikariPool-1 housekeeper][HikariPool.java:517] - HikariPool-1 - Fill pool skipped, pool is at sufficient level.
[qq-system-service] 2023-04-15 04:42:19,754 DEBUG [HikariPool-1 connection closer][PoolBase.java:134] - HikariPool-1 - Closing connection com.mysql.jdbc.JDBC4Connection@529ed55: (connection has passed maxLifetime)
[qq-system-service] 2023-04-15 04:42:20,166 DEBUG [HikariPool-1 connection adder][HikariPool.java:728] - HikariPool-1 - Added connection com.mysql.jdbc.JDBC4Connection@35cbd6bc
[qq-system-service] 2023-04-15 04:42:23,218 DEBUG [HikariPool-1 connection closer][PoolBase.java:134] - HikariPool-1 - Closing connection com.mysql.jdbc.JDBC4Connection@b897824: (connection has passed maxLifetime)
[qq-system-service] 2023-04-15 04:42:23,655 DEBUG [HikariPool-1 connection adder][HikariPool.java:728] - HikariPool-1 - Added connection com.mysql.jdbc.JDBC4Connection@4bef1efe
[qq-system-service] 2023-04-15 04:42:25,462 DEBUG [HikariPool-1 connection closer][PoolBase.java:134] - HikariPool-1 - Closing connection com.mysql.jdbc.JDBC4Connection@481ec292: (connection has passed maxLifetime)
[qq-system-service] 2023-04-15 04:42:25,855 DEBUG [HikariPool-1 connection adder][HikariPool.java:728] - HikariPool-1 - Added connection com.mysql.jdbc.JDBC4Connection@7423748d
[qq-system-service] 2023-04-15 04:42:26,644 DEBUG [HikariPool-1 connection closer][PoolBase.java:134] - HikariPool-1 - Closing connection com.mysql.jdbc.JDBC4Connection@4c50fa7b: (connection has passed maxLifetime)
[qq-system-service] 2023-04-15 04:42:27,085 DEBUG [HikariPool-1 connection adder][HikariPool.java:728] - HikariPool-1 - Added connection com.mysql.jdbc.JDBC4Connection@41ee17e8
[qq-system-service] 2023-04-15 04:42:31,950 DEBUG [HikariPool-1 connection closer][PoolBase.java:134] - HikariPool-1 - Closing connection com.mysql.jdbc.JDBC4Connection@3d90b8c0: (connection has passed maxLifetime)
[qq-system-service] 2023-04-15 04:42:32,325 DEBUG [HikariPool-1 connection adder][HikariPool.java:728] - HikariPool-1 - Added connection com.mysql.jdbc.JDBC4Connection@15577fb2
[qq-system-service] 2023-04-15 04:42:36,124 DEBUG [HikariPool-1 connection closer][PoolBase.java:134] - HikariPool-1 - Closing connection com.mysql.jdbc.JDBC4Connection@2c7f0534: (connection has passed maxLifetime)
[qq-system-service] 2023-04-15 04:42:36,511 DEBUG [HikariPool-1 connection adder][HikariPool.java:728] - HikariPool-1 - Added connection com.mysql.jdbc.JDBC4Connection@96462dd
[qq-system-service] 2023-04-15 04:42:41,937 DEBUG [HikariPool-1 connection closer][PoolBase.java:134] - HikariPool-1 - Closing connection com.mysql.jdbc.JDBC4Connection@37bdfff6: (connection has passed maxLifetime)
[qq-system-service] 2023-04-15 04:42:42,315 DEBUG [HikariPool-1 connection adder][HikariPool.java:728] - HikariPool-1 - Added connection com.mysql.jdbc.JDBC4Connection@28512c14
[qq-system-service] 2023-04-15 04:42:43,115 DEBUG [HikariPool-1 housekeeper][HikariPool.java:421] - HikariPool-1 - Pool stats (total=10, active=0, idle=10, waiting=0)
[qq-system-service] 2023-04-15 04:42:43,115 DEBUG [HikariPool-1 housekeeper][HikariPool.java:517] - HikariPool-1 - Fill pool skipped, pool is at sufficient level.
[qq-system-service] 2023-04-15 04:43:13,118 DEBUG [HikariPool-1 housekeeper][HikariPool.java:421] - HikariPool-1 - Pool stats (total=10, active=0, idle=10, waiting=0)
[qq-system-service] 2023-04-15 04:43:13,118 DEBUG [HikariPool-1 housekeeper][HikariPool.java:517] - HikariPool-1 - Fill pool skipped, pool is at sufficient level.
[qq-system-service] 2023-04-15 04:43:43,122 DEBUG [HikariPool-1 housekeeper][HikariPool.java:421] - HikariPool-1 - Pool stats (total=10, active=0, idle=10, waiting=0)
[qq-system-service] 2023-04-15 04:43:43,122 DEBUG [HikariPool-1 housekeeper][HikariPool.java:517] - HikariPool-1 - Fill pool skipped, pool is at sufficient level.
[qq-system-service] 2023-04-15 04:44:13,122 DEBUG [HikariPool-1 housekeeper][HikariPool.java:421] - HikariPool-1 - Pool stats (total=10, active=0, idle=10, waiting=0)
[qq-system-service] 2023-04-15 04:44:13,122 DEBUG [HikariPool-1 housekeeper][HikariPool.java:517] - HikariPool-1 - Fill pool skipped, pool is at sufficient level.
[qq-system-service] 2023-04-15 04:44:43,136 DEBUG [HikariPool-1 housekeeper][HikariPool.java:421] - HikariPool-1 - Pool stats (total=10, active=0, idle=10, waiting=0)
[qq-system-service] 2023-04-15 04:44:43,136 DEBUG [HikariPool-1 housekeeper][HikariPool.java:517] - HikariPool-1 - Fill pool skipped, pool is at sufficient level.
[qq-system-service] 2023-04-15 04:45:13,144 DEBUG [HikariPool-1 housekeeper][HikariPool.java:421] - HikariPool-1 - Pool stats (total=10, active=0, idle=10, waiting=0)
[qq-system-service] 2023-04-15 04:45:13,144 DEBUG [HikariPool-1 housekeeper][HikariPool.java:517] - HikariPool-1 - Fill pool skipped, pool is at sufficient level.
[qq-system-service] 2023-04-15 04:45:43,157 DEBUG [HikariPool-1 housekeeper][HikariPool.java:421] - HikariPool-1 - Pool stats (total=10, active=0, idle=10, waiting=0)
[qq-system-service] 2023-04-15 04:45:43,157 DEBUG [HikariPool-1 housekeeper][HikariPool.java:517] - HikariPool-1 - Fill pool skipped, pool is at sufficient level.
[qq-system-service] 2023-04-15 04:46:13,167 DEBUG [HikariPool-1 housekeeper][HikariPool.java:421] - HikariPool-1 - Pool stats (total=10, active=0, idle=10, waiting=0)
[qq-system-service] 2023-04-15 04:46:13,167 DEBUG [HikariPool-1 housekeeper][HikariPool.java:517] - HikariPool-1 - Fill pool skipped, pool is at sufficient level.
[qq-system-service] 2023-04-15 04:46:43,179 DEBUG [HikariPool-1 housekeeper][HikariPool.java:421] - HikariPool-1 - Pool stats (total=10, active=0, idle=10, waiting=0)
[qq-system-service] 2023-04-15 04:46:43,179 DEBUG [HikariPool-1 housekeeper][HikariPool.java:517] - HikariPool-1 - Fill pool skipped, pool is at sufficient level.
[qq-system-service] 2023-04-15 04:47:13,193 DEBUG [HikariPool-1 housekeeper][HikariPool.java:421] - HikariPool-1 - Pool stats (total=10, active=0, idle=10, waiting=0)
[qq-system-service] 2023-04-15 04:47:13,193 DEBUG [HikariPool-1 housekeeper][HikariPool.java:517] - HikariPool-1 - Fill pool skipped, pool is at sufficient level.
[qq-system-service] 2023-04-15 04:47:43,195 DEBUG [HikariPool-1 housekeeper][HikariPool.java:421] - HikariPool-1 - Pool stats (total=10, active=0, idle=10, waiting=0)
[qq-system-service] 2023-04-15 04:47:43,195 DEBUG [HikariPool-1 housekeeper][HikariPool.java:517] - HikariPool-1 - Fill pool skipped, pool is at sufficient level.
[qq-system-service] 2023-04-15 04:48:13,197 DEBUG [HikariPool-1 housekeeper][HikariPool.java:421] - HikariPool-1 - Pool stats (total=10, active=0, idle=10, waiting=0)
[qq-system-service] 2023-04-15 04:48:13,197 DEBUG [HikariPool-1 housekeeper][HikariPool.java:517] - HikariPool-1 - Fill pool skipped, pool is at sufficient level.
[qq-system-service] 2023-04-15 04:48:43,205 DEBUG [HikariPool-1 housekeeper][HikariPool.java:421] - HikariPool-1 - Pool stats (total=10, active=0, idle=10, waiting=0)
[qq-system-service] 2023-04-15 04:48:43,205 DEBUG [HikariPool-1 housekeeper][HikariPool.java:517] - HikariPool-1 - Fill pool skipped, pool is at sufficient level.
[qq-system-service] 2023-04-15 04:49:13,207 DEBUG [HikariPool-1 housekeeper][HikariPool.java:421] - HikariPool-1 - Pool stats (total=10, active=0, idle=10, waiting=0)
[qq-system-service] 2023-04-15 04:49:13,207 DEBUG [HikariPool-1 housekeeper][HikariPool.java:517] - HikariPool-1 - Fill pool skipped, pool is at sufficient level.
[qq-system-service] 2023-04-15 04:49:43,214 DEBUG [HikariPool-1 housekeeper][HikariPool.java:421] - HikariPool-1 - Pool stats (total=10, active=0, idle=10, waiting=0)
[qq-system-service] 2023-04-15 04:49:43,214 DEBUG [HikariPool-1 housekeeper][HikariPool.java:517] - HikariPool-1 - Fill pool skipped, pool is at sufficient level.
[qq-system-service] 2023-04-15 04:50:13,218 DEBUG [HikariPool-1 housekeeper][HikariPool.java:421] - HikariPool-1 - Pool stats (total=10, active=0, idle=10, waiting=0)
[qq-system-service] 2023-04-15 04:50:13,218 DEBUG [HikariPool-1 housekeeper][HikariPool.java:517] - HikariPool-1 - Fill pool skipped, pool is at sufficient level.
[qq-system-service] 2023-04-15 04:50:43,230 DEBUG [HikariPool-1 housekeeper][HikariPool.java:421] - HikariPool-1 - Pool stats (total=10, active=0, idle=10, waiting=0)
[qq-system-service] 2023-04-15 04:50:43,230 DEBUG [HikariPool-1 housekeeper][HikariPool.java:517] - HikariPool-1 - Fill pool skipped, pool is at sufficient level.
[qq-system-service] 2023-04-15 04:51:13,238 DEBUG [HikariPool-1 housekeeper][HikariPool.java:421] - HikariPool-1 - Pool stats (total=10, active=0, idle=10, waiting=0)
[qq-system-service] 2023-04-15 04:51:13,238 DEBUG [HikariPool-1 housekeeper][HikariPool.java:517] - HikariPool-1 - Fill pool skipped, pool is at sufficient level.
[qq-system-service] 2023-04-15 04:51:43,240 DEBUG [HikariPool-1 housekeeper][HikariPool.java:421] - HikariPool-1 - Pool stats (total=10, active=0, idle=10, waiting=0)
[qq-system-service] 2023-04-15 04:51:43,240 DEBUG [HikariPool-1 housekeeper][HikariPool.java:517] - HikariPool-1 - Fill pool skipped, pool is at sufficient level.
[qq-system-service] 2023-04-15 04:52:13,248 DEBUG [HikariPool-1 housekeeper][HikariPool.java:421] - HikariPool-1 - Pool stats (total=10, active=0, idle=10, waiting=0)
[qq-system-service] 2023-04-15 04:52:13,248 DEBUG [HikariPool-1 housekeeper][HikariPool.java:517] - HikariPool-1 - Fill pool skipped, pool is at sufficient level.
[qq-system-service] 2023-04-15 04:52:43,254 DEBUG [HikariPool-1 housekeeper][HikariPool.java:421] - HikariPool-1 - Pool stats (total=10, active=0, idle=10, waiting=0)
[qq-system-service] 2023-04-15 04:52:43,254 DEBUG [HikariPool-1 housekeeper][HikariPool.java:517] - HikariPool-1 - Fill pool skipped, pool is at sufficient level.
[qq-system-service] 2023-04-15 04:53:13,259 DEBUG [HikariPool-1 housekeeper][HikariPool.java:421] - HikariPool-1 - Pool stats (total=10, active=0, idle=10, waiting=0)
[qq-system-service] 2023-04-15 04:53:13,259 DEBUG [HikariPool-1 housekeeper][HikariPool.java:517] - HikariPool-1 - Fill pool skipped, pool is at sufficient level.
[qq-system-service] 2023-04-15 04:53:43,266 DEBUG [HikariPool-1 housekeeper][HikariPool.java:421] - HikariPool-1 - Pool stats (total=10, active=0, idle=10, waiting=0)
[qq-system-service] 2023-04-15 04:53:43,266 DEBUG [HikariPool-1 housekeeper][HikariPool.java:517] - HikariPool-1 - Fill pool skipped, pool is at sufficient level.
[qq-system-service] 2023-04-15 04:54:13,267 DEBUG [HikariPool-1 housekeeper][HikariPool.java:421] - HikariPool-1 - Pool stats (total=10, active=0, idle=10, waiting=0)
[qq-system-service] 2023-04-15 04:54:13,267 DEBUG [HikariPool-1 housekeeper][HikariPool.java:517] - HikariPool-1 - Fill pool skipped, pool is at sufficient level.
[qq-system-service] 2023-04-15 04:54:43,281 DEBUG [HikariPool-1 housekeeper][HikariPool.java:421] - HikariPool-1 - Pool stats (total=10, active=0, idle=10, waiting=0)
[qq-system-service] 2023-04-15 04:54:43,281 DEBUG [HikariPool-1 housekeeper][HikariPool.java:517] - HikariPool-1 - Fill pool skipped, pool is at sufficient level.
[qq-system-service] 2023-04-15 04:55:13,292 DEBUG [HikariPool-1 housekeeper][HikariPool.java:421] - HikariPool-1 - Pool stats (total=10, active=0, idle=10, waiting=0)
[qq-system-service] 2023-04-15 04:55:13,292 DEBUG [HikariPool-1 housekeeper][HikariPool.java:517] - HikariPool-1 - Fill pool skipped, pool is at sufficient level.
[qq-system-service] 2023-04-15 04:55:43,298 DEBUG [HikariPool-1 housekeeper][HikariPool.java:421] - HikariPool-1 - Pool stats (total=10, active=0, idle=10, waiting=0)
[qq-system-service] 2023-04-15 04:55:43,298 DEBUG [HikariPool-1 housekeeper][HikariPool.java:517] - HikariPool-1 - Fill pool skipped, pool is at sufficient level.
[qq-system-service] 2023-04-15 04:56:13,305 DEBUG [HikariPool-1 housekeeper][HikariPool.java:421] - HikariPool-1 - Pool stats (total=10, active=0, idle=10, waiting=0)
[qq-system-service] 2023-04-15 04:56:13,305 DEBUG [HikariPool-1 housekeeper][HikariPool.java:517] - HikariPool-1 - Fill pool skipped, pool is at sufficient level.
[qq-system-service] 2023-04-15 04:56:43,312 DEBUG [HikariPool-1 housekeeper][HikariPool.java:421] - HikariPool-1 - Pool stats (total=10, active=0, idle=10, waiting=0)
[qq-system-service] 2023-04-15 04:56:43,312 DEBUG [HikariPool-1 housekeeper][HikariPool.java:517] - HikariPool-1 - Fill pool skipped, pool is at sufficient level.
[qq-system-service] 2023-04-15 04:57:13,323 DEBUG [HikariPool-1 housekeeper][HikariPool.java:421] - HikariPool-1 - Pool stats (total=10, active=0, idle=10, waiting=0)
[qq-system-service] 2023-04-15 04:57:13,323 DEBUG [HikariPool-1 housekeeper][HikariPool.java:517] - HikariPool-1 - Fill pool skipped, pool is at sufficient level.
[qq-system-service] 2023-04-15 04:57:43,332 DEBUG [HikariPool-1 housekeeper][HikariPool.java:421] - HikariPool-1 - Pool stats (total=10, active=0, idle=10, waiting=0)
[qq-system-service] 2023-04-15 04:57:43,332 DEBUG [HikariPool-1 housekeeper][HikariPool.java:517] - HikariPool-1 - Fill pool skipped, pool is at sufficient level.
[qq-system-service] 2023-04-15 04:58:13,332 DEBUG [HikariPool-1 housekeeper][HikariPool.java:421] - HikariPool-1 - Pool stats (total=10, active=0, idle=10, waiting=0)
[qq-system-service] 2023-04-15 04:58:13,332 DEBUG [HikariPool-1 housekeeper][HikariPool.java:517] - HikariPool-1 - Fill pool skipped, pool is at sufficient level.
[qq-system-service] 2023-04-15 04:58:43,334 DEBUG [HikariPool-1 housekeeper][HikariPool.java:421] - HikariPool-1 - Pool stats (total=10, active=0, idle=10, waiting=0)
[qq-system-service] 2023-04-15 04:58:43,334 DEBUG [HikariPool-1 housekeeper][HikariPool.java:517] - HikariPool-1 - Fill pool skipped, pool is at sufficient level.
[qq-system-service] 2023-04-15 04:59:13,336 DEBUG [HikariPool-1 housekeeper][HikariPool.java:421] - HikariPool-1 - Pool stats (total=10, active=0, idle=10, waiting=0)
[qq-system-service] 2023-04-15 04:59:13,336 DEBUG [HikariPool-1 housekeeper][HikariPool.java:517] - HikariPool-1 - Fill pool skipped, pool is at sufficient level.
[qq-system-service] 2023-04-15 04:59:43,342 DEBUG [HikariPool-1 housekeeper][HikariPool.java:421] - HikariPool-1 - Pool stats (total=10, active=0, idle=10, waiting=0)
[qq-system-service] 2023-04-15 04:59:43,342 DEBUG [HikariPool-1 housekeeper][HikariPool.java:517] - HikariPool-1 - Fill pool skipped, pool is at sufficient level.
