[qq-system-service] 2023-04-15 20:00:01,498 DEBUG [HikariPool-1 housekeeper][HikariPool.java:421] - HikariPool-1 - Pool stats (total=10, active=0, idle=10, waiting=0)
[qq-system-service] 2023-04-15 20:00:01,498 DEBUG [HikariPool-1 housekeeper][HikariPool.java:517] - HikariPool-1 - Fill pool skipped, pool is at sufficient level.
[qq-system-service] 2023-04-15 20:00:31,509 DEBUG [HikariPool-1 housekeeper][HikariPool.java:421] - HikariPool-1 - Pool stats (total=10, active=0, idle=10, waiting=0)
[qq-system-service] 2023-04-15 20:00:31,509 DEBUG [HikariPool-1 housekeeper][HikariPool.java:517] - HikariPool-1 - Fill pool skipped, pool is at sufficient level.
[qq-system-service] 2023-04-15 20:01:01,516 DEBUG [HikariPool-1 housekeeper][HikariPool.java:421] - HikariPool-1 - Pool stats (total=10, active=0, idle=10, waiting=0)
[qq-system-service] 2023-04-15 20:01:01,516 DEBUG [HikariPool-1 housekeeper][HikariPool.java:517] - HikariPool-1 - Fill pool skipped, pool is at sufficient level.
[qq-system-service] 2023-04-15 20:01:31,518 DEBUG [HikariPool-1 housekeeper][HikariPool.java:421] - HikariPool-1 - Pool stats (total=10, active=0, idle=10, waiting=0)
[qq-system-service] 2023-04-15 20:01:31,518 DEBUG [HikariPool-1 housekeeper][HikariPool.java:517] - HikariPool-1 - Fill pool skipped, pool is at sufficient level.
[qq-system-service] 2023-04-15 20:02:01,531 DEBUG [HikariPool-1 housekeeper][HikariPool.java:421] - HikariPool-1 - Pool stats (total=10, active=0, idle=10, waiting=0)
[qq-system-service] 2023-04-15 20:02:01,531 DEBUG [HikariPool-1 housekeeper][HikariPool.java:517] - HikariPool-1 - Fill pool skipped, pool is at sufficient level.
[qq-system-service] 2023-04-15 20:02:31,536 DEBUG [HikariPool-1 housekeeper][HikariPool.java:421] - HikariPool-1 - Pool stats (total=10, active=0, idle=10, waiting=0)
[qq-system-service] 2023-04-15 20:02:31,536 DEBUG [HikariPool-1 housekeeper][HikariPool.java:517] - HikariPool-1 - Fill pool skipped, pool is at sufficient level.
[qq-system-service] 2023-04-15 20:03:01,543 DEBUG [HikariPool-1 housekeeper][HikariPool.java:421] - HikariPool-1 - Pool stats (total=10, active=0, idle=10, waiting=0)
[qq-system-service] 2023-04-15 20:03:01,543 DEBUG [HikariPool-1 housekeeper][HikariPool.java:517] - HikariPool-1 - Fill pool skipped, pool is at sufficient level.
[qq-system-service] 2023-04-15 20:03:31,545 DEBUG [HikariPool-1 housekeeper][HikariPool.java:421] - HikariPool-1 - Pool stats (total=10, active=0, idle=10, waiting=0)
[qq-system-service] 2023-04-15 20:03:31,545 DEBUG [HikariPool-1 housekeeper][HikariPool.java:517] - HikariPool-1 - Fill pool skipped, pool is at sufficient level.
[qq-system-service] 2023-04-15 20:04:01,545 DEBUG [HikariPool-1 housekeeper][HikariPool.java:421] - HikariPool-1 - Pool stats (total=10, active=0, idle=10, waiting=0)
[qq-system-service] 2023-04-15 20:04:01,545 DEBUG [HikariPool-1 housekeeper][HikariPool.java:517] - HikariPool-1 - Fill pool skipped, pool is at sufficient level.
[qq-system-service] 2023-04-15 20:04:31,549 DEBUG [HikariPool-1 housekeeper][HikariPool.java:421] - HikariPool-1 - Pool stats (total=10, active=0, idle=10, waiting=0)
[qq-system-service] 2023-04-15 20:04:31,549 DEBUG [HikariPool-1 housekeeper][HikariPool.java:517] - HikariPool-1 - Fill pool skipped, pool is at sufficient level.
[qq-system-service] 2023-04-15 20:05:01,561 DEBUG [HikariPool-1 housekeeper][HikariPool.java:421] - HikariPool-1 - Pool stats (total=10, active=0, idle=10, waiting=0)
[qq-system-service] 2023-04-15 20:05:01,561 DEBUG [HikariPool-1 housekeeper][HikariPool.java:517] - HikariPool-1 - Fill pool skipped, pool is at sufficient level.
[qq-system-service] 2023-04-15 20:05:31,563 DEBUG [HikariPool-1 housekeeper][HikariPool.java:421] - HikariPool-1 - Pool stats (total=10, active=0, idle=10, waiting=0)
[qq-system-service] 2023-04-15 20:05:31,563 DEBUG [HikariPool-1 housekeeper][HikariPool.java:517] - HikariPool-1 - Fill pool skipped, pool is at sufficient level.
[qq-system-service] 2023-04-15 20:06:01,569 DEBUG [HikariPool-1 housekeeper][HikariPool.java:421] - HikariPool-1 - Pool stats (total=10, active=0, idle=10, waiting=0)
[qq-system-service] 2023-04-15 20:06:01,569 DEBUG [HikariPool-1 housekeeper][HikariPool.java:517] - HikariPool-1 - Fill pool skipped, pool is at sufficient level.
[qq-system-service] 2023-04-15 20:06:31,581 DEBUG [HikariPool-1 housekeeper][HikariPool.java:421] - HikariPool-1 - Pool stats (total=10, active=0, idle=10, waiting=0)
[qq-system-service] 2023-04-15 20:06:31,581 DEBUG [HikariPool-1 housekeeper][HikariPool.java:517] - HikariPool-1 - Fill pool skipped, pool is at sufficient level.
[qq-system-service] 2023-04-15 20:07:01,594 DEBUG [HikariPool-1 housekeeper][HikariPool.java:421] - HikariPool-1 - Pool stats (total=10, active=0, idle=10, waiting=0)
[qq-system-service] 2023-04-15 20:07:01,594 DEBUG [HikariPool-1 housekeeper][HikariPool.java:517] - HikariPool-1 - Fill pool skipped, pool is at sufficient level.
[qq-system-service] 2023-04-15 20:07:31,599 DEBUG [HikariPool-1 housekeeper][HikariPool.java:421] - HikariPool-1 - Pool stats (total=10, active=0, idle=10, waiting=0)
[qq-system-service] 2023-04-15 20:07:31,599 DEBUG [HikariPool-1 housekeeper][HikariPool.java:517] - HikariPool-1 - Fill pool skipped, pool is at sufficient level.
[qq-system-service] 2023-04-15 20:08:01,606 DEBUG [HikariPool-1 housekeeper][HikariPool.java:421] - HikariPool-1 - Pool stats (total=10, active=0, idle=10, waiting=0)
[qq-system-service] 2023-04-15 20:08:01,606 DEBUG [HikariPool-1 housekeeper][HikariPool.java:517] - HikariPool-1 - Fill pool skipped, pool is at sufficient level.
[qq-system-service] 2023-04-15 20:08:31,609 DEBUG [HikariPool-1 housekeeper][HikariPool.java:421] - HikariPool-1 - Pool stats (total=10, active=0, idle=10, waiting=0)
[qq-system-service] 2023-04-15 20:08:31,609 DEBUG [HikariPool-1 housekeeper][HikariPool.java:517] - HikariPool-1 - Fill pool skipped, pool is at sufficient level.
[qq-system-service] 2023-04-15 20:09:01,614 DEBUG [HikariPool-1 housekeeper][HikariPool.java:421] - HikariPool-1 - Pool stats (total=10, active=0, idle=10, waiting=0)
[qq-system-service] 2023-04-15 20:09:01,614 DEBUG [HikariPool-1 housekeeper][HikariPool.java:517] - HikariPool-1 - Fill pool skipped, pool is at sufficient level.
[qq-system-service] 2023-04-15 20:09:31,616 DEBUG [HikariPool-1 housekeeper][HikariPool.java:421] - HikariPool-1 - Pool stats (total=10, active=0, idle=10, waiting=0)
[qq-system-service] 2023-04-15 20:09:31,616 DEBUG [HikariPool-1 housekeeper][HikariPool.java:517] - HikariPool-1 - Fill pool skipped, pool is at sufficient level.
[qq-system-service] 2023-04-15 20:10:01,618 DEBUG [HikariPool-1 housekeeper][HikariPool.java:421] - HikariPool-1 - Pool stats (total=10, active=0, idle=10, waiting=0)
[qq-system-service] 2023-04-15 20:10:01,618 DEBUG [HikariPool-1 housekeeper][HikariPool.java:517] - HikariPool-1 - Fill pool skipped, pool is at sufficient level.
[qq-system-service] 2023-04-15 20:10:31,623 DEBUG [HikariPool-1 housekeeper][HikariPool.java:421] - HikariPool-1 - Pool stats (total=10, active=0, idle=10, waiting=0)
[qq-system-service] 2023-04-15 20:10:31,623 DEBUG [HikariPool-1 housekeeper][HikariPool.java:517] - HikariPool-1 - Fill pool skipped, pool is at sufficient level.
[qq-system-service] 2023-04-15 20:11:01,629 DEBUG [HikariPool-1 housekeeper][HikariPool.java:421] - HikariPool-1 - Pool stats (total=10, active=0, idle=10, waiting=0)
[qq-system-service] 2023-04-15 20:11:01,629 DEBUG [HikariPool-1 housekeeper][HikariPool.java:517] - HikariPool-1 - Fill pool skipped, pool is at sufficient level.
[qq-system-service] 2023-04-15 20:11:31,629 DEBUG [HikariPool-1 housekeeper][HikariPool.java:421] - HikariPool-1 - Pool stats (total=10, active=0, idle=10, waiting=0)
[qq-system-service] 2023-04-15 20:11:31,629 DEBUG [HikariPool-1 housekeeper][HikariPool.java:517] - HikariPool-1 - Fill pool skipped, pool is at sufficient level.
[qq-system-service] 2023-04-15 20:12:01,643 DEBUG [HikariPool-1 housekeeper][HikariPool.java:421] - HikariPool-1 - Pool stats (total=10, active=0, idle=10, waiting=0)
[qq-system-service] 2023-04-15 20:12:01,643 DEBUG [HikariPool-1 housekeeper][HikariPool.java:517] - HikariPool-1 - Fill pool skipped, pool is at sufficient level.
[qq-system-service] 2023-04-15 20:12:31,655 DEBUG [HikariPool-1 housekeeper][HikariPool.java:421] - HikariPool-1 - Pool stats (total=10, active=0, idle=10, waiting=0)
[qq-system-service] 2023-04-15 20:12:31,655 DEBUG [HikariPool-1 housekeeper][HikariPool.java:517] - HikariPool-1 - Fill pool skipped, pool is at sufficient level.
[qq-system-service] 2023-04-15 20:13:01,665 DEBUG [HikariPool-1 housekeeper][HikariPool.java:421] - HikariPool-1 - Pool stats (total=10, active=0, idle=10, waiting=0)
[qq-system-service] 2023-04-15 20:13:01,665 DEBUG [HikariPool-1 housekeeper][HikariPool.java:517] - HikariPool-1 - Fill pool skipped, pool is at sufficient level.
[qq-system-service] 2023-04-15 20:13:31,668 DEBUG [HikariPool-1 housekeeper][HikariPool.java:421] - HikariPool-1 - Pool stats (total=10, active=0, idle=10, waiting=0)
[qq-system-service] 2023-04-15 20:13:31,668 DEBUG [HikariPool-1 housekeeper][HikariPool.java:517] - HikariPool-1 - Fill pool skipped, pool is at sufficient level.
[qq-system-service] 2023-04-15 20:14:01,672 DEBUG [HikariPool-1 housekeeper][HikariPool.java:421] - HikariPool-1 - Pool stats (total=10, active=0, idle=10, waiting=0)
[qq-system-service] 2023-04-15 20:14:01,672 DEBUG [HikariPool-1 housekeeper][HikariPool.java:517] - HikariPool-1 - Fill pool skipped, pool is at sufficient level.
[qq-system-service] 2023-04-15 20:14:31,677 DEBUG [HikariPool-1 housekeeper][HikariPool.java:421] - HikariPool-1 - Pool stats (total=10, active=0, idle=10, waiting=0)
[qq-system-service] 2023-04-15 20:14:31,677 DEBUG [HikariPool-1 housekeeper][HikariPool.java:517] - HikariPool-1 - Fill pool skipped, pool is at sufficient level.
[qq-system-service] 2023-04-15 20:15:01,686 DEBUG [HikariPool-1 housekeeper][HikariPool.java:421] - HikariPool-1 - Pool stats (total=10, active=0, idle=10, waiting=0)
[qq-system-service] 2023-04-15 20:15:01,686 DEBUG [HikariPool-1 housekeeper][HikariPool.java:517] - HikariPool-1 - Fill pool skipped, pool is at sufficient level.
[qq-system-service] 2023-04-15 20:15:31,695 DEBUG [HikariPool-1 housekeeper][HikariPool.java:421] - HikariPool-1 - Pool stats (total=10, active=0, idle=10, waiting=0)
[qq-system-service] 2023-04-15 20:15:31,695 DEBUG [HikariPool-1 housekeeper][HikariPool.java:517] - HikariPool-1 - Fill pool skipped, pool is at sufficient level.
[qq-system-service] 2023-04-15 20:16:01,697 DEBUG [HikariPool-1 housekeeper][HikariPool.java:421] - HikariPool-1 - Pool stats (total=10, active=0, idle=10, waiting=0)
[qq-system-service] 2023-04-15 20:16:01,697 DEBUG [HikariPool-1 housekeeper][HikariPool.java:517] - HikariPool-1 - Fill pool skipped, pool is at sufficient level.
[qq-system-service] 2023-04-15 20:16:31,702 DEBUG [HikariPool-1 housekeeper][HikariPool.java:421] - HikariPool-1 - Pool stats (total=10, active=0, idle=10, waiting=0)
[qq-system-service] 2023-04-15 20:16:31,702 DEBUG [HikariPool-1 housekeeper][HikariPool.java:517] - HikariPool-1 - Fill pool skipped, pool is at sufficient level.
[qq-system-service] 2023-04-15 20:17:01,710 DEBUG [HikariPool-1 housekeeper][HikariPool.java:421] - HikariPool-1 - Pool stats (total=10, active=0, idle=10, waiting=0)
[qq-system-service] 2023-04-15 20:17:01,710 DEBUG [HikariPool-1 housekeeper][HikariPool.java:517] - HikariPool-1 - Fill pool skipped, pool is at sufficient level.
[qq-system-service] 2023-04-15 20:17:31,715 DEBUG [HikariPool-1 housekeeper][HikariPool.java:421] - HikariPool-1 - Pool stats (total=10, active=0, idle=10, waiting=0)
[qq-system-service] 2023-04-15 20:17:31,715 DEBUG [HikariPool-1 housekeeper][HikariPool.java:517] - HikariPool-1 - Fill pool skipped, pool is at sufficient level.
[qq-system-service] 2023-04-15 20:18:01,726 DEBUG [HikariPool-1 housekeeper][HikariPool.java:421] - HikariPool-1 - Pool stats (total=10, active=0, idle=10, waiting=0)
[qq-system-service] 2023-04-15 20:18:01,726 DEBUG [HikariPool-1 housekeeper][HikariPool.java:517] - HikariPool-1 - Fill pool skipped, pool is at sufficient level.
[qq-system-service] 2023-04-15 20:18:31,737 DEBUG [HikariPool-1 housekeeper][HikariPool.java:421] - HikariPool-1 - Pool stats (total=10, active=0, idle=10, waiting=0)
[qq-system-service] 2023-04-15 20:18:31,737 DEBUG [HikariPool-1 housekeeper][HikariPool.java:517] - HikariPool-1 - Fill pool skipped, pool is at sufficient level.
[qq-system-service] 2023-04-15 20:19:01,743 DEBUG [HikariPool-1 housekeeper][HikariPool.java:421] - HikariPool-1 - Pool stats (total=10, active=0, idle=10, waiting=0)
[qq-system-service] 2023-04-15 20:19:01,743 DEBUG [HikariPool-1 housekeeper][HikariPool.java:517] - HikariPool-1 - Fill pool skipped, pool is at sufficient level.
[qq-system-service] 2023-04-15 20:19:31,751 DEBUG [HikariPool-1 housekeeper][HikariPool.java:421] - HikariPool-1 - Pool stats (total=10, active=0, idle=10, waiting=0)
[qq-system-service] 2023-04-15 20:19:31,751 DEBUG [HikariPool-1 housekeeper][HikariPool.java:517] - HikariPool-1 - Fill pool skipped, pool is at sufficient level.
[qq-system-service] 2023-04-15 20:20:01,758 DEBUG [HikariPool-1 housekeeper][HikariPool.java:421] - HikariPool-1 - Pool stats (total=10, active=0, idle=10, waiting=0)
[qq-system-service] 2023-04-15 20:20:01,758 DEBUG [HikariPool-1 housekeeper][HikariPool.java:517] - HikariPool-1 - Fill pool skipped, pool is at sufficient level.
[qq-system-service] 2023-04-15 20:20:31,770 DEBUG [HikariPool-1 housekeeper][HikariPool.java:421] - HikariPool-1 - Pool stats (total=10, active=0, idle=10, waiting=0)
[qq-system-service] 2023-04-15 20:20:31,770 DEBUG [HikariPool-1 housekeeper][HikariPool.java:517] - HikariPool-1 - Fill pool skipped, pool is at sufficient level.
[qq-system-service] 2023-04-15 20:21:01,774 DEBUG [HikariPool-1 housekeeper][HikariPool.java:421] - HikariPool-1 - Pool stats (total=10, active=0, idle=10, waiting=0)
[qq-system-service] 2023-04-15 20:21:01,774 DEBUG [HikariPool-1 housekeeper][HikariPool.java:517] - HikariPool-1 - Fill pool skipped, pool is at sufficient level.
[qq-system-service] 2023-04-15 20:21:31,777 DEBUG [HikariPool-1 housekeeper][HikariPool.java:421] - HikariPool-1 - Pool stats (total=10, active=0, idle=10, waiting=0)
[qq-system-service] 2023-04-15 20:21:31,777 DEBUG [HikariPool-1 housekeeper][HikariPool.java:517] - HikariPool-1 - Fill pool skipped, pool is at sufficient level.
[qq-system-service] 2023-04-15 20:22:01,793 DEBUG [HikariPool-1 housekeeper][HikariPool.java:421] - HikariPool-1 - Pool stats (total=10, active=0, idle=10, waiting=0)
[qq-system-service] 2023-04-15 20:22:01,793 DEBUG [HikariPool-1 housekeeper][HikariPool.java:517] - HikariPool-1 - Fill pool skipped, pool is at sufficient level.
[qq-system-service] 2023-04-15 20:22:31,796 DEBUG [HikariPool-1 housekeeper][HikariPool.java:421] - HikariPool-1 - Pool stats (total=10, active=0, idle=10, waiting=0)
[qq-system-service] 2023-04-15 20:22:31,796 DEBUG [HikariPool-1 housekeeper][HikariPool.java:517] - HikariPool-1 - Fill pool skipped, pool is at sufficient level.
[qq-system-service] 2023-04-15 20:23:01,805 DEBUG [HikariPool-1 housekeeper][HikariPool.java:421] - HikariPool-1 - Pool stats (total=10, active=0, idle=10, waiting=0)
[qq-system-service] 2023-04-15 20:23:01,805 DEBUG [HikariPool-1 housekeeper][HikariPool.java:517] - HikariPool-1 - Fill pool skipped, pool is at sufficient level.
[qq-system-service] 2023-04-15 20:23:14,473 DEBUG [HikariPool-1 connection closer][PoolBase.java:134] - HikariPool-1 - Closing connection com.mysql.jdbc.JDBC4Connection@72d10ef0: (connection has passed maxLifetime)
[qq-system-service] 2023-04-15 20:23:15,457 DEBUG [HikariPool-1 connection adder][HikariPool.java:728] - HikariPool-1 - Added connection com.mysql.jdbc.JDBC4Connection@1cc09377
[qq-system-service] 2023-04-15 20:23:31,819 DEBUG [HikariPool-1 housekeeper][HikariPool.java:421] - HikariPool-1 - Pool stats (total=10, active=0, idle=10, waiting=0)
[qq-system-service] 2023-04-15 20:23:31,820 DEBUG [HikariPool-1 housekeeper][HikariPool.java:517] - HikariPool-1 - Fill pool skipped, pool is at sufficient level.
[qq-system-service] 2023-04-15 20:23:41,607 DEBUG [HikariPool-1 connection closer][PoolBase.java:134] - HikariPool-1 - Closing connection com.mysql.jdbc.JDBC4Connection@3433cf4: (connection has passed maxLifetime)
[qq-system-service] 2023-04-15 20:23:42,549 DEBUG [HikariPool-1 connection adder][HikariPool.java:728] - HikariPool-1 - Added connection com.mysql.jdbc.JDBC4Connection@6abaa2da
[qq-system-service] 2023-04-15 20:23:47,033 DEBUG [HikariPool-1 connection closer][PoolBase.java:134] - HikariPool-1 - Closing connection com.mysql.jdbc.JDBC4Connection@5513f899: (connection has passed maxLifetime)
[qq-system-service] 2023-04-15 20:23:47,695 DEBUG [HikariPool-1 connection adder][HikariPool.java:728] - HikariPool-1 - Added connection com.mysql.jdbc.JDBC4Connection@a955d95
[qq-system-service] 2023-04-15 20:23:51,903 DEBUG [HikariPool-1 connection closer][PoolBase.java:134] - HikariPool-1 - Closing connection com.mysql.jdbc.JDBC4Connection@5bd02ccd: (connection has passed maxLifetime)
[qq-system-service] 2023-04-15 20:23:52,557 DEBUG [HikariPool-1 connection adder][HikariPool.java:728] - HikariPool-1 - Added connection com.mysql.jdbc.JDBC4Connection@edb23b9
[qq-system-service] 2023-04-15 20:24:01,828 DEBUG [HikariPool-1 housekeeper][HikariPool.java:421] - HikariPool-1 - Pool stats (total=10, active=0, idle=10, waiting=0)
[qq-system-service] 2023-04-15 20:24:01,828 DEBUG [HikariPool-1 housekeeper][HikariPool.java:517] - HikariPool-1 - Fill pool skipped, pool is at sufficient level.
[qq-system-service] 2023-04-15 20:24:25,197 DEBUG [HikariPool-1 connection closer][PoolBase.java:134] - HikariPool-1 - Closing connection com.mysql.jdbc.JDBC4Connection@369f2b00: (connection has passed maxLifetime)
[qq-system-service] 2023-04-15 20:24:25,819 DEBUG [HikariPool-1 connection adder][HikariPool.java:728] - HikariPool-1 - Added connection com.mysql.jdbc.JDBC4Connection@5ad26000
[qq-system-service] 2023-04-15 20:24:31,836 DEBUG [HikariPool-1 housekeeper][HikariPool.java:421] - HikariPool-1 - Pool stats (total=10, active=0, idle=10, waiting=0)
[qq-system-service] 2023-04-15 20:24:31,836 DEBUG [HikariPool-1 housekeeper][HikariPool.java:517] - HikariPool-1 - Fill pool skipped, pool is at sufficient level.
[qq-system-service] 2023-04-15 20:25:01,849 DEBUG [HikariPool-1 housekeeper][HikariPool.java:421] - HikariPool-1 - Pool stats (total=10, active=0, idle=10, waiting=0)
[qq-system-service] 2023-04-15 20:25:01,849 DEBUG [HikariPool-1 housekeeper][HikariPool.java:517] - HikariPool-1 - Fill pool skipped, pool is at sufficient level.
[qq-system-service] 2023-04-15 20:25:18,575 DEBUG [HikariPool-1 connection closer][PoolBase.java:134] - HikariPool-1 - Closing connection com.mysql.jdbc.JDBC4Connection@57b772ec: (connection has passed maxLifetime)
[qq-system-service] 2023-04-15 20:25:19,487 DEBUG [HikariPool-1 connection adder][HikariPool.java:728] - HikariPool-1 - Added connection com.mysql.jdbc.JDBC4Connection@645b68e2
[qq-system-service] 2023-04-15 20:25:31,864 DEBUG [HikariPool-1 housekeeper][HikariPool.java:421] - HikariPool-1 - Pool stats (total=10, active=0, idle=10, waiting=0)
[qq-system-service] 2023-04-15 20:25:31,864 DEBUG [HikariPool-1 housekeeper][HikariPool.java:517] - HikariPool-1 - Fill pool skipped, pool is at sufficient level.
[qq-system-service] 2023-04-15 20:25:39,413 DEBUG [HikariPool-1 connection closer][PoolBase.java:134] - HikariPool-1 - Closing connection com.mysql.jdbc.JDBC4Connection@37988da3: (connection has passed maxLifetime)
[qq-system-service] 2023-04-15 20:25:41,711 DEBUG [HikariPool-1 connection adder][HikariPool.java:728] - HikariPool-1 - Added connection com.mysql.jdbc.JDBC4Connection@3fa8174b
[qq-system-service] 2023-04-15 20:25:45,510 DEBUG [HikariPool-1 connection closer][PoolBase.java:134] - HikariPool-1 - Closing connection com.mysql.jdbc.JDBC4Connection@5ad790b7: (connection has passed maxLifetime)
[qq-system-service] 2023-04-15 20:26:01,872 DEBUG [HikariPool-1 housekeeper][HikariPool.java:421] - HikariPool-1 - Pool stats (total=9, active=0, idle=9, waiting=0)
[qq-system-service] 2023-04-15 20:26:01,872 DEBUG [HikariPool-1 housekeeper][HikariPool.java:517] - HikariPool-1 - Fill pool skipped, pool is at sufficient level.
[qq-system-service] 2023-04-15 20:26:15,517 DEBUG [HikariPool-1 connection adder][PoolBase.java:372] - HikariPool-1 - Failed to create/setup connection: Communications link failure

The last packet sent successfully to the server was 0 milliseconds ago. The driver has not received any packets from the server.
[qq-system-service] 2023-04-15 20:26:15,517 DEBUG [HikariPool-1 connection adder][HikariPool.java:503] - HikariPool-1 - Cannot acquire connection from data source
com.mysql.jdbc.exceptions.jdbc4.CommunicationsException: Communications link failure

The last packet sent successfully to the server was 0 milliseconds ago. The driver has not received any packets from the server.
	at sun.reflect.NativeConstructorAccessorImpl.newInstance0(Native Method)
	at sun.reflect.NativeConstructorAccessorImpl.newInstance(NativeConstructorAccessorImpl.java:62)
	at sun.reflect.DelegatingConstructorAccessorImpl.newInstance(DelegatingConstructorAccessorImpl.java:45)
	at java.lang.reflect.Constructor.newInstance(Constructor.java:423)
	at com.mysql.jdbc.Util.handleNewInstance(Util.java:425)
	at com.mysql.jdbc.SQLError.createCommunicationsException(SQLError.java:990)
	at com.mysql.jdbc.MysqlIO.readPacket(MysqlIO.java:633)
	at com.mysql.jdbc.MysqlIO.doHandshake(MysqlIO.java:1014)
	at com.mysql.jdbc.ConnectionImpl.coreConnect(ConnectionImpl.java:2199)
	at com.mysql.jdbc.ConnectionImpl.connectOneTryOnly(ConnectionImpl.java:2230)
	at com.mysql.jdbc.ConnectionImpl.createNewIO(ConnectionImpl.java:2025)
	at com.mysql.jdbc.ConnectionImpl.<init>(ConnectionImpl.java:778)
	at com.mysql.jdbc.JDBC4Connection.<init>(JDBC4Connection.java:47)
	at sun.reflect.GeneratedConstructorAccessor73.newInstance(Unknown Source)
	at sun.reflect.DelegatingConstructorAccessorImpl.newInstance(DelegatingConstructorAccessorImpl.java:45)
	at java.lang.reflect.Constructor.newInstance(Constructor.java:423)
	at com.mysql.jdbc.Util.handleNewInstance(Util.java:425)
	at com.mysql.jdbc.ConnectionImpl.getInstance(ConnectionImpl.java:386)
	at com.mysql.jdbc.NonRegisteringDriver.connect(NonRegisteringDriver.java:330)
	at com.zaxxer.hikari.util.DriverDataSource.getConnection(DriverDataSource.java:138)
	at com.zaxxer.hikari.pool.PoolBase.newConnection(PoolBase.java:358)
	at com.zaxxer.hikari.pool.PoolBase.newPoolEntry(PoolBase.java:206)
	at com.zaxxer.hikari.pool.HikariPool.createPoolEntry(HikariPool.java:477)
	at com.zaxxer.hikari.pool.HikariPool.access$100(HikariPool.java:71)
	at com.zaxxer.hikari.pool.HikariPool$PoolEntryCreator.call(HikariPool.java:725)
	at com.zaxxer.hikari.pool.HikariPool$PoolEntryCreator.call(HikariPool.java:711)
	at java.util.concurrent.FutureTask.run(FutureTask.java:266)
	at java.util.concurrent.ThreadPoolExecutor.runWorker(ThreadPoolExecutor.java:1149)
	at java.util.concurrent.ThreadPoolExecutor$Worker.run(ThreadPoolExecutor.java:624)
	at java.lang.Thread.run(Thread.java:748)
Caused by: java.net.SocketTimeoutException: Read timed out
	at java.net.SocketInputStream.socketRead0(Native Method)
	at java.net.SocketInputStream.socketRead(SocketInputStream.java:116)
	at java.net.SocketInputStream.read(SocketInputStream.java:171)
	at java.net.SocketInputStream.read(SocketInputStream.java:141)
	at com.mysql.jdbc.util.ReadAheadInputStream.fill(ReadAheadInputStream.java:101)
	at com.mysql.jdbc.util.ReadAheadInputStream.readFromUnderlyingStreamIfNecessary(ReadAheadInputStream.java:144)
	at com.mysql.jdbc.util.ReadAheadInputStream.read(ReadAheadInputStream.java:174)
	at com.mysql.jdbc.MysqlIO.readFully(MysqlIO.java:3011)
	at com.mysql.jdbc.MysqlIO.readPacket(MysqlIO.java:568)
	... 23 more
[qq-system-service] 2023-04-15 20:26:22,671 DEBUG [HikariPool-1 connection adder][HikariPool.java:728] - HikariPool-1 - Added connection com.mysql.jdbc.JDBC4Connection@3b6ecb9b
[qq-system-service] 2023-04-15 20:26:31,384 DEBUG [HikariPool-1 connection closer][PoolBase.java:134] - HikariPool-1 - Closing connection com.mysql.jdbc.JDBC4Connection@70a6a4d6: (connection has passed maxLifetime)
[qq-system-service] 2023-04-15 20:26:31,879 DEBUG [HikariPool-1 housekeeper][HikariPool.java:421] - HikariPool-1 - Pool stats (total=9, active=0, idle=9, waiting=0)
[qq-system-service] 2023-04-15 20:26:31,879 DEBUG [HikariPool-1 housekeeper][HikariPool.java:517] - HikariPool-1 - Fill pool skipped, pool is at sufficient level.
[qq-system-service] 2023-04-15 20:26:34,195 DEBUG [HikariPool-1 connection adder][HikariPool.java:728] - HikariPool-1 - Added connection com.mysql.jdbc.JDBC4Connection@61350ab7
[qq-system-service] 2023-04-15 20:27:01,892 DEBUG [HikariPool-1 housekeeper][HikariPool.java:421] - HikariPool-1 - Pool stats (total=10, active=0, idle=10, waiting=0)
[qq-system-service] 2023-04-15 20:27:01,892 DEBUG [HikariPool-1 housekeeper][HikariPool.java:517] - HikariPool-1 - Fill pool skipped, pool is at sufficient level.
[qq-system-service] 2023-04-15 20:27:13,588 DEBUG [HikariPool-1 connection closer][PoolBase.java:134] - HikariPool-1 - Closing connection com.mysql.jdbc.JDBC4Connection@25d6c4: (connection has passed maxLifetime)
[qq-system-service] 2023-04-15 20:27:13,992 DEBUG [HikariPool-1 connection adder][HikariPool.java:728] - HikariPool-1 - Added connection com.mysql.jdbc.JDBC4Connection@18dd5bd9
[qq-system-service] 2023-04-15 20:27:31,903 DEBUG [HikariPool-1 housekeeper][HikariPool.java:421] - HikariPool-1 - Pool stats (total=10, active=0, idle=10, waiting=0)
[qq-system-service] 2023-04-15 20:27:31,903 DEBUG [HikariPool-1 housekeeper][HikariPool.java:517] - HikariPool-1 - Fill pool skipped, pool is at sufficient level.
[qq-system-service] 2023-04-15 20:28:01,905 DEBUG [HikariPool-1 housekeeper][HikariPool.java:421] - HikariPool-1 - Pool stats (total=10, active=0, idle=10, waiting=0)
[qq-system-service] 2023-04-15 20:28:01,905 DEBUG [HikariPool-1 housekeeper][HikariPool.java:517] - HikariPool-1 - Fill pool skipped, pool is at sufficient level.
[qq-system-service] 2023-04-15 20:28:31,918 DEBUG [HikariPool-1 housekeeper][HikariPool.java:421] - HikariPool-1 - Pool stats (total=10, active=0, idle=10, waiting=0)
[qq-system-service] 2023-04-15 20:28:31,918 DEBUG [HikariPool-1 housekeeper][HikariPool.java:517] - HikariPool-1 - Fill pool skipped, pool is at sufficient level.
[qq-system-service] 2023-04-15 20:29:01,924 DEBUG [HikariPool-1 housekeeper][HikariPool.java:421] - HikariPool-1 - Pool stats (total=10, active=0, idle=10, waiting=0)
[qq-system-service] 2023-04-15 20:29:01,924 DEBUG [HikariPool-1 housekeeper][HikariPool.java:517] - HikariPool-1 - Fill pool skipped, pool is at sufficient level.
[qq-system-service] 2023-04-15 20:29:31,926 DEBUG [HikariPool-1 housekeeper][HikariPool.java:421] - HikariPool-1 - Pool stats (total=10, active=0, idle=10, waiting=0)
[qq-system-service] 2023-04-15 20:29:31,926 DEBUG [HikariPool-1 housekeeper][HikariPool.java:517] - HikariPool-1 - Fill pool skipped, pool is at sufficient level.
[qq-system-service] 2023-04-15 20:30:01,933 DEBUG [HikariPool-1 housekeeper][HikariPool.java:421] - HikariPool-1 - Pool stats (total=10, active=0, idle=10, waiting=0)
[qq-system-service] 2023-04-15 20:30:01,933 DEBUG [HikariPool-1 housekeeper][HikariPool.java:517] - HikariPool-1 - Fill pool skipped, pool is at sufficient level.
[qq-system-service] 2023-04-15 20:30:31,934 DEBUG [HikariPool-1 housekeeper][HikariPool.java:421] - HikariPool-1 - Pool stats (total=10, active=0, idle=10, waiting=0)
[qq-system-service] 2023-04-15 20:30:31,934 DEBUG [HikariPool-1 housekeeper][HikariPool.java:517] - HikariPool-1 - Fill pool skipped, pool is at sufficient level.
[qq-system-service] 2023-04-15 20:31:01,943 DEBUG [HikariPool-1 housekeeper][HikariPool.java:421] - HikariPool-1 - Pool stats (total=10, active=0, idle=10, waiting=0)
[qq-system-service] 2023-04-15 20:31:01,943 DEBUG [HikariPool-1 housekeeper][HikariPool.java:517] - HikariPool-1 - Fill pool skipped, pool is at sufficient level.
[qq-system-service] 2023-04-15 20:31:18,004 INFO [lettuce-nioEventLoop-4-1][AbstractInternalLogger.java:217] - [channel=0xdd18d70d, /192.168.1.6:9281 -> /152.32.252.204:6379, chid=0x1] Unexpected exception during request: java.io.IOException: 远程主机强迫关闭了一个现有的连接。
java.io.IOException: 远程主机强迫关闭了一个现有的连接。
	at sun.nio.ch.SocketDispatcher.read0(Native Method)
	at sun.nio.ch.SocketDispatcher.read(SocketDispatcher.java:43)
	at sun.nio.ch.IOUtil.readIntoNativeBuffer(IOUtil.java:223)
	at sun.nio.ch.IOUtil.read(IOUtil.java:192)
	at sun.nio.ch.SocketChannelImpl.read(SocketChannelImpl.java:380)
	at io.netty.buffer.PooledByteBuf.setBytes(PooledByteBuf.java:253)
	at io.netty.buffer.AbstractByteBuf.writeBytes(AbstractByteBuf.java:1134)
	at io.netty.channel.socket.nio.NioSocketChannel.doReadBytes(NioSocketChannel.java:350)
	at io.netty.channel.nio.AbstractNioByteChannel$NioByteUnsafe.read(AbstractNioByteChannel.java:151)
	at io.netty.channel.nio.NioEventLoop.processSelectedKey(NioEventLoop.java:719)
	at io.netty.channel.nio.NioEventLoop.processSelectedKeysOptimized(NioEventLoop.java:655)
	at io.netty.channel.nio.NioEventLoop.processSelectedKeys(NioEventLoop.java:581)
	at io.netty.channel.nio.NioEventLoop.run(NioEventLoop.java:493)
	at io.netty.util.concurrent.SingleThreadEventExecutor$4.run(SingleThreadEventExecutor.java:989)
	at io.netty.util.internal.ThreadExecutorMap$2.run(ThreadExecutorMap.java:74)
	at io.netty.util.concurrent.FastThreadLocalRunnable.run(FastThreadLocalRunnable.java:30)
	at java.lang.Thread.run(Thread.java:748)
[qq-system-service] 2023-04-15 20:31:18,019 DEBUG [lettuce-nioEventLoop-4-1][CommandHandler.java:332] - [channel=0xdd18d70d, /192.168.1.6:9281 -> /152.32.252.204:6379, chid=0x1] channelInactive()
[qq-system-service] 2023-04-15 20:31:18,022 DEBUG [lettuce-nioEventLoop-4-1][DefaultEndpoint.java:463] - [channel=0xdd18d70d, /192.168.1.6:9281 -> /152.32.252.204:6379, epid=0x1] deactivating endpoint handler
[qq-system-service] 2023-04-15 20:31:18,022 DEBUG [lettuce-nioEventLoop-4-1][DefaultEndpoint.java:645] - [channel=0xdd18d70d, /192.168.1.6:9281 -> /152.32.252.204:6379, epid=0x1] notifyQueuedCommands adding 0 command(s) to buffer
[qq-system-service] 2023-04-15 20:31:18,022 DEBUG [lettuce-nioEventLoop-4-1][CommandHandler.java:358] - [channel=0xdd18d70d, /192.168.1.6:9281 -> /152.32.252.204:6379, chid=0x1] channelInactive() done
[qq-system-service] 2023-04-15 20:31:18,023 DEBUG [lettuce-nioEventLoop-4-1][ConnectionWatchdog.java:188] - [channel=0xdd18d70d, /192.168.1.6:9281 -> /152.32.252.204:6379, last known addr=/152.32.252.204:6379] channelInactive()
[qq-system-service] 2023-04-15 20:31:18,023 DEBUG [lettuce-nioEventLoop-4-1][ConnectionWatchdog.java:218] - [channel=0xdd18d70d, /192.168.1.6:9281 -> /152.32.252.204:6379, last known addr=/152.32.252.204:6379] scheduleReconnect()
[qq-system-service] 2023-04-15 20:31:18,024 DEBUG [lettuce-nioEventLoop-4-1][ConnectionWatchdog.java:235] - [channel=0xdd18d70d, /192.168.1.6:9281 -> /152.32.252.204:6379, last known addr=/152.32.252.204:6379] Reconnect attempt 1, delay 1ms
[qq-system-service] 2023-04-15 20:31:18,033 DEBUG [lettuce-nioEventLoop-4-1][CommandHandler.java:198] - [channel=0xdd18d70d, /192.168.1.6:9281 -> /152.32.252.204:6379, chid=0x1] channelUnregistered()
[qq-system-service] 2023-04-15 20:31:18,137 INFO [lettuce-eventExecutorLoop-1-2][AbstractInternalLogger.java:171] - Reconnecting, last destination was /152.32.252.204:6379
[qq-system-service] 2023-04-15 20:31:18,153 DEBUG [lettuce-eventExecutorLoop-1-2][RedisClient.java:775] - Resolved SocketAddress 152.32.252.204:6379 using RedisURI [host='152.32.252.204', port=6379]
[qq-system-service] 2023-04-15 20:31:18,157 DEBUG [lettuce-eventExecutorLoop-1-2][ReconnectionHandler.java:126] - Reconnecting to Redis at 152.32.252.204:6379
[qq-system-service] 2023-04-15 20:31:18,165 DEBUG [lettuce-nioEventLoop-4-2][CommandHandler.java:181] - [channel=0x2bb0441f, [id: 0x7fcdb7f3] (inactive), chid=0x2] channelRegistered()
[qq-system-service] 2023-04-15 20:31:18,214 DEBUG [lettuce-nioEventLoop-4-2][CommandHandler.java:294] - [channel=0x2bb0441f, /192.168.1.6:9286 -> /152.32.252.204:6379, chid=0x2] channelActive()
[qq-system-service] 2023-04-15 20:31:18,214 DEBUG [lettuce-nioEventLoop-4-2][DefaultEndpoint.java:421] - [channel=0x2bb0441f, /192.168.1.6:9286 -> /152.32.252.204:6379, epid=0x1] activateEndpointAndExecuteBufferedCommands 0 command(s) buffered
[qq-system-service] 2023-04-15 20:31:18,214 DEBUG [lettuce-nioEventLoop-4-2][DefaultEndpoint.java:426] - [channel=0x2bb0441f, /192.168.1.6:9286 -> /152.32.252.204:6379, epid=0x1] activating endpoint
[qq-system-service] 2023-04-15 20:31:18,214 DEBUG [lettuce-nioEventLoop-4-2][DefaultEndpoint.java:508] - [channel=0x2bb0441f, /192.168.1.6:9286 -> /152.32.252.204:6379, epid=0x1] flushCommands()
[qq-system-service] 2023-04-15 20:31:18,214 DEBUG [lettuce-nioEventLoop-4-2][DefaultEndpoint.java:523] - [channel=0x2bb0441f, /192.168.1.6:9286 -> /152.32.252.204:6379, epid=0x1] flushCommands() Flushing 0 commands
[qq-system-service] 2023-04-15 20:31:18,214 DEBUG [lettuce-nioEventLoop-4-2][ConnectionWatchdog.java:180] - [channel=0x2bb0441f, /192.168.1.6:9286 -> /152.32.252.204:6379, last known addr=/152.32.252.204:6379] channelActive()
[qq-system-service] 2023-04-15 20:31:18,214 DEBUG [lettuce-nioEventLoop-4-2][CommandHandler.java:308] - [channel=0x2bb0441f, /192.168.1.6:9286 -> /152.32.252.204:6379, chid=0x2] channelActive() done
[qq-system-service] 2023-04-15 20:31:18,216 INFO [lettuce-nioEventLoop-4-2][ReconnectionHandler.java:191] - Reconnected to 152.32.252.204:6379, Channel channel=0x2bb0441f, /192.168.1.6:9286 -> /152.32.252.204:6379
[qq-system-service] 2023-04-15 20:31:18,216 DEBUG [lettuce-nioEventLoop-4-2][ConnectionWatchdog.java:148] - [channel=0x2bb0441f, /192.168.1.6:9286 -> /152.32.252.204:6379, last known addr=/152.32.252.204:6379] userEventTriggered(ctx, io.lettuce.core.ConnectionEvents$Activated@2c6f3514)
[qq-system-service] 2023-04-15 20:31:31,950 DEBUG [HikariPool-1 housekeeper][HikariPool.java:421] - HikariPool-1 - Pool stats (total=10, active=0, idle=10, waiting=0)
[qq-system-service] 2023-04-15 20:31:31,950 DEBUG [HikariPool-1 housekeeper][HikariPool.java:517] - HikariPool-1 - Fill pool skipped, pool is at sufficient level.
[qq-system-service] 2023-04-15 20:32:01,953 DEBUG [HikariPool-1 housekeeper][HikariPool.java:421] - HikariPool-1 - Pool stats (total=10, active=0, idle=10, waiting=0)
[qq-system-service] 2023-04-15 20:32:01,953 DEBUG [HikariPool-1 housekeeper][HikariPool.java:517] - HikariPool-1 - Fill pool skipped, pool is at sufficient level.
[qq-system-service] 2023-04-15 20:32:31,955 DEBUG [HikariPool-1 housekeeper][HikariPool.java:421] - HikariPool-1 - Pool stats (total=10, active=0, idle=10, waiting=0)
[qq-system-service] 2023-04-15 20:32:31,955 DEBUG [HikariPool-1 housekeeper][HikariPool.java:517] - HikariPool-1 - Fill pool skipped, pool is at sufficient level.
[qq-system-service] 2023-04-15 20:33:01,957 DEBUG [HikariPool-1 housekeeper][HikariPool.java:421] - HikariPool-1 - Pool stats (total=10, active=0, idle=10, waiting=0)
[qq-system-service] 2023-04-15 20:33:01,957 DEBUG [HikariPool-1 housekeeper][HikariPool.java:517] - HikariPool-1 - Fill pool skipped, pool is at sufficient level.
[qq-system-service] 2023-04-15 20:33:31,968 DEBUG [HikariPool-1 housekeeper][HikariPool.java:421] - HikariPool-1 - Pool stats (total=10, active=0, idle=10, waiting=0)
[qq-system-service] 2023-04-15 20:33:31,968 DEBUG [HikariPool-1 housekeeper][HikariPool.java:517] - HikariPool-1 - Fill pool skipped, pool is at sufficient level.
[qq-system-service] 2023-04-15 20:34:01,982 DEBUG [HikariPool-1 housekeeper][HikariPool.java:421] - HikariPool-1 - Pool stats (total=10, active=0, idle=10, waiting=0)
[qq-system-service] 2023-04-15 20:34:01,982 DEBUG [HikariPool-1 housekeeper][HikariPool.java:517] - HikariPool-1 - Fill pool skipped, pool is at sufficient level.
[qq-system-service] 2023-04-15 20:34:31,984 DEBUG [HikariPool-1 housekeeper][HikariPool.java:421] - HikariPool-1 - Pool stats (total=10, active=0, idle=10, waiting=0)
[qq-system-service] 2023-04-15 20:34:31,984 DEBUG [HikariPool-1 housekeeper][HikariPool.java:517] - HikariPool-1 - Fill pool skipped, pool is at sufficient level.
[qq-system-service] 2023-04-15 20:35:01,991 DEBUG [HikariPool-1 housekeeper][HikariPool.java:421] - HikariPool-1 - Pool stats (total=10, active=0, idle=10, waiting=0)
[qq-system-service] 2023-04-15 20:35:01,991 DEBUG [HikariPool-1 housekeeper][HikariPool.java:517] - HikariPool-1 - Fill pool skipped, pool is at sufficient level.
[qq-system-service] 2023-04-15 20:35:32,001 DEBUG [HikariPool-1 housekeeper][HikariPool.java:421] - HikariPool-1 - Pool stats (total=10, active=0, idle=10, waiting=0)
[qq-system-service] 2023-04-15 20:35:32,001 DEBUG [HikariPool-1 housekeeper][HikariPool.java:517] - HikariPool-1 - Fill pool skipped, pool is at sufficient level.
[qq-system-service] 2023-04-15 20:36:02,016 DEBUG [HikariPool-1 housekeeper][HikariPool.java:421] - HikariPool-1 - Pool stats (total=10, active=0, idle=10, waiting=0)
[qq-system-service] 2023-04-15 20:36:02,016 DEBUG [HikariPool-1 housekeeper][HikariPool.java:517] - HikariPool-1 - Fill pool skipped, pool is at sufficient level.
[qq-system-service] 2023-04-15 20:36:32,027 DEBUG [HikariPool-1 housekeeper][HikariPool.java:421] - HikariPool-1 - Pool stats (total=10, active=0, idle=10, waiting=0)
[qq-system-service] 2023-04-15 20:36:32,027 DEBUG [HikariPool-1 housekeeper][HikariPool.java:517] - HikariPool-1 - Fill pool skipped, pool is at sufficient level.
[qq-system-service] 2023-04-15 20:37:02,038 DEBUG [HikariPool-1 housekeeper][HikariPool.java:421] - HikariPool-1 - Pool stats (total=10, active=0, idle=10, waiting=0)
[qq-system-service] 2023-04-15 20:37:02,038 DEBUG [HikariPool-1 housekeeper][HikariPool.java:517] - HikariPool-1 - Fill pool skipped, pool is at sufficient level.
[qq-system-service] 2023-04-15 20:37:32,040 DEBUG [HikariPool-1 housekeeper][HikariPool.java:421] - HikariPool-1 - Pool stats (total=10, active=0, idle=10, waiting=0)
[qq-system-service] 2023-04-15 20:37:32,040 DEBUG [HikariPool-1 housekeeper][HikariPool.java:517] - HikariPool-1 - Fill pool skipped, pool is at sufficient level.
[qq-system-service] 2023-04-15 20:38:02,050 DEBUG [HikariPool-1 housekeeper][HikariPool.java:421] - HikariPool-1 - Pool stats (total=10, active=0, idle=10, waiting=0)
[qq-system-service] 2023-04-15 20:38:02,050 DEBUG [HikariPool-1 housekeeper][HikariPool.java:517] - HikariPool-1 - Fill pool skipped, pool is at sufficient level.
[qq-system-service] 2023-04-15 20:38:32,059 DEBUG [HikariPool-1 housekeeper][HikariPool.java:421] - HikariPool-1 - Pool stats (total=10, active=0, idle=10, waiting=0)
[qq-system-service] 2023-04-15 20:38:32,059 DEBUG [HikariPool-1 housekeeper][HikariPool.java:517] - HikariPool-1 - Fill pool skipped, pool is at sufficient level.
[qq-system-service] 2023-04-15 20:39:02,068 DEBUG [HikariPool-1 housekeeper][HikariPool.java:421] - HikariPool-1 - Pool stats (total=10, active=0, idle=10, waiting=0)
[qq-system-service] 2023-04-15 20:39:02,068 DEBUG [HikariPool-1 housekeeper][HikariPool.java:517] - HikariPool-1 - Fill pool skipped, pool is at sufficient level.
[qq-system-service] 2023-04-15 20:39:32,079 DEBUG [HikariPool-1 housekeeper][HikariPool.java:421] - HikariPool-1 - Pool stats (total=10, active=0, idle=10, waiting=0)
[qq-system-service] 2023-04-15 20:39:32,079 DEBUG [HikariPool-1 housekeeper][HikariPool.java:517] - HikariPool-1 - Fill pool skipped, pool is at sufficient level.
[qq-system-service] 2023-04-15 20:40:02,079 DEBUG [HikariPool-1 housekeeper][HikariPool.java:421] - HikariPool-1 - Pool stats (total=10, active=0, idle=10, waiting=0)
[qq-system-service] 2023-04-15 20:40:02,079 DEBUG [HikariPool-1 housekeeper][HikariPool.java:517] - HikariPool-1 - Fill pool skipped, pool is at sufficient level.
[qq-system-service] 2023-04-15 20:40:32,087 DEBUG [HikariPool-1 housekeeper][HikariPool.java:421] - HikariPool-1 - Pool stats (total=10, active=0, idle=10, waiting=0)
[qq-system-service] 2023-04-15 20:40:32,087 DEBUG [HikariPool-1 housekeeper][HikariPool.java:517] - HikariPool-1 - Fill pool skipped, pool is at sufficient level.
[qq-system-service] 2023-04-15 20:41:02,089 DEBUG [HikariPool-1 housekeeper][HikariPool.java:421] - HikariPool-1 - Pool stats (total=10, active=0, idle=10, waiting=0)
[qq-system-service] 2023-04-15 20:41:02,089 DEBUG [HikariPool-1 housekeeper][HikariPool.java:517] - HikariPool-1 - Fill pool skipped, pool is at sufficient level.
[qq-system-service] 2023-04-15 20:41:32,091 DEBUG [HikariPool-1 housekeeper][HikariPool.java:421] - HikariPool-1 - Pool stats (total=10, active=0, idle=10, waiting=0)
[qq-system-service] 2023-04-15 20:41:32,091 DEBUG [HikariPool-1 housekeeper][HikariPool.java:517] - HikariPool-1 - Fill pool skipped, pool is at sufficient level.
[qq-system-service] 2023-04-15 20:42:02,095 DEBUG [HikariPool-1 housekeeper][HikariPool.java:421] - HikariPool-1 - Pool stats (total=10, active=0, idle=10, waiting=0)
[qq-system-service] 2023-04-15 20:42:02,095 DEBUG [HikariPool-1 housekeeper][HikariPool.java:517] - HikariPool-1 - Fill pool skipped, pool is at sufficient level.
[qq-system-service] 2023-04-15 20:42:32,103 DEBUG [HikariPool-1 housekeeper][HikariPool.java:421] - HikariPool-1 - Pool stats (total=10, active=0, idle=10, waiting=0)
[qq-system-service] 2023-04-15 20:42:32,103 DEBUG [HikariPool-1 housekeeper][HikariPool.java:517] - HikariPool-1 - Fill pool skipped, pool is at sufficient level.
[qq-system-service] 2023-04-15 20:43:02,108 DEBUG [HikariPool-1 housekeeper][HikariPool.java:421] - HikariPool-1 - Pool stats (total=10, active=0, idle=10, waiting=0)
[qq-system-service] 2023-04-15 20:43:02,108 DEBUG [HikariPool-1 housekeeper][HikariPool.java:517] - HikariPool-1 - Fill pool skipped, pool is at sufficient level.
[qq-system-service] 2023-04-15 20:43:32,117 DEBUG [HikariPool-1 housekeeper][HikariPool.java:421] - HikariPool-1 - Pool stats (total=10, active=0, idle=10, waiting=0)
[qq-system-service] 2023-04-15 20:43:32,117 DEBUG [HikariPool-1 housekeeper][HikariPool.java:517] - HikariPool-1 - Fill pool skipped, pool is at sufficient level.
[qq-system-service] 2023-04-15 20:44:02,122 DEBUG [HikariPool-1 housekeeper][HikariPool.java:421] - HikariPool-1 - Pool stats (total=10, active=0, idle=10, waiting=0)
[qq-system-service] 2023-04-15 20:44:02,122 DEBUG [HikariPool-1 housekeeper][HikariPool.java:517] - HikariPool-1 - Fill pool skipped, pool is at sufficient level.
[qq-system-service] 2023-04-15 20:44:32,126 DEBUG [HikariPool-1 housekeeper][HikariPool.java:421] - HikariPool-1 - Pool stats (total=10, active=0, idle=10, waiting=0)
[qq-system-service] 2023-04-15 20:44:32,126 DEBUG [HikariPool-1 housekeeper][HikariPool.java:517] - HikariPool-1 - Fill pool skipped, pool is at sufficient level.
[qq-system-service] 2023-04-15 20:45:02,136 DEBUG [HikariPool-1 housekeeper][HikariPool.java:421] - HikariPool-1 - Pool stats (total=10, active=0, idle=10, waiting=0)
[qq-system-service] 2023-04-15 20:45:02,136 DEBUG [HikariPool-1 housekeeper][HikariPool.java:517] - HikariPool-1 - Fill pool skipped, pool is at sufficient level.
[qq-system-service] 2023-04-15 20:45:32,138 DEBUG [HikariPool-1 housekeeper][HikariPool.java:421] - HikariPool-1 - Pool stats (total=10, active=0, idle=10, waiting=0)
[qq-system-service] 2023-04-15 20:45:32,138 DEBUG [HikariPool-1 housekeeper][HikariPool.java:517] - HikariPool-1 - Fill pool skipped, pool is at sufficient level.
[qq-system-service] 2023-04-15 20:46:02,147 DEBUG [HikariPool-1 housekeeper][HikariPool.java:421] - HikariPool-1 - Pool stats (total=10, active=0, idle=10, waiting=0)
[qq-system-service] 2023-04-15 20:46:02,147 DEBUG [HikariPool-1 housekeeper][HikariPool.java:517] - HikariPool-1 - Fill pool skipped, pool is at sufficient level.
[qq-system-service] 2023-04-15 20:46:32,161 DEBUG [HikariPool-1 housekeeper][HikariPool.java:421] - HikariPool-1 - Pool stats (total=10, active=0, idle=10, waiting=0)
[qq-system-service] 2023-04-15 20:46:32,161 DEBUG [HikariPool-1 housekeeper][HikariPool.java:517] - HikariPool-1 - Fill pool skipped, pool is at sufficient level.
[qq-system-service] 2023-04-15 20:47:02,171 DEBUG [HikariPool-1 housekeeper][HikariPool.java:421] - HikariPool-1 - Pool stats (total=10, active=0, idle=10, waiting=0)
[qq-system-service] 2023-04-15 20:47:02,171 DEBUG [HikariPool-1 housekeeper][HikariPool.java:517] - HikariPool-1 - Fill pool skipped, pool is at sufficient level.
[qq-system-service] 2023-04-15 20:47:32,183 DEBUG [HikariPool-1 housekeeper][HikariPool.java:421] - HikariPool-1 - Pool stats (total=10, active=0, idle=10, waiting=0)
[qq-system-service] 2023-04-15 20:47:32,183 DEBUG [HikariPool-1 housekeeper][HikariPool.java:517] - HikariPool-1 - Fill pool skipped, pool is at sufficient level.
[qq-system-service] 2023-04-15 20:48:02,197 DEBUG [HikariPool-1 housekeeper][HikariPool.java:421] - HikariPool-1 - Pool stats (total=10, active=0, idle=10, waiting=0)
[qq-system-service] 2023-04-15 20:48:02,197 DEBUG [HikariPool-1 housekeeper][HikariPool.java:517] - HikariPool-1 - Fill pool skipped, pool is at sufficient level.
[qq-system-service] 2023-04-15 20:48:32,212 DEBUG [HikariPool-1 housekeeper][HikariPool.java:421] - HikariPool-1 - Pool stats (total=10, active=0, idle=10, waiting=0)
[qq-system-service] 2023-04-15 20:48:32,212 DEBUG [HikariPool-1 housekeeper][HikariPool.java:517] - HikariPool-1 - Fill pool skipped, pool is at sufficient level.
[qq-system-service] 2023-04-15 20:49:02,213 DEBUG [HikariPool-1 housekeeper][HikariPool.java:421] - HikariPool-1 - Pool stats (total=10, active=0, idle=10, waiting=0)
[qq-system-service] 2023-04-15 20:49:02,213 DEBUG [HikariPool-1 housekeeper][HikariPool.java:517] - HikariPool-1 - Fill pool skipped, pool is at sufficient level.
[qq-system-service] 2023-04-15 20:49:32,214 DEBUG [HikariPool-1 housekeeper][HikariPool.java:421] - HikariPool-1 - Pool stats (total=10, active=0, idle=10, waiting=0)
[qq-system-service] 2023-04-15 20:49:32,214 DEBUG [HikariPool-1 housekeeper][HikariPool.java:517] - HikariPool-1 - Fill pool skipped, pool is at sufficient level.
[qq-system-service] 2023-04-15 20:50:02,217 DEBUG [HikariPool-1 housekeeper][HikariPool.java:421] - HikariPool-1 - Pool stats (total=10, active=0, idle=10, waiting=0)
[qq-system-service] 2023-04-15 20:50:02,217 DEBUG [HikariPool-1 housekeeper][HikariPool.java:517] - HikariPool-1 - Fill pool skipped, pool is at sufficient level.
[qq-system-service] 2023-04-15 20:50:32,224 DEBUG [HikariPool-1 housekeeper][HikariPool.java:421] - HikariPool-1 - Pool stats (total=10, active=0, idle=10, waiting=0)
[qq-system-service] 2023-04-15 20:50:32,224 DEBUG [HikariPool-1 housekeeper][HikariPool.java:517] - HikariPool-1 - Fill pool skipped, pool is at sufficient level.
[qq-system-service] 2023-04-15 20:51:02,239 DEBUG [HikariPool-1 housekeeper][HikariPool.java:421] - HikariPool-1 - Pool stats (total=10, active=0, idle=10, waiting=0)
[qq-system-service] 2023-04-15 20:51:02,239 DEBUG [HikariPool-1 housekeeper][HikariPool.java:517] - HikariPool-1 - Fill pool skipped, pool is at sufficient level.
[qq-system-service] 2023-04-15 20:51:32,247 DEBUG [HikariPool-1 housekeeper][HikariPool.java:421] - HikariPool-1 - Pool stats (total=10, active=0, idle=10, waiting=0)
[qq-system-service] 2023-04-15 20:51:32,247 DEBUG [HikariPool-1 housekeeper][HikariPool.java:517] - HikariPool-1 - Fill pool skipped, pool is at sufficient level.
[qq-system-service] 2023-04-15 20:52:02,253 DEBUG [HikariPool-1 housekeeper][HikariPool.java:421] - HikariPool-1 - Pool stats (total=10, active=0, idle=10, waiting=0)
[qq-system-service] 2023-04-15 20:52:02,253 DEBUG [HikariPool-1 housekeeper][HikariPool.java:517] - HikariPool-1 - Fill pool skipped, pool is at sufficient level.
[qq-system-service] 2023-04-15 20:52:32,266 DEBUG [HikariPool-1 housekeeper][HikariPool.java:421] - HikariPool-1 - Pool stats (total=10, active=0, idle=10, waiting=0)
[qq-system-service] 2023-04-15 20:52:32,266 DEBUG [HikariPool-1 housekeeper][HikariPool.java:517] - HikariPool-1 - Fill pool skipped, pool is at sufficient level.
[qq-system-service] 2023-04-15 20:52:55,188 DEBUG [HikariPool-1 connection closer][PoolBase.java:134] - HikariPool-1 - Closing connection com.mysql.jdbc.JDBC4Connection@1cc09377: (connection has passed maxLifetime)
[qq-system-service] 2023-04-15 20:52:56,671 DEBUG [HikariPool-1 connection adder][HikariPool.java:728] - HikariPool-1 - Added connection com.mysql.jdbc.JDBC4Connection@34916506
[qq-system-service] 2023-04-15 20:53:02,283 DEBUG [HikariPool-1 housekeeper][HikariPool.java:421] - HikariPool-1 - Pool stats (total=10, active=0, idle=10, waiting=0)
[qq-system-service] 2023-04-15 20:53:02,283 DEBUG [HikariPool-1 housekeeper][HikariPool.java:517] - HikariPool-1 - Fill pool skipped, pool is at sufficient level.
[qq-system-service] 2023-04-15 20:53:21,613 DEBUG [HikariPool-1 connection closer][PoolBase.java:134] - HikariPool-1 - Closing connection com.mysql.jdbc.JDBC4Connection@6abaa2da: (connection has passed maxLifetime)
[qq-system-service] 2023-04-15 20:53:22,447 DEBUG [HikariPool-1 connection adder][HikariPool.java:728] - HikariPool-1 - Added connection com.mysql.jdbc.JDBC4Connection@67cfae60
[qq-system-service] 2023-04-15 20:53:32,298 DEBUG [HikariPool-1 housekeeper][HikariPool.java:421] - HikariPool-1 - Pool stats (total=10, active=0, idle=10, waiting=0)
[qq-system-service] 2023-04-15 20:53:32,298 DEBUG [HikariPool-1 housekeeper][HikariPool.java:517] - HikariPool-1 - Fill pool skipped, pool is at sufficient level.
[qq-system-service] 2023-04-15 20:53:36,786 DEBUG [HikariPool-1 connection closer][PoolBase.java:134] - HikariPool-1 - Closing connection com.mysql.jdbc.JDBC4Connection@edb23b9: (connection has passed maxLifetime)
[qq-system-service] 2023-04-15 20:53:40,837 DEBUG [HikariPool-1 housekeeper][HikariPool.java:342] - HikariPool-1 - Add connection elided, waiting 0, queue 1
[qq-system-service] 2023-04-15 20:53:40,837 DEBUG [HikariPool-1 connection closer][PoolBase.java:134] - HikariPool-1 - Closing connection com.mysql.jdbc.JDBC4Connection@a955d95: (connection has passed maxLifetime)
[qq-system-service] 2023-04-15 20:53:54,282 DEBUG [HikariPool-1 connection adder][HikariPool.java:728] - HikariPool-1 - Added connection com.mysql.jdbc.JDBC4Connection@58612357
[qq-system-service] 2023-04-15 20:53:55,897 DEBUG [HikariPool-1 connection adder][HikariPool.java:728] - HikariPool-1 - Added connection com.mysql.jdbc.JDBC4Connection@384edc18
[qq-system-service] 2023-04-15 20:53:55,897 DEBUG [HikariPool-1 connection adder][HikariPool.java:421] - HikariPool-1 - After adding stats (total=10, active=0, idle=10, waiting=0)
[qq-system-service] 2023-04-15 20:54:02,301 DEBUG [HikariPool-1 housekeeper][HikariPool.java:421] - HikariPool-1 - Pool stats (total=10, active=0, idle=10, waiting=0)
[qq-system-service] 2023-04-15 20:54:02,301 DEBUG [HikariPool-1 housekeeper][HikariPool.java:517] - HikariPool-1 - Fill pool skipped, pool is at sufficient level.
[qq-system-service] 2023-04-15 20:54:15,664 DEBUG [HikariPool-1 connection closer][PoolBase.java:134] - HikariPool-1 - Closing connection com.mysql.jdbc.JDBC4Connection@5ad26000: (connection has passed maxLifetime)
[qq-system-service] 2023-04-15 20:54:16,087 DEBUG [HikariPool-1 connection adder][HikariPool.java:728] - HikariPool-1 - Added connection com.mysql.jdbc.JDBC4Connection@4dee2d76
[qq-system-service] 2023-04-15 20:54:32,309 DEBUG [HikariPool-1 housekeeper][HikariPool.java:421] - HikariPool-1 - Pool stats (total=10, active=0, idle=10, waiting=0)
[qq-system-service] 2023-04-15 20:54:32,309 DEBUG [HikariPool-1 housekeeper][HikariPool.java:517] - HikariPool-1 - Fill pool skipped, pool is at sufficient level.
[qq-system-service] 2023-04-15 20:54:54,101 DEBUG [HikariPool-1 connection closer][PoolBase.java:134] - HikariPool-1 - Closing connection com.mysql.jdbc.JDBC4Connection@645b68e2: (connection has passed maxLifetime)
[qq-system-service] 2023-04-15 20:54:55,041 DEBUG [HikariPool-1 connection adder][HikariPool.java:728] - HikariPool-1 - Added connection com.mysql.jdbc.JDBC4Connection@1cab61fd
[qq-system-service] 2023-04-15 20:55:02,310 DEBUG [HikariPool-1 housekeeper][HikariPool.java:421] - HikariPool-1 - Pool stats (total=10, active=0, idle=10, waiting=0)
[qq-system-service] 2023-04-15 20:55:02,310 DEBUG [HikariPool-1 housekeeper][HikariPool.java:517] - HikariPool-1 - Fill pool skipped, pool is at sufficient level.
[qq-system-service] 2023-04-15 20:55:32,319 DEBUG [HikariPool-1 housekeeper][HikariPool.java:421] - HikariPool-1 - Pool stats (total=10, active=0, idle=10, waiting=0)
[qq-system-service] 2023-04-15 20:55:32,319 DEBUG [HikariPool-1 housekeeper][HikariPool.java:517] - HikariPool-1 - Fill pool skipped, pool is at sufficient level.
[qq-system-service] 2023-04-15 20:55:33,218 DEBUG [HikariPool-1 connection closer][PoolBase.java:134] - HikariPool-1 - Closing connection com.mysql.jdbc.JDBC4Connection@3fa8174b: (connection has passed maxLifetime)
[qq-system-service] 2023-04-15 20:55:36,546 DEBUG [HikariPool-1 connection adder][HikariPool.java:728] - HikariPool-1 - Added connection com.mysql.jdbc.JDBC4Connection@58bc2e38
[qq-system-service] 2023-04-15 20:56:02,323 DEBUG [HikariPool-1 housekeeper][HikariPool.java:421] - HikariPool-1 - Pool stats (total=10, active=0, idle=10, waiting=0)
[qq-system-service] 2023-04-15 20:56:02,323 DEBUG [HikariPool-1 housekeeper][HikariPool.java:517] - HikariPool-1 - Fill pool skipped, pool is at sufficient level.
[qq-system-service] 2023-04-15 20:56:15,837 DEBUG [HikariPool-1 connection closer][PoolBase.java:134] - HikariPool-1 - Closing connection com.mysql.jdbc.JDBC4Connection@3b6ecb9b: (connection has passed maxLifetime)
[qq-system-service] 2023-04-15 20:56:17,069 DEBUG [HikariPool-1 connection adder][HikariPool.java:728] - HikariPool-1 - Added connection com.mysql.jdbc.JDBC4Connection@521dc4b1
[qq-system-service] 2023-04-15 20:56:27,153 DEBUG [HikariPool-1 connection closer][PoolBase.java:134] - HikariPool-1 - Closing connection com.mysql.jdbc.JDBC4Connection@61350ab7: (connection has passed maxLifetime)
[qq-system-service] 2023-04-15 20:56:27,581 DEBUG [HikariPool-1 connection adder][HikariPool.java:728] - HikariPool-1 - Added connection com.mysql.jdbc.JDBC4Connection@cd484a2
[qq-system-service] 2023-04-15 20:56:32,334 DEBUG [HikariPool-1 housekeeper][HikariPool.java:421] - HikariPool-1 - Pool stats (total=10, active=0, idle=10, waiting=0)
[qq-system-service] 2023-04-15 20:56:32,334 DEBUG [HikariPool-1 housekeeper][HikariPool.java:517] - HikariPool-1 - Fill pool skipped, pool is at sufficient level.
[qq-system-service] 2023-04-15 20:57:00,154 DEBUG [HikariPool-1 connection closer][PoolBase.java:134] - HikariPool-1 - Closing connection com.mysql.jdbc.JDBC4Connection@18dd5bd9: (connection has passed maxLifetime)
[qq-system-service] 2023-04-15 20:57:02,336 DEBUG [HikariPool-1 housekeeper][HikariPool.java:421] - HikariPool-1 - Pool stats (total=9, active=0, idle=9, waiting=0)
[qq-system-service] 2023-04-15 20:57:02,336 DEBUG [HikariPool-1 housekeeper][HikariPool.java:517] - HikariPool-1 - Fill pool skipped, pool is at sufficient level.
[qq-system-service] 2023-04-15 20:57:02,630 DEBUG [HikariPool-1 connection adder][HikariPool.java:728] - HikariPool-1 - Added connection com.mysql.jdbc.JDBC4Connection@1290fd7f
[qq-system-service] 2023-04-15 20:57:32,338 DEBUG [HikariPool-1 housekeeper][HikariPool.java:421] - HikariPool-1 - Pool stats (total=10, active=0, idle=10, waiting=0)
[qq-system-service] 2023-04-15 20:57:32,338 DEBUG [HikariPool-1 housekeeper][HikariPool.java:517] - HikariPool-1 - Fill pool skipped, pool is at sufficient level.
[qq-system-service] 2023-04-15 20:58:02,342 DEBUG [HikariPool-1 housekeeper][HikariPool.java:421] - HikariPool-1 - Pool stats (total=10, active=0, idle=10, waiting=0)
[qq-system-service] 2023-04-15 20:58:02,342 DEBUG [HikariPool-1 housekeeper][HikariPool.java:517] - HikariPool-1 - Fill pool skipped, pool is at sufficient level.
[qq-system-service] 2023-04-15 20:58:32,347 DEBUG [HikariPool-1 housekeeper][HikariPool.java:421] - HikariPool-1 - Pool stats (total=10, active=0, idle=10, waiting=0)
[qq-system-service] 2023-04-15 20:58:32,347 DEBUG [HikariPool-1 housekeeper][HikariPool.java:517] - HikariPool-1 - Fill pool skipped, pool is at sufficient level.
[qq-system-service] 2023-04-15 20:59:02,358 DEBUG [HikariPool-1 housekeeper][HikariPool.java:421] - HikariPool-1 - Pool stats (total=10, active=0, idle=10, waiting=0)
[qq-system-service] 2023-04-15 20:59:02,358 DEBUG [HikariPool-1 housekeeper][HikariPool.java:517] - HikariPool-1 - Fill pool skipped, pool is at sufficient level.
[qq-system-service] 2023-04-15 20:59:32,362 DEBUG [HikariPool-1 housekeeper][HikariPool.java:421] - HikariPool-1 - Pool stats (total=10, active=0, idle=10, waiting=0)
[qq-system-service] 2023-04-15 20:59:32,362 DEBUG [HikariPool-1 housekeeper][HikariPool.java:517] - HikariPool-1 - Fill pool skipped, pool is at sufficient level.
